[2025-01-04 23:54:35Z INFO HostContext] No proxy settings were found based on environmental variables (http_proxy/https_proxy/HTTP_PROXY/HTTPS_PROXY)
[2025-01-04 23:54:35Z INFO HostContext] Well known directory 'Bin': 'C:\myPrivateRepo\GH_Actions_Repo\actions-runner\actions-runner\bin'
[2025-01-04 23:54:35Z INFO HostContext] Well known directory 'Root': 'C:\myPrivateRepo\GH_Actions_Repo\actions-runner\actions-runner'
[2025-01-04 23:54:35Z INFO HostContext] Well known config file 'Credentials': 'C:\myPrivateRepo\GH_Actions_Repo\actions-runner\actions-runner\.credentials'
[2025-01-04 23:54:35Z INFO HostContext] Well known directory 'Bin': 'C:\myPrivateRepo\GH_Actions_Repo\actions-runner\actions-runner\bin'
[2025-01-04 23:54:35Z INFO HostContext] Well known directory 'Root': 'C:\myPrivateRepo\GH_Actions_Repo\actions-runner\actions-runner'
[2025-01-04 23:54:35Z INFO HostContext] Well known config file 'Runner': 'C:\myPrivateRepo\GH_Actions_Repo\actions-runner\actions-runner\.runner'
[2025-01-04 23:54:35Z INFO Listener] Runner is built for Windows (X64) - win-x64.
[2025-01-04 23:54:35Z INFO Listener] RuntimeInformation: Microsoft Windows 10.0.26100.
[2025-01-04 23:54:35Z INFO Listener] Version: 2.321.0
[2025-01-04 23:54:35Z INFO Listener] Commit: e249007931b7c8e857797fa259c167f0bd4f997a
[2025-01-04 23:54:35Z INFO Listener] Culture: en-SE
[2025-01-04 23:54:35Z INFO Listener] UI Culture: en-US
[2025-01-04 23:54:35Z INFO HostContext] Well known directory 'Bin': 'C:\myPrivateRepo\GH_Actions_Repo\actions-runner\actions-runner\bin'
[2025-01-04 23:54:35Z INFO HostContext] Well known directory 'Root': 'C:\myPrivateRepo\GH_Actions_Repo\actions-runner\actions-runner'
[2025-01-04 23:54:35Z INFO Listener] Validating directory permissions for: 'C:\myPrivateRepo\GH_Actions_Repo\actions-runner\actions-runner'
[2025-01-04 23:54:35Z INFO CommandLineParser] Parse
[2025-01-04 23:54:35Z INFO CommandLineParser] Parsing 5 args
[2025-01-04 23:54:35Z INFO CommandLineParser] parsing argument
[2025-01-04 23:54:35Z INFO CommandLineParser] HasArgs: False
[2025-01-04 23:54:35Z INFO CommandLineParser] Adding Command: configure
[2025-01-04 23:54:35Z INFO CommandLineParser] parsing argument
[2025-01-04 23:54:35Z INFO CommandLineParser] HasArgs: True
[2025-01-04 23:54:35Z INFO CommandLineParser] arg: url
[2025-01-04 23:54:35Z INFO CommandLineParser] parsing argument
[2025-01-04 23:54:35Z INFO CommandLineParser] HasArgs: True
[2025-01-04 23:54:35Z INFO CommandLineParser] Adding option 'url': 'https://github.com/ardfar68/GH_Actions_Repo'
[2025-01-04 23:54:35Z INFO CommandLineParser] parsing argument
[2025-01-04 23:54:35Z INFO CommandLineParser] HasArgs: True
[2025-01-04 23:54:35Z INFO CommandLineParser] arg: token
[2025-01-04 23:54:35Z INFO CommandLineParser] parsing argument
[2025-01-04 23:54:35Z INFO CommandLineParser] HasArgs: True
[2025-01-04 23:54:35Z INFO CommandLineParser] Adding option 'token': '***'
[2025-01-04 23:54:35Z INFO Listener] Arguments parsed
[2025-01-04 23:54:35Z INFO Runner] ExecuteCommand
[2025-01-04 23:54:35Z INFO ConfigurationStore] currentAssemblyLocation: C:\myPrivateRepo\GH_Actions_Repo\actions-runner\actions-runner\bin\Runner.Listener.dll
[2025-01-04 23:54:35Z INFO HostContext] Well known directory 'Bin': 'C:\myPrivateRepo\GH_Actions_Repo\actions-runner\actions-runner\bin'
[2025-01-04 23:54:35Z INFO ConfigurationStore] binPath: C:\myPrivateRepo\GH_Actions_Repo\actions-runner\actions-runner\bin
[2025-01-04 23:54:35Z INFO HostContext] Well known directory 'Bin': 'C:\myPrivateRepo\GH_Actions_Repo\actions-runner\actions-runner\bin'
[2025-01-04 23:54:35Z INFO HostContext] Well known directory 'Root': 'C:\myPrivateRepo\GH_Actions_Repo\actions-runner\actions-runner'
[2025-01-04 23:54:35Z INFO ConfigurationStore] RootFolder: C:\myPrivateRepo\GH_Actions_Repo\actions-runner\actions-runner
[2025-01-04 23:54:35Z INFO HostContext] Well known directory 'Bin': 'C:\myPrivateRepo\GH_Actions_Repo\actions-runner\actions-runner\bin'
[2025-01-04 23:54:35Z INFO HostContext] Well known directory 'Root': 'C:\myPrivateRepo\GH_Actions_Repo\actions-runner\actions-runner'
[2025-01-04 23:54:35Z INFO HostContext] Well known config file 'Runner': 'C:\myPrivateRepo\GH_Actions_Repo\actions-runner\actions-runner\.runner'
[2025-01-04 23:54:35Z INFO ConfigurationStore] ConfigFilePath: C:\myPrivateRepo\GH_Actions_Repo\actions-runner\actions-runner\.runner
[2025-01-04 23:54:35Z INFO HostContext] Well known directory 'Bin': 'C:\myPrivateRepo\GH_Actions_Repo\actions-runner\actions-runner\bin'
[2025-01-04 23:54:35Z INFO HostContext] Well known directory 'Root': 'C:\myPrivateRepo\GH_Actions_Repo\actions-runner\actions-runner'
[2025-01-04 23:54:35Z INFO HostContext] Well known config file 'Credentials': 'C:\myPrivateRepo\GH_Actions_Repo\actions-runner\actions-runner\.credentials'
[2025-01-04 23:54:35Z INFO ConfigurationStore] CredFilePath: C:\myPrivateRepo\GH_Actions_Repo\actions-runner\actions-runner\.credentials
[2025-01-04 23:54:35Z INFO HostContext] Well known directory 'Bin': 'C:\myPrivateRepo\GH_Actions_Repo\actions-runner\actions-runner\bin'
[2025-01-04 23:54:35Z INFO HostContext] Well known directory 'Root': 'C:\myPrivateRepo\GH_Actions_Repo\actions-runner\actions-runner'
[2025-01-04 23:54:35Z INFO HostContext] Well known config file 'MigratedCredentials': 'C:\myPrivateRepo\GH_Actions_Repo\actions-runner\actions-runner\.credentials_migrated'
[2025-01-04 23:54:35Z INFO ConfigurationStore] MigratedCredFilePath: C:\myPrivateRepo\GH_Actions_Repo\actions-runner\actions-runner\.credentials_migrated
[2025-01-04 23:54:35Z INFO HostContext] Well known directory 'Bin': 'C:\myPrivateRepo\GH_Actions_Repo\actions-runner\actions-runner\bin'
[2025-01-04 23:54:35Z INFO HostContext] Well known directory 'Root': 'C:\myPrivateRepo\GH_Actions_Repo\actions-runner\actions-runner'
[2025-01-04 23:54:35Z INFO HostContext] Well known config file 'Service': 'C:\myPrivateRepo\GH_Actions_Repo\actions-runner\actions-runner\.service'
[2025-01-04 23:54:35Z INFO ConfigurationStore] ServiceConfigFilePath: C:\myPrivateRepo\GH_Actions_Repo\actions-runner\actions-runner\.service
[2025-01-04 23:54:35Z INFO CommandSettings] Flag 'help': 'False'
[2025-01-04 23:54:35Z INFO CommandSettings] Flag 'version': 'False'
[2025-01-04 23:54:35Z INFO CommandSettings] Flag 'commit': 'False'
[2025-01-04 23:54:35Z INFO CommandSettings] Flag 'check': 'False'
[2025-01-04 23:54:35Z INFO CommandSettings] Command 'configure': 'True'
[2025-01-04 23:54:35Z INFO Terminal] WRITE LINE: 
[2025-01-04 23:54:35Z INFO Terminal] WRITE LINE: --------------------------------------------------------------------------------
[2025-01-04 23:54:35Z INFO Terminal] WRITE LINE: |        ____ _ _   _   _       _          _        _   _                      |
[2025-01-04 23:54:35Z INFO Terminal] WRITE LINE: |       / ___(_) |_| | | |_   _| |__      / \   ___| |_(_) ___  _ __  ___      |
[2025-01-04 23:54:35Z INFO Terminal] WRITE LINE: |      | |  _| | __| |_| | | | | '_ \    / _ \ / __| __| |/ _ \| '_ \/ __|     |
[2025-01-04 23:54:35Z INFO Terminal] WRITE LINE: |      | |_| | | |_|  _  | |_| | |_) |  / ___ \ (__| |_| | (_) | | | \__ \     |
[2025-01-04 23:54:35Z INFO Terminal] WRITE LINE: |       \____|_|\__|_| |_|\__,_|_.__/  /_/   \_\___|\__|_|\___/|_| |_|___/     |
[2025-01-04 23:54:35Z INFO Terminal] WRITE LINE: |                                                                              |
[2025-01-04 23:54:35Z INFO Terminal] WRITE: |                       
[2025-01-04 23:54:35Z INFO Terminal] WRITE: Self-hosted runner registration
[2025-01-04 23:54:35Z INFO Terminal] WRITE LINE:                         |
[2025-01-04 23:54:35Z INFO Terminal] WRITE LINE: |                                                                              |
[2025-01-04 23:54:35Z INFO Terminal] WRITE LINE: --------------------------------------------------------------------------------
[2025-01-04 23:54:35Z INFO ConfigurationManager] ConfigureAsync
[2025-01-04 23:54:35Z INFO CommandSettings] Flag 'generateServiceConfig': 'False'
[2025-01-04 23:54:35Z INFO ConfigurationStore] IsConfigured()
[2025-01-04 23:54:35Z INFO ConfigurationStore] IsConfigured: False
[2025-01-04 23:54:35Z INFO ConfigurationManager] Is configured: False
[2025-01-04 23:54:35Z INFO CommandSettings] Arg 'url': 'https://github.com/ardfar68/GH_Actions_Repo'
[2025-01-04 23:54:35Z INFO CommandSettings] Remove url from Arg dictionary.
[2025-01-04 23:54:35Z INFO CommandSettings] Arg 'token': '***'
[2025-01-04 23:54:35Z INFO CommandSettings] Remove token from Arg dictionary.
[2025-01-04 23:54:36Z INFO ConfigurationManager] Http response code: OK from 'POST https://api.github.com/actions/runner-registration' (CFCF:1D4662:344599:6836B6:6779CA3C)
[2025-01-04 23:54:36Z INFO ConfigurationManager] Using V2 flow: False
[2025-01-04 23:54:36Z INFO ConfigurationManager] cred retrieved via GitHub auth
[2025-01-04 23:54:36Z INFO RunnerServer] EstablishVssConnection
[2025-01-04 23:54:36Z INFO RunnerServer] Establish connection with 100 seconds timeout.
[2025-01-04 23:54:36Z INFO GitHubActionsService] Starting operation Location.GetConnectionData
[2025-01-04 23:54:36Z INFO RunnerServer] EstablishVssConnection
[2025-01-04 23:54:36Z INFO RunnerServer] Establish connection with 60 seconds timeout.
[2025-01-04 23:54:36Z INFO GitHubActionsService] Starting operation Location.GetConnectionData
[2025-01-04 23:54:36Z INFO RunnerServer] EstablishVssConnection
[2025-01-04 23:54:36Z INFO RunnerServer] Establish connection with 60 seconds timeout.
[2025-01-04 23:54:36Z INFO GitHubActionsService] Starting operation Location.GetConnectionData
[2025-01-04 23:54:37Z INFO GitHubActionsService] Finished operation Location.GetConnectionData
[2025-01-04 23:54:37Z INFO GitHubActionsService] Finished operation Location.GetConnectionData
[2025-01-04 23:54:37Z INFO GitHubActionsService] Finished operation Location.GetConnectionData
[2025-01-04 23:54:37Z INFO Terminal] WRITE LINE: 
[2025-01-04 23:54:37Z INFO ConfigurationManager] Test Connection complete.
[2025-01-04 23:54:37Z INFO HostContext] Well known directory 'Bin': 'C:\myPrivateRepo\GH_Actions_Repo\actions-runner\actions-runner\bin'
[2025-01-04 23:54:37Z INFO HostContext] Well known directory 'Root': 'C:\myPrivateRepo\GH_Actions_Repo\actions-runner\actions-runner'
[2025-01-04 23:54:37Z INFO HostContext] Well known config file 'RSACredentials': 'C:\myPrivateRepo\GH_Actions_Repo\actions-runner\actions-runner\.credentials_rsaparams'
[2025-01-04 23:54:37Z INFO RSAEncryptedFileKeyManager] Creating new RSA key using 2048-bit key length
[2025-01-04 23:54:37Z INFO RSAEncryptedFileKeyManager] Successfully saved RSA key parameters to file C:\myPrivateRepo\GH_Actions_Repo\actions-runner\actions-runner\.credentials_rsaparams
[2025-01-04 23:54:38Z INFO CommandSettings] Arg 'runnergroup': ''
[2025-01-04 23:54:38Z INFO CommandSettings] Flag 'unattended': 'False'
[2025-01-04 23:54:38Z INFO PromptManager] ReadValue
[2025-01-04 23:54:38Z INFO Terminal] WRITE: Enter the name of the runner group to add this runner to: 
[2025-01-04 23:54:38Z INFO Terminal] WRITE: [press Enter for Default] 
[2025-01-04 23:54:38Z INFO Terminal] READ LINE
[2025-01-04 23:55:14Z INFO Terminal] Read value: 'asf-runner-group'
[2025-01-04 23:55:14Z INFO Terminal] WRITE LINE: 
[2025-01-04 23:55:14Z ERR  Runner] GitHub.DistributedTask.WebApi.TaskAgentPoolNotFoundException: Could not find any self-hosted runner group named "asf-runner-group".
   at GitHub.Runner.Listener.Configuration.ConfigurationManager.ConfigureAsync(CommandSettings command)
   at GitHub.Runner.Listener.Runner.ExecuteCommand(CommandSettings command)
[2025-01-04 23:55:14Z ERR  Terminal] WRITE ERROR: Could not find any self-hosted runner group named "asf-runner-group".
[2025-01-04 23:55:14Z INFO Listener] Runner execution has finished with return code 1
