[2025-01-04 23:55:29Z INFO HostContext] No proxy settings were found based on environmental variables (http_proxy/https_proxy/HTTP_PROXY/HTTPS_PROXY)
[2025-01-04 23:55:29Z INFO HostContext] Well known directory 'Bin': 'C:\myPrivateRepo\GH_Actions_Repo\actions-runner\actions-runner\bin'
[2025-01-04 23:55:29Z INFO HostContext] Well known directory 'Root': 'C:\myPrivateRepo\GH_Actions_Repo\actions-runner\actions-runner'
[2025-01-04 23:55:29Z INFO HostContext] Well known config file 'Credentials': 'C:\myPrivateRepo\GH_Actions_Repo\actions-runner\actions-runner\.credentials'
[2025-01-04 23:55:29Z INFO HostContext] Well known directory 'Bin': 'C:\myPrivateRepo\GH_Actions_Repo\actions-runner\actions-runner\bin'
[2025-01-04 23:55:29Z INFO HostContext] Well known directory 'Root': 'C:\myPrivateRepo\GH_Actions_Repo\actions-runner\actions-runner'
[2025-01-04 23:55:29Z INFO HostContext] Well known config file 'Runner': 'C:\myPrivateRepo\GH_Actions_Repo\actions-runner\actions-runner\.runner'
[2025-01-04 23:55:29Z INFO Listener] Runner is built for Windows (X64) - win-x64.
[2025-01-04 23:55:29Z INFO Listener] RuntimeInformation: Microsoft Windows 10.0.26100.
[2025-01-04 23:55:29Z INFO Listener] Version: 2.321.0
[2025-01-04 23:55:29Z INFO Listener] Commit: e249007931b7c8e857797fa259c167f0bd4f997a
[2025-01-04 23:55:29Z INFO Listener] Culture: en-SE
[2025-01-04 23:55:29Z INFO Listener] UI Culture: en-US
[2025-01-04 23:55:29Z INFO HostContext] Well known directory 'Bin': 'C:\myPrivateRepo\GH_Actions_Repo\actions-runner\actions-runner\bin'
[2025-01-04 23:55:29Z INFO HostContext] Well known directory 'Root': 'C:\myPrivateRepo\GH_Actions_Repo\actions-runner\actions-runner'
[2025-01-04 23:55:29Z INFO Listener] Validating directory permissions for: 'C:\myPrivateRepo\GH_Actions_Repo\actions-runner\actions-runner'
[2025-01-04 23:55:29Z INFO CommandLineParser] Parse
[2025-01-04 23:55:29Z INFO CommandLineParser] Parsing 5 args
[2025-01-04 23:55:29Z INFO CommandLineParser] parsing argument
[2025-01-04 23:55:29Z INFO CommandLineParser] HasArgs: False
[2025-01-04 23:55:29Z INFO CommandLineParser] Adding Command: configure
[2025-01-04 23:55:29Z INFO CommandLineParser] parsing argument
[2025-01-04 23:55:29Z INFO CommandLineParser] HasArgs: True
[2025-01-04 23:55:29Z INFO CommandLineParser] arg: url
[2025-01-04 23:55:29Z INFO CommandLineParser] parsing argument
[2025-01-04 23:55:29Z INFO CommandLineParser] HasArgs: True
[2025-01-04 23:55:29Z INFO CommandLineParser] Adding option 'url': 'https://github.com/ardfar68/GH_Actions_Repo'
[2025-01-04 23:55:29Z INFO CommandLineParser] parsing argument
[2025-01-04 23:55:29Z INFO CommandLineParser] HasArgs: True
[2025-01-04 23:55:29Z INFO CommandLineParser] arg: token
[2025-01-04 23:55:29Z INFO CommandLineParser] parsing argument
[2025-01-04 23:55:29Z INFO CommandLineParser] HasArgs: True
[2025-01-04 23:55:29Z INFO CommandLineParser] Adding option 'token': '***'
[2025-01-04 23:55:29Z INFO Listener] Arguments parsed
[2025-01-04 23:55:29Z INFO Runner] ExecuteCommand
[2025-01-04 23:55:29Z INFO ConfigurationStore] currentAssemblyLocation: C:\myPrivateRepo\GH_Actions_Repo\actions-runner\actions-runner\bin\Runner.Listener.dll
[2025-01-04 23:55:29Z INFO HostContext] Well known directory 'Bin': 'C:\myPrivateRepo\GH_Actions_Repo\actions-runner\actions-runner\bin'
[2025-01-04 23:55:29Z INFO ConfigurationStore] binPath: C:\myPrivateRepo\GH_Actions_Repo\actions-runner\actions-runner\bin
[2025-01-04 23:55:29Z INFO HostContext] Well known directory 'Bin': 'C:\myPrivateRepo\GH_Actions_Repo\actions-runner\actions-runner\bin'
[2025-01-04 23:55:29Z INFO HostContext] Well known directory 'Root': 'C:\myPrivateRepo\GH_Actions_Repo\actions-runner\actions-runner'
[2025-01-04 23:55:29Z INFO ConfigurationStore] RootFolder: C:\myPrivateRepo\GH_Actions_Repo\actions-runner\actions-runner
[2025-01-04 23:55:29Z INFO HostContext] Well known directory 'Bin': 'C:\myPrivateRepo\GH_Actions_Repo\actions-runner\actions-runner\bin'
[2025-01-04 23:55:29Z INFO HostContext] Well known directory 'Root': 'C:\myPrivateRepo\GH_Actions_Repo\actions-runner\actions-runner'
[2025-01-04 23:55:29Z INFO HostContext] Well known config file 'Runner': 'C:\myPrivateRepo\GH_Actions_Repo\actions-runner\actions-runner\.runner'
[2025-01-04 23:55:29Z INFO ConfigurationStore] ConfigFilePath: C:\myPrivateRepo\GH_Actions_Repo\actions-runner\actions-runner\.runner
[2025-01-04 23:55:29Z INFO HostContext] Well known directory 'Bin': 'C:\myPrivateRepo\GH_Actions_Repo\actions-runner\actions-runner\bin'
[2025-01-04 23:55:29Z INFO HostContext] Well known directory 'Root': 'C:\myPrivateRepo\GH_Actions_Repo\actions-runner\actions-runner'
[2025-01-04 23:55:29Z INFO HostContext] Well known config file 'Credentials': 'C:\myPrivateRepo\GH_Actions_Repo\actions-runner\actions-runner\.credentials'
[2025-01-04 23:55:29Z INFO ConfigurationStore] CredFilePath: C:\myPrivateRepo\GH_Actions_Repo\actions-runner\actions-runner\.credentials
[2025-01-04 23:55:29Z INFO HostContext] Well known directory 'Bin': 'C:\myPrivateRepo\GH_Actions_Repo\actions-runner\actions-runner\bin'
[2025-01-04 23:55:29Z INFO HostContext] Well known directory 'Root': 'C:\myPrivateRepo\GH_Actions_Repo\actions-runner\actions-runner'
[2025-01-04 23:55:29Z INFO HostContext] Well known config file 'MigratedCredentials': 'C:\myPrivateRepo\GH_Actions_Repo\actions-runner\actions-runner\.credentials_migrated'
[2025-01-04 23:55:29Z INFO ConfigurationStore] MigratedCredFilePath: C:\myPrivateRepo\GH_Actions_Repo\actions-runner\actions-runner\.credentials_migrated
[2025-01-04 23:55:29Z INFO HostContext] Well known directory 'Bin': 'C:\myPrivateRepo\GH_Actions_Repo\actions-runner\actions-runner\bin'
[2025-01-04 23:55:29Z INFO HostContext] Well known directory 'Root': 'C:\myPrivateRepo\GH_Actions_Repo\actions-runner\actions-runner'
[2025-01-04 23:55:29Z INFO HostContext] Well known config file 'Service': 'C:\myPrivateRepo\GH_Actions_Repo\actions-runner\actions-runner\.service'
[2025-01-04 23:55:29Z INFO ConfigurationStore] ServiceConfigFilePath: C:\myPrivateRepo\GH_Actions_Repo\actions-runner\actions-runner\.service
[2025-01-04 23:55:29Z INFO CommandSettings] Flag 'help': 'False'
[2025-01-04 23:55:29Z INFO CommandSettings] Flag 'version': 'False'
[2025-01-04 23:55:29Z INFO CommandSettings] Flag 'commit': 'False'
[2025-01-04 23:55:29Z INFO CommandSettings] Flag 'check': 'False'
[2025-01-04 23:55:29Z INFO CommandSettings] Command 'configure': 'True'
[2025-01-04 23:55:29Z INFO Terminal] WRITE LINE: 
[2025-01-04 23:55:29Z INFO Terminal] WRITE LINE: --------------------------------------------------------------------------------
[2025-01-04 23:55:29Z INFO Terminal] WRITE LINE: |        ____ _ _   _   _       _          _        _   _                      |
[2025-01-04 23:55:29Z INFO Terminal] WRITE LINE: |       / ___(_) |_| | | |_   _| |__      / \   ___| |_(_) ___  _ __  ___      |
[2025-01-04 23:55:29Z INFO Terminal] WRITE LINE: |      | |  _| | __| |_| | | | | '_ \    / _ \ / __| __| |/ _ \| '_ \/ __|     |
[2025-01-04 23:55:29Z INFO Terminal] WRITE LINE: |      | |_| | | |_|  _  | |_| | |_) |  / ___ \ (__| |_| | (_) | | | \__ \     |
[2025-01-04 23:55:29Z INFO Terminal] WRITE LINE: |       \____|_|\__|_| |_|\__,_|_.__/  /_/   \_\___|\__|_|\___/|_| |_|___/     |
[2025-01-04 23:55:29Z INFO Terminal] WRITE LINE: |                                                                              |
[2025-01-04 23:55:29Z INFO Terminal] WRITE: |                       
[2025-01-04 23:55:29Z INFO Terminal] WRITE: Self-hosted runner registration
[2025-01-04 23:55:29Z INFO Terminal] WRITE LINE:                         |
[2025-01-04 23:55:29Z INFO Terminal] WRITE LINE: |                                                                              |
[2025-01-04 23:55:29Z INFO Terminal] WRITE LINE: --------------------------------------------------------------------------------
[2025-01-04 23:55:29Z INFO ConfigurationManager] ConfigureAsync
[2025-01-04 23:55:29Z INFO CommandSettings] Flag 'generateServiceConfig': 'False'
[2025-01-04 23:55:29Z INFO ConfigurationStore] IsConfigured()
[2025-01-04 23:55:29Z INFO ConfigurationStore] IsConfigured: False
[2025-01-04 23:55:29Z INFO ConfigurationManager] Is configured: False
[2025-01-04 23:55:29Z INFO CommandSettings] Arg 'url': 'https://github.com/ardfar68/GH_Actions_Repo'
[2025-01-04 23:55:29Z INFO CommandSettings] Remove url from Arg dictionary.
[2025-01-04 23:55:29Z INFO CommandSettings] Arg 'token': '***'
[2025-01-04 23:55:29Z INFO CommandSettings] Remove token from Arg dictionary.
[2025-01-04 23:55:29Z INFO ConfigurationManager] Http response code: OK from 'POST https://api.github.com/actions/runner-registration' (CFF2:21989D:3520D9:69F993:6779CA71)
[2025-01-04 23:55:29Z INFO ConfigurationManager] Using V2 flow: False
[2025-01-04 23:55:29Z INFO ConfigurationManager] cred retrieved via GitHub auth
[2025-01-04 23:55:29Z INFO RunnerServer] EstablishVssConnection
[2025-01-04 23:55:29Z INFO RunnerServer] Establish connection with 100 seconds timeout.
[2025-01-04 23:55:29Z INFO GitHubActionsService] Starting operation Location.GetConnectionData
[2025-01-04 23:55:29Z INFO RunnerServer] EstablishVssConnection
[2025-01-04 23:55:29Z INFO RunnerServer] Establish connection with 60 seconds timeout.
[2025-01-04 23:55:29Z INFO GitHubActionsService] Starting operation Location.GetConnectionData
[2025-01-04 23:55:29Z INFO RunnerServer] EstablishVssConnection
[2025-01-04 23:55:29Z INFO RunnerServer] Establish connection with 60 seconds timeout.
[2025-01-04 23:55:29Z INFO GitHubActionsService] Starting operation Location.GetConnectionData
[2025-01-04 23:55:30Z INFO GitHubActionsService] Finished operation Location.GetConnectionData
[2025-01-04 23:55:30Z INFO GitHubActionsService] Finished operation Location.GetConnectionData
[2025-01-04 23:55:30Z INFO GitHubActionsService] Finished operation Location.GetConnectionData
[2025-01-04 23:55:30Z INFO Terminal] WRITE LINE: 
[2025-01-04 23:55:30Z INFO ConfigurationManager] Test Connection complete.
[2025-01-04 23:55:30Z INFO HostContext] Well known directory 'Bin': 'C:\myPrivateRepo\GH_Actions_Repo\actions-runner\actions-runner\bin'
[2025-01-04 23:55:30Z INFO HostContext] Well known directory 'Root': 'C:\myPrivateRepo\GH_Actions_Repo\actions-runner\actions-runner'
[2025-01-04 23:55:30Z INFO HostContext] Well known config file 'RSACredentials': 'C:\myPrivateRepo\GH_Actions_Repo\actions-runner\actions-runner\.credentials_rsaparams'
[2025-01-04 23:55:30Z INFO RSAEncryptedFileKeyManager] Found existing RSA key parameters file C:\myPrivateRepo\GH_Actions_Repo\actions-runner\actions-runner\.credentials_rsaparams
[2025-01-04 23:55:31Z INFO CommandSettings] Arg 'runnergroup': ''
[2025-01-04 23:55:31Z INFO CommandSettings] Flag 'unattended': 'False'
[2025-01-04 23:55:31Z INFO PromptManager] ReadValue
[2025-01-04 23:55:31Z INFO Terminal] WRITE: Enter the name of the runner group to add this runner to: 
[2025-01-04 23:55:31Z INFO Terminal] WRITE: [press Enter for Default] 
[2025-01-04 23:55:31Z INFO Terminal] READ LINE
[2025-01-04 23:55:32Z INFO Terminal] Read value: ''
[2025-01-04 23:55:32Z INFO PromptManager] Falling back to the default: 'Default'
[2025-01-04 23:55:32Z INFO Terminal] WRITE LINE: 
[2025-01-04 23:55:32Z INFO ConfigurationManager] Found a self-hosted runner group with id 1 and name Default
[2025-01-04 23:55:32Z INFO CommandSettings] Flag 'disableupdate': 'False'
[2025-01-04 23:55:32Z INFO CommandSettings] Flag 'ephemeral': 'False'
[2025-01-04 23:55:32Z INFO CommandSettings] Arg 'name': ''
[2025-01-04 23:55:32Z INFO CommandSettings] Flag 'unattended': 'False'
[2025-01-04 23:55:32Z INFO PromptManager] ReadValue
[2025-01-04 23:55:32Z INFO Terminal] WRITE: Enter the name of runner: 
[2025-01-04 23:55:32Z INFO Terminal] WRITE: [press Enter for SELUN-ASF2] 
[2025-01-04 23:55:32Z INFO Terminal] READ LINE
[2025-01-04 23:55:43Z INFO Terminal] Read value: 'asf-runner-1'
[2025-01-04 23:55:43Z INFO Terminal] WRITE LINE: 
[2025-01-04 23:55:43Z INFO CommandSettings] Arg 'labels': ''
[2025-01-04 23:55:43Z INFO CommandSettings] Flag 'unattended': 'False'
[2025-01-04 23:55:43Z INFO PromptManager] ReadValue
[2025-01-04 23:55:43Z INFO Terminal] WRITE: This runner will have the following labels: 'self-hosted', 'Windows', 'X64' 
Enter any additional labels (ex. label-1,label-2): 
[2025-01-04 23:55:43Z INFO Terminal] WRITE: [press Enter to skip] 
[2025-01-04 23:55:43Z INFO Terminal] READ LINE
[2025-01-04 23:56:29Z INFO Terminal] Read value: 'label-1, label-2'
[2025-01-04 23:56:29Z INFO Terminal] WRITE LINE: 
[2025-01-04 23:56:30Z INFO CommandSettings] Flag 'disableupdate': 'False'
[2025-01-04 23:56:30Z INFO CommandSettings] Flag 'no-default-labels': 'False'
[2025-01-04 23:56:30Z ERR  GitHubActionsService] POST request to https://pipelinesghubeus10.actions.githubusercontent.com/CjsRQFEOKohyZJJc5i1MVXT7oJzUKGYUj7MloaymwI6NCsQYqG/_apis/distributedtask/pools/1/agents failed. HTTP Status: BadRequest
[2025-01-04 23:56:30Z INFO CommandSettings] Flag 'unattended': 'False'
[2025-01-04 23:56:30Z ERR  Terminal] WRITE ERROR (exception):
[2025-01-04 23:56:30Z ERR  Terminal] GitHub.Services.WebApi.VssServiceResponseException: Label ' label-2' is not valid. Labels must be less than 256 characters in length and may not start or end with whitespace characters. (Parameter 'agent.Labels.Name')
 ---> System.ArgumentException: Label ' label-2' is not valid. Labels must be less than 256 characters in length and may not start or end with whitespace characters. (Parameter 'agent.Labels.Name')
   --- End of inner exception stack trace ---
   at GitHub.Services.WebApi.VssHttpClientBase.HandleResponseAsync(HttpResponseMessage response, CancellationToken cancellationToken)
   at GitHub.Services.WebApi.VssHttpClientBase.SendAsync(HttpRequestMessage message, HttpCompletionOption completionOption, Object userState, CancellationToken cancellationToken)
   at GitHub.Services.WebApi.VssHttpClientBase.SendAsync[T](HttpRequestMessage message, Object userState, CancellationToken cancellationToken)
   at GitHub.Services.WebApi.VssHttpClientBase.SendAsync[T](HttpMethod method, IEnumerable`1 additionalHeaders, Guid locationId, Object routeValues, ApiResourceVersion version, HttpContent content, IEnumerable`1 queryParameters, Object userState, CancellationToken cancellationToken)
   at GitHub.Runner.Listener.Configuration.ConfigurationManager.ConfigureAsync(CommandSettings command)
[2025-01-04 23:56:30Z ERR  Terminal] #####################################################
[2025-01-04 23:56:30Z ERR  Terminal] System.ArgumentException: Label ' label-2' is not valid. Labels must be less than 256 characters in length and may not start or end with whitespace characters. (Parameter 'agent.Labels.Name')
[2025-01-04 23:56:30Z ERR  Terminal] WRITE ERROR: Failed to add the runner. Try again or ctrl-c to quit
[2025-01-04 23:56:30Z INFO CommandSettings] Flag 'disableupdate': 'False'
[2025-01-04 23:56:30Z INFO CommandSettings] Flag 'ephemeral': 'False'
[2025-01-04 23:56:30Z INFO CommandSettings] Arg 'name': ''
[2025-01-04 23:56:30Z INFO CommandSettings] Flag 'unattended': 'False'
[2025-01-04 23:56:30Z INFO PromptManager] ReadValue
[2025-01-04 23:56:30Z INFO Terminal] WRITE: Enter the name of runner: 
[2025-01-04 23:56:30Z INFO Terminal] WRITE: [press Enter for SELUN-ASF2] 
[2025-01-04 23:56:30Z INFO Terminal] READ LINE
[2025-01-04 23:56:55Z INFO Terminal] WRITE LINE: Exiting...
