[2025-01-05 13:30:35Z INFO HostContext] No proxy settings were found based on environmental variables (http_proxy/https_proxy/HTTP_PROXY/HTTPS_PROXY)
[2025-01-05 13:30:35Z INFO HostContext] Well known directory 'Bin': 'C:\myPrivateRepo\GH_Actions_Repo\actions-runner\bin'
[2025-01-05 13:30:35Z INFO HostContext] Well known directory 'Root': 'C:\myPrivateRepo\GH_Actions_Repo\actions-runner'
[2025-01-05 13:30:35Z INFO HostContext] Well known config file 'Credentials': 'C:\myPrivateRepo\GH_Actions_Repo\actions-runner\.credentials'
[2025-01-05 13:30:35Z INFO HostContext] Well known directory 'Bin': 'C:\myPrivateRepo\GH_Actions_Repo\actions-runner\bin'
[2025-01-05 13:30:35Z INFO HostContext] Well known directory 'Root': 'C:\myPrivateRepo\GH_Actions_Repo\actions-runner'
[2025-01-05 13:30:35Z INFO HostContext] Well known config file 'Runner': 'C:\myPrivateRepo\GH_Actions_Repo\actions-runner\.runner'
[2025-01-05 13:30:35Z INFO Listener] Runner is built for Windows (X64) - win-x64.
[2025-01-05 13:30:35Z INFO Listener] RuntimeInformation: Microsoft Windows 10.0.26100.
[2025-01-05 13:30:35Z INFO Listener] Version: 2.321.0
[2025-01-05 13:30:35Z INFO Listener] Commit: e249007931b7c8e857797fa259c167f0bd4f997a
[2025-01-05 13:30:35Z INFO Listener] Culture: en-SE
[2025-01-05 13:30:35Z INFO Listener] UI Culture: en-US
[2025-01-05 13:30:35Z INFO HostContext] Well known directory 'Bin': 'C:\myPrivateRepo\GH_Actions_Repo\actions-runner\bin'
[2025-01-05 13:30:35Z INFO HostContext] Well known directory 'Root': 'C:\myPrivateRepo\GH_Actions_Repo\actions-runner'
[2025-01-05 13:30:35Z INFO Listener] Validating directory permissions for: 'C:\myPrivateRepo\GH_Actions_Repo\actions-runner'
[2025-01-05 13:30:35Z INFO CommandLineParser] Parse
[2025-01-05 13:30:35Z INFO CommandLineParser] Parsing 1 args
[2025-01-05 13:30:35Z INFO CommandLineParser] parsing argument
[2025-01-05 13:30:35Z INFO CommandLineParser] HasArgs: False
[2025-01-05 13:30:35Z INFO CommandLineParser] Adding Command: run
[2025-01-05 13:30:35Z INFO Listener] Arguments parsed
[2025-01-05 13:30:35Z INFO Runner] ExecuteCommand
[2025-01-05 13:30:35Z INFO ConfigurationStore] currentAssemblyLocation: C:\myPrivateRepo\GH_Actions_Repo\actions-runner\bin\Runner.Listener.dll
[2025-01-05 13:30:35Z INFO HostContext] Well known directory 'Bin': 'C:\myPrivateRepo\GH_Actions_Repo\actions-runner\bin'
[2025-01-05 13:30:35Z INFO ConfigurationStore] binPath: C:\myPrivateRepo\GH_Actions_Repo\actions-runner\bin
[2025-01-05 13:30:35Z INFO HostContext] Well known directory 'Bin': 'C:\myPrivateRepo\GH_Actions_Repo\actions-runner\bin'
[2025-01-05 13:30:35Z INFO HostContext] Well known directory 'Root': 'C:\myPrivateRepo\GH_Actions_Repo\actions-runner'
[2025-01-05 13:30:35Z INFO ConfigurationStore] RootFolder: C:\myPrivateRepo\GH_Actions_Repo\actions-runner
[2025-01-05 13:30:35Z INFO HostContext] Well known directory 'Bin': 'C:\myPrivateRepo\GH_Actions_Repo\actions-runner\bin'
[2025-01-05 13:30:35Z INFO HostContext] Well known directory 'Root': 'C:\myPrivateRepo\GH_Actions_Repo\actions-runner'
[2025-01-05 13:30:35Z INFO HostContext] Well known config file 'Runner': 'C:\myPrivateRepo\GH_Actions_Repo\actions-runner\.runner'
[2025-01-05 13:30:35Z INFO ConfigurationStore] ConfigFilePath: C:\myPrivateRepo\GH_Actions_Repo\actions-runner\.runner
[2025-01-05 13:30:35Z INFO HostContext] Well known directory 'Bin': 'C:\myPrivateRepo\GH_Actions_Repo\actions-runner\bin'
[2025-01-05 13:30:35Z INFO HostContext] Well known directory 'Root': 'C:\myPrivateRepo\GH_Actions_Repo\actions-runner'
[2025-01-05 13:30:35Z INFO HostContext] Well known config file 'Credentials': 'C:\myPrivateRepo\GH_Actions_Repo\actions-runner\.credentials'
[2025-01-05 13:30:35Z INFO ConfigurationStore] CredFilePath: C:\myPrivateRepo\GH_Actions_Repo\actions-runner\.credentials
[2025-01-05 13:30:35Z INFO HostContext] Well known directory 'Bin': 'C:\myPrivateRepo\GH_Actions_Repo\actions-runner\bin'
[2025-01-05 13:30:35Z INFO HostContext] Well known directory 'Root': 'C:\myPrivateRepo\GH_Actions_Repo\actions-runner'
[2025-01-05 13:30:35Z INFO HostContext] Well known config file 'MigratedCredentials': 'C:\myPrivateRepo\GH_Actions_Repo\actions-runner\.credentials_migrated'
[2025-01-05 13:30:35Z INFO ConfigurationStore] MigratedCredFilePath: C:\myPrivateRepo\GH_Actions_Repo\actions-runner\.credentials_migrated
[2025-01-05 13:30:35Z INFO HostContext] Well known directory 'Bin': 'C:\myPrivateRepo\GH_Actions_Repo\actions-runner\bin'
[2025-01-05 13:30:35Z INFO HostContext] Well known directory 'Root': 'C:\myPrivateRepo\GH_Actions_Repo\actions-runner'
[2025-01-05 13:30:35Z INFO HostContext] Well known config file 'Service': 'C:\myPrivateRepo\GH_Actions_Repo\actions-runner\.service'
[2025-01-05 13:30:35Z INFO ConfigurationStore] ServiceConfigFilePath: C:\myPrivateRepo\GH_Actions_Repo\actions-runner\.service
[2025-01-05 13:30:35Z INFO CommandSettings] Flag 'help': 'False'
[2025-01-05 13:30:35Z INFO CommandSettings] Flag 'version': 'False'
[2025-01-05 13:30:35Z INFO CommandSettings] Flag 'commit': 'False'
[2025-01-05 13:30:35Z INFO CommandSettings] Flag 'check': 'False'
[2025-01-05 13:30:35Z INFO CommandSettings] Command 'configure': 'False'
[2025-01-05 13:30:35Z INFO CommandSettings] Command 'remove': 'False'
[2025-01-05 13:30:35Z INFO CommandSettings] Command 'warmup': 'False'
[2025-01-05 13:30:35Z INFO ConfigurationManager] LoadSettings
[2025-01-05 13:30:35Z INFO ConfigurationStore] IsConfigured()
[2025-01-05 13:30:35Z INFO ConfigurationStore] IsConfigured: True
[2025-01-05 13:30:35Z INFO ConfigurationManager] Is configured: True
[2025-01-05 13:30:35Z INFO ConfigurationStore] Read setting file: 328 chars
[2025-01-05 13:30:35Z INFO ConfigurationManager] Settings Loaded
[2025-01-05 13:30:35Z INFO ConfigurationStore] IsServiceConfigured()
[2025-01-05 13:30:35Z INFO ConfigurationStore] IsServiceConfigured: False
[2025-01-05 13:30:35Z INFO CommandSettings] Command 'run': 'True'
[2025-01-05 13:30:35Z INFO ConfigurationStore] IsConfigured()
[2025-01-05 13:30:35Z INFO ConfigurationStore] IsConfigured: True
[2025-01-05 13:30:35Z INFO ConfigurationManager] Is configured: True
[2025-01-05 13:30:35Z INFO Runner] Could not parse the argument value '' for StartupType. Defaulting to Manual
[2025-01-05 13:30:35Z INFO Runner] Set runner startup type - Manual
[2025-01-05 13:30:35Z INFO CommandSettings] Flag 'once': 'False'
[2025-01-05 13:30:35Z INFO CommandSettings] Flag 'once': 'False'
[2025-01-05 13:30:35Z INFO Runner] RunAsync
[2025-01-05 13:30:35Z INFO ConfigurationManager] LoadSettings
[2025-01-05 13:30:35Z INFO ConfigurationStore] IsConfigured()
[2025-01-05 13:30:35Z INFO ConfigurationStore] IsConfigured: True
[2025-01-05 13:30:35Z INFO ConfigurationManager] Is configured: True
[2025-01-05 13:30:35Z INFO ConfigurationManager] Settings Loaded
[2025-01-05 13:30:35Z INFO MessageListener] {
  "AgentId": 23,
  "AgentName": "asf_win_runner-1",
  "PoolId": 1,
  "PoolName": "Default",
  "ServerUrl": "https://pipelinesghubeus10.actions.githubusercontent.com/CjsRQFEOKohyZJJc5i1MVXT7oJzUKGYUj7MloaymwI6NCsQYqG/",
  "GitHubUrl": "https://github.com/ardfar68/GH_Actions_Repo",
  "WorkFolder": "asf_runner_folder"
}
[2025-01-05 13:30:35Z INFO MessageListener] Loading Credentials
[2025-01-05 13:30:35Z INFO ConfigurationStore] HasCredentials()
[2025-01-05 13:30:35Z INFO ConfigurationStore] stored True
[2025-01-05 13:30:35Z INFO CredentialManager] GetCredentialProvider
[2025-01-05 13:30:35Z INFO CredentialManager] Creating type OAuth
[2025-01-05 13:30:35Z INFO CredentialManager] Creating credential type: OAuth
[2025-01-05 13:30:35Z INFO HostContext] Well known directory 'Bin': 'C:\myPrivateRepo\GH_Actions_Repo\actions-runner\bin'
[2025-01-05 13:30:35Z INFO HostContext] Well known directory 'Root': 'C:\myPrivateRepo\GH_Actions_Repo\actions-runner'
[2025-01-05 13:30:35Z INFO HostContext] Well known config file 'RSACredentials': 'C:\myPrivateRepo\GH_Actions_Repo\actions-runner\.credentials_rsaparams'
[2025-01-05 13:30:35Z INFO RSAEncryptedFileKeyManager] Loading RSA key parameters from file C:\myPrivateRepo\GH_Actions_Repo\actions-runner\.credentials_rsaparams
[2025-01-05 13:30:35Z INFO MessageListener] Attempt to create session.
[2025-01-05 13:30:35Z INFO MessageListener] Connecting to the Runner Server...
[2025-01-05 13:30:35Z INFO RunnerServer] EstablishVssConnection
[2025-01-05 13:30:35Z INFO RunnerServer] Establish connection with 100 seconds timeout.
[2025-01-05 13:30:35Z INFO GitHubActionsService] Starting operation Location.GetConnectionData
[2025-01-05 13:30:35Z INFO RunnerServer] EstablishVssConnection
[2025-01-05 13:30:35Z INFO RunnerServer] Establish connection with 60 seconds timeout.
[2025-01-05 13:30:35Z INFO GitHubActionsService] Starting operation Location.GetConnectionData
[2025-01-05 13:30:35Z INFO RunnerServer] EstablishVssConnection
[2025-01-05 13:30:35Z INFO RunnerServer] Establish connection with 60 seconds timeout.
[2025-01-05 13:30:35Z INFO GitHubActionsService] Starting operation Location.GetConnectionData
[2025-01-05 13:30:36Z INFO GitHubActionsService] Finished operation Location.GetConnectionData
[2025-01-05 13:30:36Z INFO GitHubActionsService] Finished operation Location.GetConnectionData
[2025-01-05 13:30:36Z INFO GitHubActionsService] Finished operation Location.GetConnectionData
[2025-01-05 13:30:36Z INFO MessageListener] VssConnection created
[2025-01-05 13:30:36Z INFO Terminal] WRITE LINE: 
[2025-01-05 13:30:36Z INFO Terminal] WRITE LINE: 
[2025-01-05 13:30:36Z INFO RSAEncryptedFileKeyManager] Loading RSA key parameters from file C:\myPrivateRepo\GH_Actions_Repo\actions-runner\.credentials_rsaparams
[2025-01-05 13:30:36Z INFO RSAEncryptedFileKeyManager] Loading RSA key parameters from file C:\myPrivateRepo\GH_Actions_Repo\actions-runner\.credentials_rsaparams
[2025-01-05 13:30:36Z INFO GitHubActionsService] AAD Correlation ID for this token request: Unknown
[2025-01-05 13:30:37Z INFO MessageListener] Session created.
[2025-01-05 13:30:37Z INFO Terminal] WRITE LINE: Current runner version: '2.321.0'
[2025-01-05 13:30:37Z INFO Terminal] WRITE LINE: 2025-01-05 13:30:37Z: Listening for Jobs
[2025-01-05 13:30:37Z INFO JobDispatcher] Set runner/worker IPC timeout to 30 seconds.
[2025-01-05 13:30:37Z INFO RSAEncryptedFileKeyManager] Loading RSA key parameters from file C:\myPrivateRepo\GH_Actions_Repo\actions-runner\.credentials_rsaparams
[2025-01-05 13:30:37Z INFO GitHubActionsService] AAD Correlation ID for this token request: Unknown
[2025-01-05 13:30:39Z INFO MessageListener] Message '4546527537424400940' received from session '54f8d4e6-fed5-4358-a0f2-93234ba93647'.
[2025-01-05 13:30:39Z INFO ConfigurationStore] HasCredentials()
[2025-01-05 13:30:39Z INFO ConfigurationStore] stored True
[2025-01-05 13:30:39Z INFO CredentialManager] GetCredentialProvider
[2025-01-05 13:30:39Z INFO CredentialManager] Creating type OAuth
[2025-01-05 13:30:39Z INFO CredentialManager] Creating credential type: OAuth
[2025-01-05 13:30:39Z INFO RSAEncryptedFileKeyManager] Loading RSA key parameters from file C:\myPrivateRepo\GH_Actions_Repo\actions-runner\.credentials_rsaparams
[2025-01-05 13:30:39Z INFO ActionsRunServer] EstablishVssConnection
[2025-01-05 13:30:39Z INFO ActionsRunServer] Establish connection with 100 seconds timeout.
[2025-01-05 13:30:39Z INFO GitHubActionsService] Starting operation Location.GetConnectionData
[2025-01-05 13:30:40Z INFO GitHubActionsService] Finished operation Location.GetConnectionData
[2025-01-05 13:30:40Z INFO RSAEncryptedFileKeyManager] Loading RSA key parameters from file C:\myPrivateRepo\GH_Actions_Repo\actions-runner\.credentials_rsaparams
[2025-01-05 13:30:40Z INFO RSAEncryptedFileKeyManager] Loading RSA key parameters from file C:\myPrivateRepo\GH_Actions_Repo\actions-runner\.credentials_rsaparams
[2025-01-05 13:30:41Z INFO GitHubActionsService] AAD Correlation ID for this token request: Unknown
[2025-01-05 13:30:41Z INFO JobDispatcher] Job request 192 for plan d8bb703c-80d5-4288-8ac9-753d5f5c8559 job bb4a2341-4547-529b-0b61-d4e572cb554d received.
[2025-01-05 13:30:41Z INFO JobDispatcher] Pull OrchestrationId d8bb703c-80d5-4288-8ac9-753d5f5c8559.stage_environment.__default from JWT claims
[2025-01-05 13:30:41Z INFO MessageListener] Received job status event. JobState: Busy
[2025-01-05 13:30:41Z INFO MessageListener] _getMessagesTokenSource is already disposed.
[2025-01-05 13:30:41Z INFO Terminal] WRITE LINE: 2025-01-05 13:30:41Z: Running job: Run on stage env
[2025-01-05 13:30:41Z INFO JobDispatcher] Start renew job request 192 for job bb4a2341-4547-529b-0b61-d4e572cb554d.
[2025-01-05 13:30:42Z INFO JobDispatcher] Successfully renew job request 192, job is valid till 2025-01-05 13:40:43
[2025-01-05 13:30:42Z INFO HostContext] Well known directory 'Bin': 'C:\myPrivateRepo\GH_Actions_Repo\actions-runner\bin'
[2025-01-05 13:30:42Z INFO ProcessInvokerWrapper] Starting process:
[2025-01-05 13:30:42Z INFO ProcessInvokerWrapper]   File name: 'C:\myPrivateRepo\GH_Actions_Repo\actions-runner\bin\Runner.Worker.exe'
[2025-01-05 13:30:42Z INFO ProcessInvokerWrapper]   Arguments: 'spawnclient 2240 2144'
[2025-01-05 13:30:42Z INFO ProcessInvokerWrapper]   Working directory: 'C:\myPrivateRepo\GH_Actions_Repo\actions-runner\bin'
[2025-01-05 13:30:42Z INFO ProcessInvokerWrapper]   Require exit code zero: 'False'
[2025-01-05 13:30:42Z INFO ProcessInvokerWrapper]   Encoding web name:  ; code page: ''
[2025-01-05 13:30:42Z INFO ProcessInvokerWrapper]   Force kill process on cancellation: 'True'
[2025-01-05 13:30:42Z INFO ProcessInvokerWrapper]   Redirected STDIN: 'False'
[2025-01-05 13:30:42Z INFO ProcessInvokerWrapper]   Persist current code page: 'False'
[2025-01-05 13:30:42Z INFO ProcessInvokerWrapper]   Keep redirected STDIN open: 'False'
[2025-01-05 13:30:42Z INFO ProcessInvokerWrapper]   High priority process: 'True'
[2025-01-05 13:30:42Z INFO ProcessInvokerWrapper] Process started with process id 11348, waiting for process exit.
[2025-01-05 13:30:42Z INFO JobDispatcher] Send job request message to worker for job bb4a2341-4547-529b-0b61-d4e572cb554d.
[2025-01-05 13:30:42Z INFO ProcessChannel] Sending message of length 22191, with hash 'f95f426645e327728b14b06d2896689e4252940caf88de97689dca3967245c9b'
[2025-01-05 13:30:42Z INFO JobNotification] Entering JobStarted Notification
[2025-01-05 13:30:42Z INFO JobNotification] Entering StartMonitor
[2025-01-05 13:30:57Z INFO ProcessInvokerWrapper] STDOUT/STDERR stream read finished.
[2025-01-05 13:30:57Z INFO ProcessInvokerWrapper] STDOUT/STDERR stream read finished.
[2025-01-05 13:30:57Z INFO ProcessInvokerWrapper] Finished process 11348 with exit code 100, and elapsed time 00:00:15.0074446.
[2025-01-05 13:30:57Z INFO JobDispatcher] Worker finished for job bb4a2341-4547-529b-0b61-d4e572cb554d. Code: 100
[2025-01-05 13:30:57Z INFO JobDispatcher] finish job request for job bb4a2341-4547-529b-0b61-d4e572cb554d with result: Succeeded
[2025-01-05 13:30:57Z INFO Terminal] WRITE LINE: 2025-01-05 13:30:57Z: Job Run on stage env completed with result: Succeeded
[2025-01-05 13:30:57Z INFO JobDispatcher] Stop renew job request for job bb4a2341-4547-529b-0b61-d4e572cb554d.
[2025-01-05 13:30:57Z INFO JobDispatcher] job renew has been cancelled, stop renew job request 192.
[2025-01-05 13:30:57Z INFO JobNotification] Entering JobCompleted Notification
[2025-01-05 13:30:57Z INFO JobNotification] Entering EndMonitor
[2025-01-05 13:30:57Z INFO MessageListener] Received job status event. JobState: Online
[2025-01-05 13:40:34Z INFO MessageListener] Message '7153182892314623757' received from session '54f8d4e6-fed5-4358-a0f2-93234ba93647'.
[2025-01-05 13:40:34Z INFO ConfigurationStore] HasCredentials()
[2025-01-05 13:40:34Z INFO ConfigurationStore] stored True
[2025-01-05 13:40:34Z INFO CredentialManager] GetCredentialProvider
[2025-01-05 13:40:34Z INFO CredentialManager] Creating type OAuth
[2025-01-05 13:40:34Z INFO CredentialManager] Creating credential type: OAuth
[2025-01-05 13:40:34Z INFO RSAEncryptedFileKeyManager] Loading RSA key parameters from file C:\myPrivateRepo\GH_Actions_Repo\actions-runner\.credentials_rsaparams
[2025-01-05 13:40:34Z INFO ActionsRunServer] EstablishVssConnection
[2025-01-05 13:40:34Z INFO ActionsRunServer] Establish connection with 100 seconds timeout.
[2025-01-05 13:40:34Z INFO GitHubActionsService] Starting operation Location.GetConnectionData
[2025-01-05 13:40:35Z INFO GitHubActionsService] Finished operation Location.GetConnectionData
[2025-01-05 13:40:35Z INFO RSAEncryptedFileKeyManager] Loading RSA key parameters from file C:\myPrivateRepo\GH_Actions_Repo\actions-runner\.credentials_rsaparams
[2025-01-05 13:40:35Z INFO RSAEncryptedFileKeyManager] Loading RSA key parameters from file C:\myPrivateRepo\GH_Actions_Repo\actions-runner\.credentials_rsaparams
[2025-01-05 13:40:36Z INFO GitHubActionsService] AAD Correlation ID for this token request: Unknown
[2025-01-05 13:40:36Z INFO JobDispatcher] Job request 195 for plan 2468bba5-a7c2-4847-9faa-57cd6dbe9ef3 job bb4a2341-4547-529b-0b61-d4e572cb554d received.
[2025-01-05 13:40:36Z INFO JobDispatcher] Pull OrchestrationId 2468bba5-a7c2-4847-9faa-57cd6dbe9ef3.stage_environment.__default from JWT claims
[2025-01-05 13:40:36Z INFO MessageListener] Received job status event. JobState: Busy
[2025-01-05 13:40:36Z INFO MessageListener] _getMessagesTokenSource is already disposed.
[2025-01-05 13:40:36Z INFO JobDispatcher] Job request bb4a2341-4547-529b-0b61-d4e572cb554d processed succeed.
[2025-01-05 13:40:36Z INFO Terminal] WRITE LINE: 2025-01-05 13:40:36Z: Running job: Run on stage env
[2025-01-05 13:40:36Z INFO JobDispatcher] Start renew job request 195 for job bb4a2341-4547-529b-0b61-d4e572cb554d.
[2025-01-05 13:40:37Z INFO JobDispatcher] Successfully renew job request 195, job is valid till 2025-01-05 13:50:37
[2025-01-05 13:40:37Z INFO HostContext] Well known directory 'Bin': 'C:\myPrivateRepo\GH_Actions_Repo\actions-runner\bin'
[2025-01-05 13:40:37Z INFO ProcessInvokerWrapper] Starting process:
[2025-01-05 13:40:37Z INFO ProcessInvokerWrapper]   File name: 'C:\myPrivateRepo\GH_Actions_Repo\actions-runner\bin\Runner.Worker.exe'
[2025-01-05 13:40:37Z INFO ProcessInvokerWrapper]   Arguments: 'spawnclient 1788 2236'
[2025-01-05 13:40:37Z INFO ProcessInvokerWrapper]   Working directory: 'C:\myPrivateRepo\GH_Actions_Repo\actions-runner\bin'
[2025-01-05 13:40:37Z INFO ProcessInvokerWrapper]   Require exit code zero: 'False'
[2025-01-05 13:40:37Z INFO ProcessInvokerWrapper]   Encoding web name:  ; code page: ''
[2025-01-05 13:40:37Z INFO ProcessInvokerWrapper]   Force kill process on cancellation: 'True'
[2025-01-05 13:40:37Z INFO ProcessInvokerWrapper]   Redirected STDIN: 'False'
[2025-01-05 13:40:37Z INFO ProcessInvokerWrapper]   Persist current code page: 'False'
[2025-01-05 13:40:37Z INFO ProcessInvokerWrapper]   Keep redirected STDIN open: 'False'
[2025-01-05 13:40:37Z INFO ProcessInvokerWrapper]   High priority process: 'True'
[2025-01-05 13:40:37Z INFO ProcessInvokerWrapper] Process started with process id 34156, waiting for process exit.
[2025-01-05 13:40:37Z INFO JobDispatcher] Send job request message to worker for job bb4a2341-4547-529b-0b61-d4e572cb554d.
[2025-01-05 13:40:37Z INFO ProcessChannel] Sending message of length 22191, with hash '94f00ba2000d6a3464f3c2b5b68c21960cad16ed8652caaf75145d6496c89a13'
[2025-01-05 13:40:37Z INFO JobNotification] Entering JobStarted Notification
[2025-01-05 13:40:37Z INFO JobNotification] Entering StartMonitor
[2025-01-05 13:40:50Z INFO ProcessInvokerWrapper] STDOUT/STDERR stream read finished.
[2025-01-05 13:40:50Z INFO ProcessInvokerWrapper] STDOUT/STDERR stream read finished.
[2025-01-05 13:40:50Z INFO ProcessInvokerWrapper] Finished process 34156 with exit code 100, and elapsed time 00:00:13.1816387.
[2025-01-05 13:40:50Z INFO JobDispatcher] Worker finished for job bb4a2341-4547-529b-0b61-d4e572cb554d. Code: 100
[2025-01-05 13:40:50Z INFO JobDispatcher] finish job request for job bb4a2341-4547-529b-0b61-d4e572cb554d with result: Succeeded
[2025-01-05 13:40:50Z INFO Terminal] WRITE LINE: 2025-01-05 13:40:50Z: Job Run on stage env completed with result: Succeeded
[2025-01-05 13:40:50Z INFO JobDispatcher] Stop renew job request for job bb4a2341-4547-529b-0b61-d4e572cb554d.
[2025-01-05 13:40:50Z INFO JobDispatcher] job renew has been cancelled, stop renew job request 195.
[2025-01-05 13:40:50Z INFO JobNotification] Entering JobCompleted Notification
[2025-01-05 13:40:50Z INFO JobNotification] Entering EndMonitor
[2025-01-05 13:40:50Z INFO MessageListener] Received job status event. JobState: Online
[2025-01-05 13:46:07Z INFO Terminal] WRITE LINE: Exiting...
[2025-01-05 13:46:07Z INFO ConfigurationStore] IsServiceConfigured()
[2025-01-05 13:46:07Z INFO ConfigurationStore] IsServiceConfigured: False
[2025-01-05 13:46:07Z INFO HostContext] Runner will be shutdown for UserCancelled
[2025-01-05 13:46:07Z WARN GitHubActionsService] GET request to https://broker.actions.githubusercontent.com/message?sessionId=54f8d4e6-fed5-4358-a0f2-93234ba93647&status=Online&runnerVersion=2.321.0&os=Windows&architecture=X64&disableUpdate=false has been cancelled.
[2025-01-05 13:46:07Z ERR  BrokerServer] Catch exception during request
[2025-01-05 13:46:07Z ERR  BrokerServer] System.Threading.Tasks.TaskCanceledException: The operation was canceled.
 ---> System.Threading.Tasks.TaskCanceledException: The operation was canceled.
 ---> System.IO.IOException: Unable to read data from the transport connection: The I/O operation has been aborted because of either a thread exit or an application request..
 ---> System.Net.Sockets.SocketException (995): The I/O operation has been aborted because of either a thread exit or an application request.
   --- End of inner exception stack trace ---
   at System.Net.Sockets.Socket.AwaitableSocketAsyncEventArgs.System.Threading.Tasks.Sources.IValueTaskSource<System.Int32>.GetResult(Int16 token)
   at System.Net.Security.SslStream.EnsureFullTlsFrameAsync[TIOAdapter](CancellationToken cancellationToken, Int32 estimatedSize)
   at System.Runtime.CompilerServices.PoolingAsyncValueTaskMethodBuilder`1.StateMachineBox`1.System.Threading.Tasks.Sources.IValueTaskSource<TResult>.GetResult(Int16 token)
   at System.Net.Security.SslStream.ReadAsyncInternal[TIOAdapter](Memory`1 buffer, CancellationToken cancellationToken)
   at System.Runtime.CompilerServices.PoolingAsyncValueTaskMethodBuilder`1.StateMachineBox`1.System.Threading.Tasks.Sources.IValueTaskSource<TResult>.GetResult(Int16 token)
   at System.Net.Http.HttpConnection.SendAsync(HttpRequestMessage request, Boolean async, CancellationToken cancellationToken)
   --- End of inner exception stack trace ---
   at System.Net.Http.HttpConnection.SendAsync(HttpRequestMessage request, Boolean async, CancellationToken cancellationToken)
   at System.Net.Http.AuthenticationHelper.SendWithNtAuthAsync(HttpRequestMessage request, Uri authUri, Boolean async, ICredentials credentials, Boolean isProxyAuth, HttpConnection connection, HttpConnectionPool connectionPool, CancellationToken cancellationToken)
   at System.Net.Http.HttpConnectionPool.SendWithVersionDetectionAndRetryAsync(HttpRequestMessage request, Boolean async, Boolean doRequestAuth, CancellationToken cancellationToken)
   at System.Net.Http.AuthenticationHelper.SendWithAuthAsync(HttpRequestMessage request, Uri authUri, Boolean async, ICredentials credentials, Boolean preAuthenticate, Boolean isProxyAuth, Boolean doRequestAuth, HttpConnectionPool pool, CancellationToken cancellationToken)
   at System.Net.Http.RedirectHandler.SendAsync(HttpRequestMessage request, Boolean async, CancellationToken cancellationToken)
   at GitHub.Services.Common.RawHttpMessageHandler.SendAsync(HttpRequestMessage request, CancellationToken cancellationToken)
   at GitHub.Services.Common.VssHttpRetryMessageHandler.SendAsync(HttpRequestMessage request, CancellationToken cancellationToken)
   at System.Net.Http.HttpClient.<SendAsync>g__Core|83_0(HttpRequestMessage request, HttpCompletionOption completionOption, CancellationTokenSource cts, Boolean disposeCts, CancellationTokenSource pendingRequestsCts, CancellationToken originalCancellationToken)
   --- End of inner exception stack trace ---
   at System.Net.Http.HttpClient.HandleFailure(Exception e, Boolean telemetryStarted, HttpResponseMessage response, CancellationTokenSource cts, CancellationToken cancellationToken, CancellationTokenSource pendingRequestsCts)
   at System.Net.Http.HttpClient.<SendAsync>g__Core|83_0(HttpRequestMessage request, HttpCompletionOption completionOption, CancellationTokenSource cts, Boolean disposeCts, CancellationTokenSource pendingRequestsCts, CancellationToken originalCancellationToken)
   at Sdk.WebApi.WebApi.RawHttpClientBase.SendAsync(HttpRequestMessage message, HttpCompletionOption completionOption, Object userState, CancellationToken cancellationToken)
   at Sdk.WebApi.WebApi.RawHttpClientBase.SendAsync[T](HttpRequestMessage message, Boolean readErrorBody, Object userState, CancellationToken cancellationToken)
   at Sdk.WebApi.WebApi.RawHttpClientBase.SendAsync[T](HttpMethod method, IEnumerable`1 additionalHeaders, Uri requestUri, HttpContent content, IEnumerable`1 queryParameters, Boolean readErrorBody, Object userState, CancellationToken cancellationToken)
   at GitHub.Actions.RunService.WebApi.BrokerHttpClient.GetRunnerMessageAsync(Nullable`1 sessionId, String runnerVersion, Nullable`1 status, String os, String architecture, Nullable`1 disableUpdate, CancellationToken cancellationToken)
   at GitHub.Runner.Common.BrokerServer.<>c__DisplayClass7_0.<<GetRunnerMessageAsync>b__0>d.MoveNext()
--- End of stack trace from previous location ---
   at GitHub.Runner.Common.RunnerService.RetryRequest[T](Func`1 func, CancellationToken cancellationToken, Int32 maxRetryAttemptsCount, Func`2 shouldRetry)
[2025-01-05 13:46:07Z ERR  BrokerServer] #####################################################
[2025-01-05 13:46:07Z ERR  BrokerServer] System.Threading.Tasks.TaskCanceledException: The operation was canceled.
 ---> System.IO.IOException: Unable to read data from the transport connection: The I/O operation has been aborted because of either a thread exit or an application request..
 ---> System.Net.Sockets.SocketException (995): The I/O operation has been aborted because of either a thread exit or an application request.
   --- End of inner exception stack trace ---
   at System.Net.Sockets.Socket.AwaitableSocketAsyncEventArgs.System.Threading.Tasks.Sources.IValueTaskSource<System.Int32>.GetResult(Int16 token)
   at System.Net.Security.SslStream.EnsureFullTlsFrameAsync[TIOAdapter](CancellationToken cancellationToken, Int32 estimatedSize)
   at System.Runtime.CompilerServices.PoolingAsyncValueTaskMethodBuilder`1.StateMachineBox`1.System.Threading.Tasks.Sources.IValueTaskSource<TResult>.GetResult(Int16 token)
   at System.Net.Security.SslStream.ReadAsyncInternal[TIOAdapter](Memory`1 buffer, CancellationToken cancellationToken)
   at System.Runtime.CompilerServices.PoolingAsyncValueTaskMethodBuilder`1.StateMachineBox`1.System.Threading.Tasks.Sources.IValueTaskSource<TResult>.GetResult(Int16 token)
   at System.Net.Http.HttpConnection.SendAsync(HttpRequestMessage request, Boolean async, CancellationToken cancellationToken)
   --- End of inner exception stack trace ---
   at System.Net.Http.HttpConnection.SendAsync(HttpRequestMessage request, Boolean async, CancellationToken cancellationToken)
   at System.Net.Http.AuthenticationHelper.SendWithNtAuthAsync(HttpRequestMessage request, Uri authUri, Boolean async, ICredentials credentials, Boolean isProxyAuth, HttpConnection connection, HttpConnectionPool connectionPool, CancellationToken cancellationToken)
   at System.Net.Http.HttpConnectionPool.SendWithVersionDetectionAndRetryAsync(HttpRequestMessage request, Boolean async, Boolean doRequestAuth, CancellationToken cancellationToken)
   at System.Net.Http.AuthenticationHelper.SendWithAuthAsync(HttpRequestMessage request, Uri authUri, Boolean async, ICredentials credentials, Boolean preAuthenticate, Boolean isProxyAuth, Boolean doRequestAuth, HttpConnectionPool pool, CancellationToken cancellationToken)
   at System.Net.Http.RedirectHandler.SendAsync(HttpRequestMessage request, Boolean async, CancellationToken cancellationToken)
   at GitHub.Services.Common.RawHttpMessageHandler.SendAsync(HttpRequestMessage request, CancellationToken cancellationToken)
   at GitHub.Services.Common.VssHttpRetryMessageHandler.SendAsync(HttpRequestMessage request, CancellationToken cancellationToken)
   at System.Net.Http.HttpClient.<SendAsync>g__Core|83_0(HttpRequestMessage request, HttpCompletionOption completionOption, CancellationTokenSource cts, Boolean disposeCts, CancellationTokenSource pendingRequestsCts, CancellationToken originalCancellationToken)
[2025-01-05 13:46:07Z ERR  BrokerServer] #####################################################
[2025-01-05 13:46:07Z ERR  BrokerServer] System.IO.IOException: Unable to read data from the transport connection: The I/O operation has been aborted because of either a thread exit or an application request..
 ---> System.Net.Sockets.SocketException (995): The I/O operation has been aborted because of either a thread exit or an application request.
   --- End of inner exception stack trace ---
   at System.Net.Sockets.Socket.AwaitableSocketAsyncEventArgs.System.Threading.Tasks.Sources.IValueTaskSource<System.Int32>.GetResult(Int16 token)
   at System.Net.Security.SslStream.EnsureFullTlsFrameAsync[TIOAdapter](CancellationToken cancellationToken, Int32 estimatedSize)
   at System.Runtime.CompilerServices.PoolingAsyncValueTaskMethodBuilder`1.StateMachineBox`1.System.Threading.Tasks.Sources.IValueTaskSource<TResult>.GetResult(Int16 token)
   at System.Net.Security.SslStream.ReadAsyncInternal[TIOAdapter](Memory`1 buffer, CancellationToken cancellationToken)
   at System.Runtime.CompilerServices.PoolingAsyncValueTaskMethodBuilder`1.StateMachineBox`1.System.Threading.Tasks.Sources.IValueTaskSource<TResult>.GetResult(Int16 token)
   at System.Net.Http.HttpConnection.SendAsync(HttpRequestMessage request, Boolean async, CancellationToken cancellationToken)
[2025-01-05 13:46:07Z ERR  BrokerServer] #####################################################
[2025-01-05 13:46:07Z ERR  BrokerServer] System.Net.Sockets.SocketException (995): The I/O operation has been aborted because of either a thread exit or an application request.
[2025-01-05 13:46:07Z WARN BrokerServer] Back off 13,028 seconds before next retry. 4 attempt left.
[2025-01-05 13:46:07Z INFO MessageListener] Get next message has been cancelled.
[2025-01-05 13:46:07Z INFO JobDispatcher] Shutting down JobDispatcher. Make sure all WorkerDispatcher has finished.
[2025-01-05 13:46:07Z INFO JobDispatcher] Ensure WorkerDispatcher for job bb4a2341-4547-529b-0b61-d4e572cb554d run to finish, cancel any running job.
[2025-01-05 13:46:07Z INFO JobDispatcher] Job request bb4a2341-4547-529b-0b61-d4e572cb554d processed succeed.
[2025-01-05 13:46:07Z INFO Runner] Deleting Runner Session...
[2025-01-05 13:46:07Z INFO Listener] Runner execution been cancelled.
