[2025-01-08 22:32:54Z INFO HostContext] No proxy settings were found based on environmental variables (http_proxy/https_proxy/HTTP_PROXY/HTTPS_PROXY)
[2025-01-08 22:32:54Z INFO HostContext] Well known directory 'Bin': 'C:\myPrivateRepo\GH_Actions_Repo\actions-runner\bin'
[2025-01-08 22:32:54Z INFO HostContext] Well known directory 'Root': 'C:\myPrivateRepo\GH_Actions_Repo\actions-runner'
[2025-01-08 22:32:54Z INFO HostContext] Well known config file 'Credentials': 'C:\myPrivateRepo\GH_Actions_Repo\actions-runner\.credentials'
[2025-01-08 22:32:54Z INFO HostContext] Well known directory 'Bin': 'C:\myPrivateRepo\GH_Actions_Repo\actions-runner\bin'
[2025-01-08 22:32:54Z INFO HostContext] Well known directory 'Root': 'C:\myPrivateRepo\GH_Actions_Repo\actions-runner'
[2025-01-08 22:32:54Z INFO HostContext] Well known config file 'Runner': 'C:\myPrivateRepo\GH_Actions_Repo\actions-runner\.runner'
[2025-01-08 22:32:54Z INFO Listener] Runner is built for Windows (X64) - win-x64.
[2025-01-08 22:32:54Z INFO Listener] RuntimeInformation: Microsoft Windows 10.0.26100.
[2025-01-08 22:32:54Z INFO Listener] Version: 2.321.0
[2025-01-08 22:32:54Z INFO Listener] Commit: e249007931b7c8e857797fa259c167f0bd4f997a
[2025-01-08 22:32:54Z INFO Listener] Culture: en-SE
[2025-01-08 22:32:54Z INFO Listener] UI Culture: en-US
[2025-01-08 22:32:54Z INFO HostContext] Well known directory 'Bin': 'C:\myPrivateRepo\GH_Actions_Repo\actions-runner\bin'
[2025-01-08 22:32:54Z INFO HostContext] Well known directory 'Root': 'C:\myPrivateRepo\GH_Actions_Repo\actions-runner'
[2025-01-08 22:32:54Z INFO Listener] Validating directory permissions for: 'C:\myPrivateRepo\GH_Actions_Repo\actions-runner'
[2025-01-08 22:32:54Z INFO CommandLineParser] Parse
[2025-01-08 22:32:54Z INFO CommandLineParser] Parsing 1 args
[2025-01-08 22:32:54Z INFO CommandLineParser] parsing argument
[2025-01-08 22:32:54Z INFO CommandLineParser] HasArgs: False
[2025-01-08 22:32:54Z INFO CommandLineParser] Adding Command: run
[2025-01-08 22:32:54Z INFO Listener] Arguments parsed
[2025-01-08 22:32:54Z INFO Runner] ExecuteCommand
[2025-01-08 22:32:54Z INFO ConfigurationStore] currentAssemblyLocation: C:\myPrivateRepo\GH_Actions_Repo\actions-runner\bin\Runner.Listener.dll
[2025-01-08 22:32:54Z INFO HostContext] Well known directory 'Bin': 'C:\myPrivateRepo\GH_Actions_Repo\actions-runner\bin'
[2025-01-08 22:32:54Z INFO ConfigurationStore] binPath: C:\myPrivateRepo\GH_Actions_Repo\actions-runner\bin
[2025-01-08 22:32:54Z INFO HostContext] Well known directory 'Bin': 'C:\myPrivateRepo\GH_Actions_Repo\actions-runner\bin'
[2025-01-08 22:32:54Z INFO HostContext] Well known directory 'Root': 'C:\myPrivateRepo\GH_Actions_Repo\actions-runner'
[2025-01-08 22:32:54Z INFO ConfigurationStore] RootFolder: C:\myPrivateRepo\GH_Actions_Repo\actions-runner
[2025-01-08 22:32:54Z INFO HostContext] Well known directory 'Bin': 'C:\myPrivateRepo\GH_Actions_Repo\actions-runner\bin'
[2025-01-08 22:32:54Z INFO HostContext] Well known directory 'Root': 'C:\myPrivateRepo\GH_Actions_Repo\actions-runner'
[2025-01-08 22:32:54Z INFO HostContext] Well known config file 'Runner': 'C:\myPrivateRepo\GH_Actions_Repo\actions-runner\.runner'
[2025-01-08 22:32:54Z INFO ConfigurationStore] ConfigFilePath: C:\myPrivateRepo\GH_Actions_Repo\actions-runner\.runner
[2025-01-08 22:32:54Z INFO HostContext] Well known directory 'Bin': 'C:\myPrivateRepo\GH_Actions_Repo\actions-runner\bin'
[2025-01-08 22:32:54Z INFO HostContext] Well known directory 'Root': 'C:\myPrivateRepo\GH_Actions_Repo\actions-runner'
[2025-01-08 22:32:54Z INFO HostContext] Well known config file 'Credentials': 'C:\myPrivateRepo\GH_Actions_Repo\actions-runner\.credentials'
[2025-01-08 22:32:54Z INFO ConfigurationStore] CredFilePath: C:\myPrivateRepo\GH_Actions_Repo\actions-runner\.credentials
[2025-01-08 22:32:54Z INFO HostContext] Well known directory 'Bin': 'C:\myPrivateRepo\GH_Actions_Repo\actions-runner\bin'
[2025-01-08 22:32:54Z INFO HostContext] Well known directory 'Root': 'C:\myPrivateRepo\GH_Actions_Repo\actions-runner'
[2025-01-08 22:32:54Z INFO HostContext] Well known config file 'MigratedCredentials': 'C:\myPrivateRepo\GH_Actions_Repo\actions-runner\.credentials_migrated'
[2025-01-08 22:32:54Z INFO ConfigurationStore] MigratedCredFilePath: C:\myPrivateRepo\GH_Actions_Repo\actions-runner\.credentials_migrated
[2025-01-08 22:32:54Z INFO HostContext] Well known directory 'Bin': 'C:\myPrivateRepo\GH_Actions_Repo\actions-runner\bin'
[2025-01-08 22:32:54Z INFO HostContext] Well known directory 'Root': 'C:\myPrivateRepo\GH_Actions_Repo\actions-runner'
[2025-01-08 22:32:54Z INFO HostContext] Well known config file 'Service': 'C:\myPrivateRepo\GH_Actions_Repo\actions-runner\.service'
[2025-01-08 22:32:54Z INFO ConfigurationStore] ServiceConfigFilePath: C:\myPrivateRepo\GH_Actions_Repo\actions-runner\.service
[2025-01-08 22:32:54Z INFO CommandSettings] Flag 'help': 'False'
[2025-01-08 22:32:54Z INFO CommandSettings] Flag 'version': 'False'
[2025-01-08 22:32:54Z INFO CommandSettings] Flag 'commit': 'False'
[2025-01-08 22:32:54Z INFO CommandSettings] Flag 'check': 'False'
[2025-01-08 22:32:54Z INFO CommandSettings] Command 'configure': 'False'
[2025-01-08 22:32:54Z INFO CommandSettings] Command 'remove': 'False'
[2025-01-08 22:32:54Z INFO CommandSettings] Command 'warmup': 'False'
[2025-01-08 22:32:54Z INFO ConfigurationManager] LoadSettings
[2025-01-08 22:32:54Z INFO ConfigurationStore] IsConfigured()
[2025-01-08 22:32:54Z INFO ConfigurationStore] IsConfigured: True
[2025-01-08 22:32:54Z INFO ConfigurationManager] Is configured: True
[2025-01-08 22:32:54Z INFO ConfigurationStore] Read setting file: 328 chars
[2025-01-08 22:32:54Z INFO ConfigurationManager] Settings Loaded
[2025-01-08 22:32:54Z INFO ConfigurationStore] IsServiceConfigured()
[2025-01-08 22:32:54Z INFO ConfigurationStore] IsServiceConfigured: False
[2025-01-08 22:32:54Z INFO CommandSettings] Command 'run': 'True'
[2025-01-08 22:32:54Z INFO ConfigurationStore] IsConfigured()
[2025-01-08 22:32:54Z INFO ConfigurationStore] IsConfigured: True
[2025-01-08 22:32:54Z INFO ConfigurationManager] Is configured: True
[2025-01-08 22:32:54Z INFO Runner] Could not parse the argument value '' for StartupType. Defaulting to Manual
[2025-01-08 22:32:54Z INFO Runner] Set runner startup type - Manual
[2025-01-08 22:32:54Z INFO CommandSettings] Flag 'once': 'False'
[2025-01-08 22:32:54Z INFO CommandSettings] Flag 'once': 'False'
[2025-01-08 22:32:54Z INFO Runner] RunAsync
[2025-01-08 22:32:54Z INFO ConfigurationManager] LoadSettings
[2025-01-08 22:32:54Z INFO ConfigurationStore] IsConfigured()
[2025-01-08 22:32:54Z INFO ConfigurationStore] IsConfigured: True
[2025-01-08 22:32:54Z INFO ConfigurationManager] Is configured: True
[2025-01-08 22:32:54Z INFO ConfigurationManager] Settings Loaded
[2025-01-08 22:32:54Z INFO MessageListener] {
  "AgentId": 23,
  "AgentName": "asf_win_runner-1",
  "PoolId": 1,
  "PoolName": "Default",
  "ServerUrl": "https://pipelinesghubeus10.actions.githubusercontent.com/CjsRQFEOKohyZJJc5i1MVXT7oJzUKGYUj7MloaymwI6NCsQYqG/",
  "GitHubUrl": "https://github.com/ardfar68/GH_Actions_Repo",
  "WorkFolder": "asf_runner_folder"
}
[2025-01-08 22:32:54Z INFO MessageListener] Loading Credentials
[2025-01-08 22:32:54Z INFO ConfigurationStore] HasCredentials()
[2025-01-08 22:32:54Z INFO ConfigurationStore] stored True
[2025-01-08 22:32:54Z INFO CredentialManager] GetCredentialProvider
[2025-01-08 22:32:54Z INFO CredentialManager] Creating type OAuth
[2025-01-08 22:32:54Z INFO CredentialManager] Creating credential type: OAuth
[2025-01-08 22:32:54Z INFO HostContext] Well known directory 'Bin': 'C:\myPrivateRepo\GH_Actions_Repo\actions-runner\bin'
[2025-01-08 22:32:54Z INFO HostContext] Well known directory 'Root': 'C:\myPrivateRepo\GH_Actions_Repo\actions-runner'
[2025-01-08 22:32:54Z INFO HostContext] Well known config file 'RSACredentials': 'C:\myPrivateRepo\GH_Actions_Repo\actions-runner\.credentials_rsaparams'
[2025-01-08 22:32:54Z INFO RSAEncryptedFileKeyManager] Loading RSA key parameters from file C:\myPrivateRepo\GH_Actions_Repo\actions-runner\.credentials_rsaparams
[2025-01-08 22:32:54Z INFO MessageListener] Attempt to create session.
[2025-01-08 22:32:54Z INFO MessageListener] Connecting to the Runner Server...
[2025-01-08 22:32:54Z INFO RunnerServer] EstablishVssConnection
[2025-01-08 22:32:54Z INFO RunnerServer] Establish connection with 100 seconds timeout.
[2025-01-08 22:32:54Z INFO GitHubActionsService] Starting operation Location.GetConnectionData
[2025-01-08 22:32:54Z INFO RunnerServer] EstablishVssConnection
[2025-01-08 22:32:54Z INFO RunnerServer] Establish connection with 60 seconds timeout.
[2025-01-08 22:32:54Z INFO GitHubActionsService] Starting operation Location.GetConnectionData
[2025-01-08 22:32:54Z INFO RunnerServer] EstablishVssConnection
[2025-01-08 22:32:54Z INFO RunnerServer] Establish connection with 60 seconds timeout.
[2025-01-08 22:32:54Z INFO GitHubActionsService] Starting operation Location.GetConnectionData
[2025-01-08 22:32:54Z INFO GitHubActionsService] Finished operation Location.GetConnectionData
[2025-01-08 22:32:54Z INFO GitHubActionsService] Finished operation Location.GetConnectionData
[2025-01-08 22:32:54Z INFO GitHubActionsService] Finished operation Location.GetConnectionData
[2025-01-08 22:32:55Z INFO MessageListener] VssConnection created
[2025-01-08 22:32:55Z INFO Terminal] WRITE LINE: 
[2025-01-08 22:32:55Z INFO Terminal] WRITE LINE: 
[2025-01-08 22:32:55Z INFO RSAEncryptedFileKeyManager] Loading RSA key parameters from file C:\myPrivateRepo\GH_Actions_Repo\actions-runner\.credentials_rsaparams
[2025-01-08 22:32:55Z INFO RSAEncryptedFileKeyManager] Loading RSA key parameters from file C:\myPrivateRepo\GH_Actions_Repo\actions-runner\.credentials_rsaparams
[2025-01-08 22:32:56Z INFO GitHubActionsService] AAD Correlation ID for this token request: Unknown
[2025-01-08 22:32:56Z INFO MessageListener] Session created.
[2025-01-08 22:32:56Z INFO Terminal] WRITE LINE: Current runner version: '2.321.0'
[2025-01-08 22:32:56Z INFO Terminal] WRITE LINE: 2025-01-08 22:32:56Z: Listening for Jobs
[2025-01-08 22:32:56Z INFO JobDispatcher] Set runner/worker IPC timeout to 30 seconds.
[2025-01-08 22:32:56Z INFO RSAEncryptedFileKeyManager] Loading RSA key parameters from file C:\myPrivateRepo\GH_Actions_Repo\actions-runner\.credentials_rsaparams
[2025-01-08 22:32:57Z INFO GitHubActionsService] AAD Correlation ID for this token request: Unknown
[2025-01-08 23:03:12Z INFO MessageListener] No message retrieved from session '40cb43a7-fe09-4301-8989-59a3a5a1a755' within last 30 minutes.
[2025-01-08 23:23:22Z INFO RSAEncryptedFileKeyManager] Loading RSA key parameters from file C:\myPrivateRepo\GH_Actions_Repo\actions-runner\.credentials_rsaparams
[2025-01-08 23:23:23Z INFO GitHubActionsService] AAD Correlation ID for this token request: Unknown
[2025-01-08 23:28:27Z INFO RSAEncryptedFileKeyManager] Loading RSA key parameters from file C:\myPrivateRepo\GH_Actions_Repo\actions-runner\.credentials_rsaparams
[2025-01-08 23:28:27Z INFO GitHubActionsService] AAD Correlation ID for this token request: Unknown
[2025-01-08 23:33:30Z INFO MessageListener] No message retrieved from session '40cb43a7-fe09-4301-8989-59a3a5a1a755' within last 30 minutes.
[2025-01-09 07:34:04Z INFO MessageListener] No message retrieved from session '40cb43a7-fe09-4301-8989-59a3a5a1a755' within last 30 minutes.
[2025-01-09 07:34:05Z WARN GitHubActionsService] Attempt 1 of GET request to https://pipelinesghubeus10.actions.githubusercontent.com/CjsRQFEOKohyZJJc5i1MVXT7oJzUKGYUj7MloaymwI6NCsQYqG/_apis/distributedtask/pools/1/messages?sessionId=40cb43a7-fe09-4301-8989-59a3a5a1a755&status=Online&runnerVersion=2.321.0&os=Windows&architecture=X64&disableUpdate=false failed (Socket Error: ConnectionReset). The operation will be retried in 10,844 seconds.
[2025-01-09 07:34:16Z INFO RSAEncryptedFileKeyManager] Loading RSA key parameters from file C:\myPrivateRepo\GH_Actions_Repo\actions-runner\.credentials_rsaparams
[2025-01-09 07:34:17Z INFO GitHubActionsService] AAD Correlation ID for this token request: Unknown
[2025-01-09 07:34:36Z WARN GitHubActionsService] Attempt 1 of GET request to https://broker.actions.githubusercontent.com/message?sessionId=40cb43a7-fe09-4301-8989-59a3a5a1a755&status=Online&runnerVersion=2.321.0&os=Windows&architecture=X64&disableUpdate=false failed (Socket Error: ConnectionReset). The operation will be retried in 11,092 seconds.
[2025-01-09 07:34:48Z INFO RSAEncryptedFileKeyManager] Loading RSA key parameters from file C:\myPrivateRepo\GH_Actions_Repo\actions-runner\.credentials_rsaparams
[2025-01-09 07:34:48Z INFO GitHubActionsService] AAD Correlation ID for this token request: Unknown
