[2025-01-05 12:56:57Z INFO HostContext] No proxy settings were found based on environmental variables (http_proxy/https_proxy/HTTP_PROXY/HTTPS_PROXY)
[2025-01-05 12:56:57Z INFO HostContext] Well known directory 'Bin': 'C:\myPrivateRepo\GH_Actions_Repo\actions-runner\bin'
[2025-01-05 12:56:57Z INFO HostContext] Well known directory 'Root': 'C:\myPrivateRepo\GH_Actions_Repo\actions-runner'
[2025-01-05 12:56:57Z INFO HostContext] Well known config file 'Credentials': 'C:\myPrivateRepo\GH_Actions_Repo\actions-runner\.credentials'
[2025-01-05 12:56:57Z INFO HostContext] Well known directory 'Bin': 'C:\myPrivateRepo\GH_Actions_Repo\actions-runner\bin'
[2025-01-05 12:56:57Z INFO HostContext] Well known directory 'Root': 'C:\myPrivateRepo\GH_Actions_Repo\actions-runner'
[2025-01-05 12:56:57Z INFO HostContext] Well known config file 'Runner': 'C:\myPrivateRepo\GH_Actions_Repo\actions-runner\.runner'
[2025-01-05 12:56:57Z INFO Listener] Runner is built for Windows (X64) - win-x64.
[2025-01-05 12:56:57Z INFO Listener] RuntimeInformation: Microsoft Windows 10.0.26100.
[2025-01-05 12:56:57Z INFO Listener] Version: 2.321.0
[2025-01-05 12:56:57Z INFO Listener] Commit: e249007931b7c8e857797fa259c167f0bd4f997a
[2025-01-05 12:56:57Z INFO Listener] Culture: en-SE
[2025-01-05 12:56:57Z INFO Listener] UI Culture: en-US
[2025-01-05 12:56:57Z INFO HostContext] Well known directory 'Bin': 'C:\myPrivateRepo\GH_Actions_Repo\actions-runner\bin'
[2025-01-05 12:56:57Z INFO HostContext] Well known directory 'Root': 'C:\myPrivateRepo\GH_Actions_Repo\actions-runner'
[2025-01-05 12:56:57Z INFO Listener] Validating directory permissions for: 'C:\myPrivateRepo\GH_Actions_Repo\actions-runner'
[2025-01-05 12:56:57Z INFO CommandLineParser] Parse
[2025-01-05 12:56:57Z INFO CommandLineParser] Parsing 1 args
[2025-01-05 12:56:57Z INFO CommandLineParser] parsing argument
[2025-01-05 12:56:57Z INFO CommandLineParser] HasArgs: False
[2025-01-05 12:56:57Z INFO CommandLineParser] Adding Command: run
[2025-01-05 12:56:57Z INFO Listener] Arguments parsed
[2025-01-05 12:56:57Z INFO Runner] ExecuteCommand
[2025-01-05 12:56:57Z INFO ConfigurationStore] currentAssemblyLocation: C:\myPrivateRepo\GH_Actions_Repo\actions-runner\bin\Runner.Listener.dll
[2025-01-05 12:56:57Z INFO HostContext] Well known directory 'Bin': 'C:\myPrivateRepo\GH_Actions_Repo\actions-runner\bin'
[2025-01-05 12:56:57Z INFO ConfigurationStore] binPath: C:\myPrivateRepo\GH_Actions_Repo\actions-runner\bin
[2025-01-05 12:56:57Z INFO HostContext] Well known directory 'Bin': 'C:\myPrivateRepo\GH_Actions_Repo\actions-runner\bin'
[2025-01-05 12:56:57Z INFO HostContext] Well known directory 'Root': 'C:\myPrivateRepo\GH_Actions_Repo\actions-runner'
[2025-01-05 12:56:57Z INFO ConfigurationStore] RootFolder: C:\myPrivateRepo\GH_Actions_Repo\actions-runner
[2025-01-05 12:56:57Z INFO HostContext] Well known directory 'Bin': 'C:\myPrivateRepo\GH_Actions_Repo\actions-runner\bin'
[2025-01-05 12:56:57Z INFO HostContext] Well known directory 'Root': 'C:\myPrivateRepo\GH_Actions_Repo\actions-runner'
[2025-01-05 12:56:57Z INFO HostContext] Well known config file 'Runner': 'C:\myPrivateRepo\GH_Actions_Repo\actions-runner\.runner'
[2025-01-05 12:56:57Z INFO ConfigurationStore] ConfigFilePath: C:\myPrivateRepo\GH_Actions_Repo\actions-runner\.runner
[2025-01-05 12:56:57Z INFO HostContext] Well known directory 'Bin': 'C:\myPrivateRepo\GH_Actions_Repo\actions-runner\bin'
[2025-01-05 12:56:57Z INFO HostContext] Well known directory 'Root': 'C:\myPrivateRepo\GH_Actions_Repo\actions-runner'
[2025-01-05 12:56:57Z INFO HostContext] Well known config file 'Credentials': 'C:\myPrivateRepo\GH_Actions_Repo\actions-runner\.credentials'
[2025-01-05 12:56:57Z INFO ConfigurationStore] CredFilePath: C:\myPrivateRepo\GH_Actions_Repo\actions-runner\.credentials
[2025-01-05 12:56:57Z INFO HostContext] Well known directory 'Bin': 'C:\myPrivateRepo\GH_Actions_Repo\actions-runner\bin'
[2025-01-05 12:56:57Z INFO HostContext] Well known directory 'Root': 'C:\myPrivateRepo\GH_Actions_Repo\actions-runner'
[2025-01-05 12:56:57Z INFO HostContext] Well known config file 'MigratedCredentials': 'C:\myPrivateRepo\GH_Actions_Repo\actions-runner\.credentials_migrated'
[2025-01-05 12:56:57Z INFO ConfigurationStore] MigratedCredFilePath: C:\myPrivateRepo\GH_Actions_Repo\actions-runner\.credentials_migrated
[2025-01-05 12:56:57Z INFO HostContext] Well known directory 'Bin': 'C:\myPrivateRepo\GH_Actions_Repo\actions-runner\bin'
[2025-01-05 12:56:57Z INFO HostContext] Well known directory 'Root': 'C:\myPrivateRepo\GH_Actions_Repo\actions-runner'
[2025-01-05 12:56:57Z INFO HostContext] Well known config file 'Service': 'C:\myPrivateRepo\GH_Actions_Repo\actions-runner\.service'
[2025-01-05 12:56:57Z INFO ConfigurationStore] ServiceConfigFilePath: C:\myPrivateRepo\GH_Actions_Repo\actions-runner\.service
[2025-01-05 12:56:57Z INFO CommandSettings] Flag 'help': 'False'
[2025-01-05 12:56:57Z INFO CommandSettings] Flag 'version': 'False'
[2025-01-05 12:56:57Z INFO CommandSettings] Flag 'commit': 'False'
[2025-01-05 12:56:57Z INFO CommandSettings] Flag 'check': 'False'
[2025-01-05 12:56:57Z INFO CommandSettings] Command 'configure': 'False'
[2025-01-05 12:56:57Z INFO CommandSettings] Command 'remove': 'False'
[2025-01-05 12:56:57Z INFO CommandSettings] Command 'warmup': 'False'
[2025-01-05 12:56:57Z INFO ConfigurationManager] LoadSettings
[2025-01-05 12:56:57Z INFO ConfigurationStore] IsConfigured()
[2025-01-05 12:56:57Z INFO ConfigurationStore] IsConfigured: True
[2025-01-05 12:56:57Z INFO ConfigurationManager] Is configured: True
[2025-01-05 12:56:57Z INFO ConfigurationStore] Read setting file: 328 chars
[2025-01-05 12:56:57Z INFO ConfigurationManager] Settings Loaded
[2025-01-05 12:56:57Z INFO ConfigurationStore] IsServiceConfigured()
[2025-01-05 12:56:57Z INFO ConfigurationStore] IsServiceConfigured: False
[2025-01-05 12:56:57Z INFO CommandSettings] Command 'run': 'True'
[2025-01-05 12:56:57Z INFO ConfigurationStore] IsConfigured()
[2025-01-05 12:56:57Z INFO ConfigurationStore] IsConfigured: True
[2025-01-05 12:56:57Z INFO ConfigurationManager] Is configured: True
[2025-01-05 12:56:57Z INFO Runner] Could not parse the argument value '' for StartupType. Defaulting to Manual
[2025-01-05 12:56:57Z INFO Runner] Set runner startup type - Manual
[2025-01-05 12:56:57Z INFO CommandSettings] Flag 'once': 'False'
[2025-01-05 12:56:57Z INFO CommandSettings] Flag 'once': 'False'
[2025-01-05 12:56:57Z INFO Runner] RunAsync
[2025-01-05 12:56:57Z INFO ConfigurationManager] LoadSettings
[2025-01-05 12:56:57Z INFO ConfigurationStore] IsConfigured()
[2025-01-05 12:56:57Z INFO ConfigurationStore] IsConfigured: True
[2025-01-05 12:56:57Z INFO ConfigurationManager] Is configured: True
[2025-01-05 12:56:57Z INFO ConfigurationManager] Settings Loaded
[2025-01-05 12:56:57Z INFO MessageListener] {
  "AgentId": 23,
  "AgentName": "asf_win_runner-1",
  "PoolId": 1,
  "PoolName": "Default",
  "ServerUrl": "https://pipelinesghubeus10.actions.githubusercontent.com/CjsRQFEOKohyZJJc5i1MVXT7oJzUKGYUj7MloaymwI6NCsQYqG/",
  "GitHubUrl": "https://github.com/ardfar68/GH_Actions_Repo",
  "WorkFolder": "asf_runner_folder"
}
[2025-01-05 12:56:57Z INFO MessageListener] Loading Credentials
[2025-01-05 12:56:57Z INFO ConfigurationStore] HasCredentials()
[2025-01-05 12:56:57Z INFO ConfigurationStore] stored True
[2025-01-05 12:56:57Z INFO CredentialManager] GetCredentialProvider
[2025-01-05 12:56:57Z INFO CredentialManager] Creating type OAuth
[2025-01-05 12:56:57Z INFO CredentialManager] Creating credential type: OAuth
[2025-01-05 12:56:57Z INFO HostContext] Well known directory 'Bin': 'C:\myPrivateRepo\GH_Actions_Repo\actions-runner\bin'
[2025-01-05 12:56:57Z INFO HostContext] Well known directory 'Root': 'C:\myPrivateRepo\GH_Actions_Repo\actions-runner'
[2025-01-05 12:56:57Z INFO HostContext] Well known config file 'RSACredentials': 'C:\myPrivateRepo\GH_Actions_Repo\actions-runner\.credentials_rsaparams'
[2025-01-05 12:56:57Z INFO RSAEncryptedFileKeyManager] Loading RSA key parameters from file C:\myPrivateRepo\GH_Actions_Repo\actions-runner\.credentials_rsaparams
[2025-01-05 12:56:57Z INFO MessageListener] Attempt to create session.
[2025-01-05 12:56:57Z INFO MessageListener] Connecting to the Runner Server...
[2025-01-05 12:56:57Z INFO RunnerServer] EstablishVssConnection
[2025-01-05 12:56:57Z INFO RunnerServer] Establish connection with 100 seconds timeout.
[2025-01-05 12:56:57Z INFO GitHubActionsService] Starting operation Location.GetConnectionData
[2025-01-05 12:56:57Z INFO RunnerServer] EstablishVssConnection
[2025-01-05 12:56:57Z INFO RunnerServer] Establish connection with 60 seconds timeout.
[2025-01-05 12:56:57Z INFO GitHubActionsService] Starting operation Location.GetConnectionData
[2025-01-05 12:56:57Z INFO RunnerServer] EstablishVssConnection
[2025-01-05 12:56:57Z INFO RunnerServer] Establish connection with 60 seconds timeout.
[2025-01-05 12:56:57Z INFO GitHubActionsService] Starting operation Location.GetConnectionData
[2025-01-05 12:56:58Z INFO GitHubActionsService] Finished operation Location.GetConnectionData
[2025-01-05 12:56:58Z INFO GitHubActionsService] Finished operation Location.GetConnectionData
[2025-01-05 12:56:58Z INFO GitHubActionsService] Finished operation Location.GetConnectionData
[2025-01-05 12:56:58Z INFO MessageListener] VssConnection created
[2025-01-05 12:56:58Z INFO Terminal] WRITE LINE: 
[2025-01-05 12:56:58Z INFO Terminal] WRITE LINE: 
[2025-01-05 12:56:58Z INFO RSAEncryptedFileKeyManager] Loading RSA key parameters from file C:\myPrivateRepo\GH_Actions_Repo\actions-runner\.credentials_rsaparams
[2025-01-05 12:56:58Z INFO RSAEncryptedFileKeyManager] Loading RSA key parameters from file C:\myPrivateRepo\GH_Actions_Repo\actions-runner\.credentials_rsaparams
[2025-01-05 12:56:59Z INFO GitHubActionsService] AAD Correlation ID for this token request: Unknown
[2025-01-05 12:56:59Z INFO MessageListener] Session created.
[2025-01-05 12:56:59Z INFO Terminal] WRITE LINE: Current runner version: '2.321.0'
[2025-01-05 12:56:59Z INFO Terminal] WRITE LINE: 2025-01-05 12:56:59Z: Listening for Jobs
[2025-01-05 12:56:59Z INFO JobDispatcher] Set runner/worker IPC timeout to 30 seconds.
[2025-01-05 12:56:59Z INFO RSAEncryptedFileKeyManager] Loading RSA key parameters from file C:\myPrivateRepo\GH_Actions_Repo\actions-runner\.credentials_rsaparams
[2025-01-05 12:57:00Z INFO GitHubActionsService] AAD Correlation ID for this token request: Unknown
[2025-01-05 13:05:50Z INFO MessageListener] Message '6907232301112837028' received from session '078883b5-a312-4f06-8820-1a4f32493cb1'.
[2025-01-05 13:05:50Z INFO ConfigurationStore] HasCredentials()
[2025-01-05 13:05:50Z INFO ConfigurationStore] stored True
[2025-01-05 13:05:50Z INFO CredentialManager] GetCredentialProvider
[2025-01-05 13:05:50Z INFO CredentialManager] Creating type OAuth
[2025-01-05 13:05:50Z INFO CredentialManager] Creating credential type: OAuth
[2025-01-05 13:05:50Z INFO RSAEncryptedFileKeyManager] Loading RSA key parameters from file C:\myPrivateRepo\GH_Actions_Repo\actions-runner\.credentials_rsaparams
[2025-01-05 13:05:50Z INFO ActionsRunServer] EstablishVssConnection
[2025-01-05 13:05:50Z INFO ActionsRunServer] Establish connection with 100 seconds timeout.
[2025-01-05 13:05:50Z INFO GitHubActionsService] Starting operation Location.GetConnectionData
[2025-01-05 13:05:51Z INFO GitHubActionsService] Finished operation Location.GetConnectionData
[2025-01-05 13:05:51Z INFO RSAEncryptedFileKeyManager] Loading RSA key parameters from file C:\myPrivateRepo\GH_Actions_Repo\actions-runner\.credentials_rsaparams
[2025-01-05 13:05:51Z INFO RSAEncryptedFileKeyManager] Loading RSA key parameters from file C:\myPrivateRepo\GH_Actions_Repo\actions-runner\.credentials_rsaparams
[2025-01-05 13:05:52Z INFO GitHubActionsService] AAD Correlation ID for this token request: Unknown
[2025-01-05 13:05:52Z INFO JobDispatcher] Job request 187 for plan 01b2500b-af6e-492a-a7c6-0f99c20545f9 job bb4a2341-4547-529b-0b61-d4e572cb554d received.
[2025-01-05 13:05:52Z INFO JobDispatcher] Pull OrchestrationId 01b2500b-af6e-492a-a7c6-0f99c20545f9.stage_environment.__default from JWT claims
[2025-01-05 13:05:52Z INFO MessageListener] Received job status event. JobState: Busy
[2025-01-05 13:05:52Z INFO MessageListener] _getMessagesTokenSource is already disposed.
[2025-01-05 13:05:52Z INFO Terminal] WRITE LINE: 2025-01-05 13:05:52Z: Running job: Run on stage env
[2025-01-05 13:05:52Z INFO JobDispatcher] Start renew job request 187 for job bb4a2341-4547-529b-0b61-d4e572cb554d.
[2025-01-05 13:05:53Z INFO JobDispatcher] Successfully renew job request 187, job is valid till 2025-01-05 13:15:53
[2025-01-05 13:05:53Z INFO HostContext] Well known directory 'Bin': 'C:\myPrivateRepo\GH_Actions_Repo\actions-runner\bin'
[2025-01-05 13:05:53Z INFO ProcessInvokerWrapper] Starting process:
[2025-01-05 13:05:53Z INFO ProcessInvokerWrapper]   File name: 'C:\myPrivateRepo\GH_Actions_Repo\actions-runner\bin\Runner.Worker.exe'
[2025-01-05 13:05:53Z INFO ProcessInvokerWrapper]   Arguments: 'spawnclient 1508 1256'
[2025-01-05 13:05:53Z INFO ProcessInvokerWrapper]   Working directory: 'C:\myPrivateRepo\GH_Actions_Repo\actions-runner\bin'
[2025-01-05 13:05:53Z INFO ProcessInvokerWrapper]   Require exit code zero: 'False'
[2025-01-05 13:05:53Z INFO ProcessInvokerWrapper]   Encoding web name:  ; code page: ''
[2025-01-05 13:05:53Z INFO ProcessInvokerWrapper]   Force kill process on cancellation: 'True'
[2025-01-05 13:05:53Z INFO ProcessInvokerWrapper]   Redirected STDIN: 'False'
[2025-01-05 13:05:53Z INFO ProcessInvokerWrapper]   Persist current code page: 'False'
[2025-01-05 13:05:53Z INFO ProcessInvokerWrapper]   Keep redirected STDIN open: 'False'
[2025-01-05 13:05:53Z INFO ProcessInvokerWrapper]   High priority process: 'True'
[2025-01-05 13:05:53Z INFO ProcessInvokerWrapper] Process started with process id 40212, waiting for process exit.
[2025-01-05 13:05:53Z INFO JobDispatcher] Send job request message to worker for job bb4a2341-4547-529b-0b61-d4e572cb554d.
[2025-01-05 13:05:53Z INFO ProcessChannel] Sending message of length 22272, with hash '2ff57cb2e65a3cee03966805a14ca8d030b53faf151f94562428f0cf81a352dc'
[2025-01-05 13:05:53Z INFO JobNotification] Entering JobStarted Notification
[2025-01-05 13:05:53Z INFO JobNotification] Entering StartMonitor
[2025-01-05 13:06:19Z INFO ProcessInvokerWrapper] STDOUT/STDERR stream read finished.
[2025-01-05 13:06:19Z INFO ProcessInvokerWrapper] STDOUT/STDERR stream read finished.
[2025-01-05 13:06:19Z INFO ProcessInvokerWrapper] Finished process 40212 with exit code 102, and elapsed time 00:00:26.6485519.
[2025-01-05 13:06:19Z INFO JobDispatcher] Worker finished for job bb4a2341-4547-529b-0b61-d4e572cb554d. Code: 102
[2025-01-05 13:06:19Z INFO JobDispatcher] finish job request for job bb4a2341-4547-529b-0b61-d4e572cb554d with result: Failed
[2025-01-05 13:06:19Z INFO Terminal] WRITE LINE: 2025-01-05 13:06:19Z: Job Run on stage env completed with result: Failed
[2025-01-05 13:06:19Z INFO JobDispatcher] Stop renew job request for job bb4a2341-4547-529b-0b61-d4e572cb554d.
[2025-01-05 13:06:19Z INFO JobDispatcher] job renew has been cancelled, stop renew job request 187.
[2025-01-05 13:06:19Z INFO JobNotification] Entering JobCompleted Notification
[2025-01-05 13:06:19Z INFO JobNotification] Entering EndMonitor
[2025-01-05 13:06:19Z INFO MessageListener] Received job status event. JobState: Online
