[2025-01-05 13:46:21Z INFO HostContext] No proxy settings were found based on environmental variables (http_proxy/https_proxy/HTTP_PROXY/HTTPS_PROXY)
[2025-01-05 13:46:21Z INFO HostContext] Well known directory 'Bin': 'C:\myPrivateRepo\GH_Actions_Repo\actions-runner\bin'
[2025-01-05 13:46:21Z INFO HostContext] Well known directory 'Root': 'C:\myPrivateRepo\GH_Actions_Repo\actions-runner'
[2025-01-05 13:46:21Z INFO HostContext] Well known config file 'Credentials': 'C:\myPrivateRepo\GH_Actions_Repo\actions-runner\.credentials'
[2025-01-05 13:46:21Z INFO HostContext] Well known directory 'Bin': 'C:\myPrivateRepo\GH_Actions_Repo\actions-runner\bin'
[2025-01-05 13:46:21Z INFO HostContext] Well known directory 'Root': 'C:\myPrivateRepo\GH_Actions_Repo\actions-runner'
[2025-01-05 13:46:21Z INFO HostContext] Well known config file 'Runner': 'C:\myPrivateRepo\GH_Actions_Repo\actions-runner\.runner'
[2025-01-05 13:46:21Z INFO Listener] Runner is built for Windows (X64) - win-x64.
[2025-01-05 13:46:21Z INFO Listener] RuntimeInformation: Microsoft Windows 10.0.26100.
[2025-01-05 13:46:21Z INFO Listener] Version: 2.321.0
[2025-01-05 13:46:21Z INFO Listener] Commit: e249007931b7c8e857797fa259c167f0bd4f997a
[2025-01-05 13:46:21Z INFO Listener] Culture: en-SE
[2025-01-05 13:46:21Z INFO Listener] UI Culture: en-US
[2025-01-05 13:46:21Z INFO HostContext] Well known directory 'Bin': 'C:\myPrivateRepo\GH_Actions_Repo\actions-runner\bin'
[2025-01-05 13:46:21Z INFO HostContext] Well known directory 'Root': 'C:\myPrivateRepo\GH_Actions_Repo\actions-runner'
[2025-01-05 13:46:21Z INFO Listener] Validating directory permissions for: 'C:\myPrivateRepo\GH_Actions_Repo\actions-runner'
[2025-01-05 13:46:21Z INFO CommandLineParser] Parse
[2025-01-05 13:46:21Z INFO CommandLineParser] Parsing 1 args
[2025-01-05 13:46:21Z INFO CommandLineParser] parsing argument
[2025-01-05 13:46:21Z INFO CommandLineParser] HasArgs: False
[2025-01-05 13:46:21Z INFO CommandLineParser] Adding Command: run
[2025-01-05 13:46:21Z INFO Listener] Arguments parsed
[2025-01-05 13:46:21Z INFO Runner] ExecuteCommand
[2025-01-05 13:46:21Z INFO ConfigurationStore] currentAssemblyLocation: C:\myPrivateRepo\GH_Actions_Repo\actions-runner\bin\Runner.Listener.dll
[2025-01-05 13:46:21Z INFO HostContext] Well known directory 'Bin': 'C:\myPrivateRepo\GH_Actions_Repo\actions-runner\bin'
[2025-01-05 13:46:21Z INFO ConfigurationStore] binPath: C:\myPrivateRepo\GH_Actions_Repo\actions-runner\bin
[2025-01-05 13:46:21Z INFO HostContext] Well known directory 'Bin': 'C:\myPrivateRepo\GH_Actions_Repo\actions-runner\bin'
[2025-01-05 13:46:21Z INFO HostContext] Well known directory 'Root': 'C:\myPrivateRepo\GH_Actions_Repo\actions-runner'
[2025-01-05 13:46:21Z INFO ConfigurationStore] RootFolder: C:\myPrivateRepo\GH_Actions_Repo\actions-runner
[2025-01-05 13:46:21Z INFO HostContext] Well known directory 'Bin': 'C:\myPrivateRepo\GH_Actions_Repo\actions-runner\bin'
[2025-01-05 13:46:21Z INFO HostContext] Well known directory 'Root': 'C:\myPrivateRepo\GH_Actions_Repo\actions-runner'
[2025-01-05 13:46:21Z INFO HostContext] Well known config file 'Runner': 'C:\myPrivateRepo\GH_Actions_Repo\actions-runner\.runner'
[2025-01-05 13:46:21Z INFO ConfigurationStore] ConfigFilePath: C:\myPrivateRepo\GH_Actions_Repo\actions-runner\.runner
[2025-01-05 13:46:21Z INFO HostContext] Well known directory 'Bin': 'C:\myPrivateRepo\GH_Actions_Repo\actions-runner\bin'
[2025-01-05 13:46:21Z INFO HostContext] Well known directory 'Root': 'C:\myPrivateRepo\GH_Actions_Repo\actions-runner'
[2025-01-05 13:46:21Z INFO HostContext] Well known config file 'Credentials': 'C:\myPrivateRepo\GH_Actions_Repo\actions-runner\.credentials'
[2025-01-05 13:46:21Z INFO ConfigurationStore] CredFilePath: C:\myPrivateRepo\GH_Actions_Repo\actions-runner\.credentials
[2025-01-05 13:46:21Z INFO HostContext] Well known directory 'Bin': 'C:\myPrivateRepo\GH_Actions_Repo\actions-runner\bin'
[2025-01-05 13:46:21Z INFO HostContext] Well known directory 'Root': 'C:\myPrivateRepo\GH_Actions_Repo\actions-runner'
[2025-01-05 13:46:21Z INFO HostContext] Well known config file 'MigratedCredentials': 'C:\myPrivateRepo\GH_Actions_Repo\actions-runner\.credentials_migrated'
[2025-01-05 13:46:21Z INFO ConfigurationStore] MigratedCredFilePath: C:\myPrivateRepo\GH_Actions_Repo\actions-runner\.credentials_migrated
[2025-01-05 13:46:21Z INFO HostContext] Well known directory 'Bin': 'C:\myPrivateRepo\GH_Actions_Repo\actions-runner\bin'
[2025-01-05 13:46:21Z INFO HostContext] Well known directory 'Root': 'C:\myPrivateRepo\GH_Actions_Repo\actions-runner'
[2025-01-05 13:46:21Z INFO HostContext] Well known config file 'Service': 'C:\myPrivateRepo\GH_Actions_Repo\actions-runner\.service'
[2025-01-05 13:46:21Z INFO ConfigurationStore] ServiceConfigFilePath: C:\myPrivateRepo\GH_Actions_Repo\actions-runner\.service
[2025-01-05 13:46:21Z INFO CommandSettings] Flag 'help': 'False'
[2025-01-05 13:46:21Z INFO CommandSettings] Flag 'version': 'False'
[2025-01-05 13:46:21Z INFO CommandSettings] Flag 'commit': 'False'
[2025-01-05 13:46:21Z INFO CommandSettings] Flag 'check': 'False'
[2025-01-05 13:46:21Z INFO CommandSettings] Command 'configure': 'False'
[2025-01-05 13:46:21Z INFO CommandSettings] Command 'remove': 'False'
[2025-01-05 13:46:21Z INFO CommandSettings] Command 'warmup': 'False'
[2025-01-05 13:46:21Z INFO ConfigurationManager] LoadSettings
[2025-01-05 13:46:21Z INFO ConfigurationStore] IsConfigured()
[2025-01-05 13:46:21Z INFO ConfigurationStore] IsConfigured: True
[2025-01-05 13:46:21Z INFO ConfigurationManager] Is configured: True
[2025-01-05 13:46:21Z INFO ConfigurationStore] Read setting file: 328 chars
[2025-01-05 13:46:21Z INFO ConfigurationManager] Settings Loaded
[2025-01-05 13:46:21Z INFO ConfigurationStore] IsServiceConfigured()
[2025-01-05 13:46:21Z INFO ConfigurationStore] IsServiceConfigured: False
[2025-01-05 13:46:21Z INFO CommandSettings] Command 'run': 'True'
[2025-01-05 13:46:21Z INFO ConfigurationStore] IsConfigured()
[2025-01-05 13:46:21Z INFO ConfigurationStore] IsConfigured: True
[2025-01-05 13:46:21Z INFO ConfigurationManager] Is configured: True
[2025-01-05 13:46:21Z INFO Runner] Could not parse the argument value '' for StartupType. Defaulting to Manual
[2025-01-05 13:46:21Z INFO Runner] Set runner startup type - Manual
[2025-01-05 13:46:21Z INFO CommandSettings] Flag 'once': 'False'
[2025-01-05 13:46:21Z INFO CommandSettings] Flag 'once': 'False'
[2025-01-05 13:46:21Z INFO Runner] RunAsync
[2025-01-05 13:46:21Z INFO ConfigurationManager] LoadSettings
[2025-01-05 13:46:21Z INFO ConfigurationStore] IsConfigured()
[2025-01-05 13:46:21Z INFO ConfigurationStore] IsConfigured: True
[2025-01-05 13:46:21Z INFO ConfigurationManager] Is configured: True
[2025-01-05 13:46:21Z INFO ConfigurationManager] Settings Loaded
[2025-01-05 13:46:21Z INFO MessageListener] {
  "AgentId": 23,
  "AgentName": "asf_win_runner-1",
  "PoolId": 1,
  "PoolName": "Default",
  "ServerUrl": "https://pipelinesghubeus10.actions.githubusercontent.com/CjsRQFEOKohyZJJc5i1MVXT7oJzUKGYUj7MloaymwI6NCsQYqG/",
  "GitHubUrl": "https://github.com/ardfar68/GH_Actions_Repo",
  "WorkFolder": "asf_runner_folder"
}
[2025-01-05 13:46:21Z INFO MessageListener] Loading Credentials
[2025-01-05 13:46:21Z INFO ConfigurationStore] HasCredentials()
[2025-01-05 13:46:21Z INFO ConfigurationStore] stored True
[2025-01-05 13:46:21Z INFO CredentialManager] GetCredentialProvider
[2025-01-05 13:46:21Z INFO CredentialManager] Creating type OAuth
[2025-01-05 13:46:21Z INFO CredentialManager] Creating credential type: OAuth
[2025-01-05 13:46:21Z INFO HostContext] Well known directory 'Bin': 'C:\myPrivateRepo\GH_Actions_Repo\actions-runner\bin'
[2025-01-05 13:46:21Z INFO HostContext] Well known directory 'Root': 'C:\myPrivateRepo\GH_Actions_Repo\actions-runner'
[2025-01-05 13:46:21Z INFO HostContext] Well known config file 'RSACredentials': 'C:\myPrivateRepo\GH_Actions_Repo\actions-runner\.credentials_rsaparams'
[2025-01-05 13:46:21Z INFO RSAEncryptedFileKeyManager] Loading RSA key parameters from file C:\myPrivateRepo\GH_Actions_Repo\actions-runner\.credentials_rsaparams
[2025-01-05 13:46:21Z INFO MessageListener] Attempt to create session.
[2025-01-05 13:46:21Z INFO MessageListener] Connecting to the Runner Server...
[2025-01-05 13:46:21Z INFO RunnerServer] EstablishVssConnection
[2025-01-05 13:46:21Z INFO RunnerServer] Establish connection with 100 seconds timeout.
[2025-01-05 13:46:21Z INFO GitHubActionsService] Starting operation Location.GetConnectionData
[2025-01-05 13:46:21Z INFO RunnerServer] EstablishVssConnection
[2025-01-05 13:46:21Z INFO RunnerServer] Establish connection with 60 seconds timeout.
[2025-01-05 13:46:21Z INFO GitHubActionsService] Starting operation Location.GetConnectionData
[2025-01-05 13:46:21Z INFO RunnerServer] EstablishVssConnection
[2025-01-05 13:46:21Z INFO RunnerServer] Establish connection with 60 seconds timeout.
[2025-01-05 13:46:21Z INFO GitHubActionsService] Starting operation Location.GetConnectionData
[2025-01-05 13:46:21Z INFO GitHubActionsService] Finished operation Location.GetConnectionData
[2025-01-05 13:46:21Z INFO GitHubActionsService] Finished operation Location.GetConnectionData
[2025-01-05 13:46:21Z INFO GitHubActionsService] Finished operation Location.GetConnectionData
[2025-01-05 13:46:22Z INFO MessageListener] VssConnection created
[2025-01-05 13:46:22Z INFO Terminal] WRITE LINE: 
[2025-01-05 13:46:22Z INFO Terminal] WRITE LINE: 
[2025-01-05 13:46:22Z INFO RSAEncryptedFileKeyManager] Loading RSA key parameters from file C:\myPrivateRepo\GH_Actions_Repo\actions-runner\.credentials_rsaparams
[2025-01-05 13:46:22Z INFO RSAEncryptedFileKeyManager] Loading RSA key parameters from file C:\myPrivateRepo\GH_Actions_Repo\actions-runner\.credentials_rsaparams
[2025-01-05 13:46:23Z INFO GitHubActionsService] AAD Correlation ID for this token request: Unknown
[2025-01-05 13:46:23Z INFO MessageListener] Session created.
[2025-01-05 13:46:23Z INFO Terminal] WRITE LINE: Current runner version: '2.321.0'
[2025-01-05 13:46:23Z INFO Terminal] WRITE LINE: 2025-01-05 13:46:23Z: Listening for Jobs
[2025-01-05 13:46:23Z INFO JobDispatcher] Set runner/worker IPC timeout to 30 seconds.
[2025-01-05 13:46:23Z INFO RSAEncryptedFileKeyManager] Loading RSA key parameters from file C:\myPrivateRepo\GH_Actions_Repo\actions-runner\.credentials_rsaparams
[2025-01-05 13:46:24Z INFO GitHubActionsService] AAD Correlation ID for this token request: Unknown
[2025-01-05 14:16:39Z INFO MessageListener] No message retrieved from session '485281e2-b299-4774-bf9f-1c98437e0eba' within last 30 minutes.
[2025-01-05 14:36:51Z INFO RSAEncryptedFileKeyManager] Loading RSA key parameters from file C:\myPrivateRepo\GH_Actions_Repo\actions-runner\.credentials_rsaparams
[2025-01-05 14:36:52Z INFO GitHubActionsService] AAD Correlation ID for this token request: Unknown
[2025-01-05 14:41:55Z INFO RSAEncryptedFileKeyManager] Loading RSA key parameters from file C:\myPrivateRepo\GH_Actions_Repo\actions-runner\.credentials_rsaparams
[2025-01-05 14:41:56Z INFO GitHubActionsService] AAD Correlation ID for this token request: Unknown
[2025-01-05 14:46:58Z INFO MessageListener] No message retrieved from session '485281e2-b299-4774-bf9f-1c98437e0eba' within last 30 minutes.
[2025-01-05 18:28:20Z WARN GitHubActionsService] GET request to https://broker.actions.githubusercontent.com/message?sessionId=485281e2-b299-4774-bf9f-1c98437e0eba&status=Online&runnerVersion=2.321.0&os=Windows&architecture=X64&disableUpdate=false timed out after 100 seconds.
[2025-01-05 18:28:20Z ERR  BrokerServer] Catch exception during request
[2025-01-05 18:28:20Z ERR  BrokerServer] System.TimeoutException: The HTTP request timed out after 00:01:40.
 ---> System.Threading.Tasks.TaskCanceledException: The operation was canceled.
 ---> System.IO.IOException: Unable to read data from the transport connection: The I/O operation has been aborted because of either a thread exit or an application request..
 ---> System.Net.Sockets.SocketException (995): The I/O operation has been aborted because of either a thread exit or an application request.
   --- End of inner exception stack trace ---
   at System.Net.Sockets.Socket.AwaitableSocketAsyncEventArgs.ThrowException(SocketError error, CancellationToken cancellationToken)
   at System.Net.Sockets.Socket.AwaitableSocketAsyncEventArgs.System.Threading.Tasks.Sources.IValueTaskSource<System.Int32>.GetResult(Int16 token)
   at System.Net.Security.SslStream.EnsureFullTlsFrameAsync[TIOAdapter](CancellationToken cancellationToken, Int32 estimatedSize)
   at System.Runtime.CompilerServices.PoolingAsyncValueTaskMethodBuilder`1.StateMachineBox`1.System.Threading.Tasks.Sources.IValueTaskSource<TResult>.GetResult(Int16 token)
   at System.Net.Security.SslStream.ReadAsyncInternal[TIOAdapter](Memory`1 buffer, CancellationToken cancellationToken)
   at System.Runtime.CompilerServices.PoolingAsyncValueTaskMethodBuilder`1.StateMachineBox`1.System.Threading.Tasks.Sources.IValueTaskSource<TResult>.GetResult(Int16 token)
   at System.Net.Http.HttpConnection.SendAsync(HttpRequestMessage request, Boolean async, CancellationToken cancellationToken)
   --- End of inner exception stack trace ---
   at System.Net.Http.HttpConnection.SendAsync(HttpRequestMessage request, Boolean async, CancellationToken cancellationToken)
   at System.Net.Http.AuthenticationHelper.SendWithNtAuthAsync(HttpRequestMessage request, Uri authUri, Boolean async, ICredentials credentials, Boolean isProxyAuth, HttpConnection connection, HttpConnectionPool connectionPool, CancellationToken cancellationToken)
   at System.Net.Http.HttpConnectionPool.SendWithVersionDetectionAndRetryAsync(HttpRequestMessage request, Boolean async, Boolean doRequestAuth, CancellationToken cancellationToken)
   at System.Net.Http.AuthenticationHelper.SendWithAuthAsync(HttpRequestMessage request, Uri authUri, Boolean async, ICredentials credentials, Boolean preAuthenticate, Boolean isProxyAuth, Boolean doRequestAuth, HttpConnectionPool pool, CancellationToken cancellationToken)
   at System.Net.Http.RedirectHandler.SendAsync(HttpRequestMessage request, Boolean async, CancellationToken cancellationToken)
   at GitHub.Services.Common.RawHttpMessageHandler.SendAsync(HttpRequestMessage request, CancellationToken cancellationToken)
   --- End of inner exception stack trace ---
   at GitHub.Services.Common.RawHttpMessageHandler.SendAsync(HttpRequestMessage request, CancellationToken cancellationToken)
   at GitHub.Services.Common.VssHttpRetryMessageHandler.SendAsync(HttpRequestMessage request, CancellationToken cancellationToken)
   at System.Net.Http.HttpClient.<SendAsync>g__Core|83_0(HttpRequestMessage request, HttpCompletionOption completionOption, CancellationTokenSource cts, Boolean disposeCts, CancellationTokenSource pendingRequestsCts, CancellationToken originalCancellationToken)
   at Sdk.WebApi.WebApi.RawHttpClientBase.SendAsync(HttpRequestMessage message, HttpCompletionOption completionOption, Object userState, CancellationToken cancellationToken)
   at Sdk.WebApi.WebApi.RawHttpClientBase.SendAsync[T](HttpRequestMessage message, Boolean readErrorBody, Object userState, CancellationToken cancellationToken)
   at Sdk.WebApi.WebApi.RawHttpClientBase.SendAsync[T](HttpMethod method, IEnumerable`1 additionalHeaders, Uri requestUri, HttpContent content, IEnumerable`1 queryParameters, Boolean readErrorBody, Object userState, CancellationToken cancellationToken)
   at GitHub.Actions.RunService.WebApi.BrokerHttpClient.GetRunnerMessageAsync(Nullable`1 sessionId, String runnerVersion, Nullable`1 status, String os, String architecture, Nullable`1 disableUpdate, CancellationToken cancellationToken)
   at GitHub.Runner.Common.BrokerServer.<>c__DisplayClass7_0.<<GetRunnerMessageAsync>b__0>d.MoveNext()
--- End of stack trace from previous location ---
   at GitHub.Runner.Common.RunnerService.RetryRequest[T](Func`1 func, CancellationToken cancellationToken, Int32 maxRetryAttemptsCount, Func`2 shouldRetry)
[2025-01-05 18:28:20Z ERR  BrokerServer] #####################################################
[2025-01-05 18:28:20Z ERR  BrokerServer] System.Threading.Tasks.TaskCanceledException: The operation was canceled.
 ---> System.IO.IOException: Unable to read data from the transport connection: The I/O operation has been aborted because of either a thread exit or an application request..
 ---> System.Net.Sockets.SocketException (995): The I/O operation has been aborted because of either a thread exit or an application request.
   --- End of inner exception stack trace ---
   at System.Net.Sockets.Socket.AwaitableSocketAsyncEventArgs.ThrowException(SocketError error, CancellationToken cancellationToken)
   at System.Net.Sockets.Socket.AwaitableSocketAsyncEventArgs.System.Threading.Tasks.Sources.IValueTaskSource<System.Int32>.GetResult(Int16 token)
   at System.Net.Security.SslStream.EnsureFullTlsFrameAsync[TIOAdapter](CancellationToken cancellationToken, Int32 estimatedSize)
   at System.Runtime.CompilerServices.PoolingAsyncValueTaskMethodBuilder`1.StateMachineBox`1.System.Threading.Tasks.Sources.IValueTaskSource<TResult>.GetResult(Int16 token)
   at System.Net.Security.SslStream.ReadAsyncInternal[TIOAdapter](Memory`1 buffer, CancellationToken cancellationToken)
   at System.Runtime.CompilerServices.PoolingAsyncValueTaskMethodBuilder`1.StateMachineBox`1.System.Threading.Tasks.Sources.IValueTaskSource<TResult>.GetResult(Int16 token)
   at System.Net.Http.HttpConnection.SendAsync(HttpRequestMessage request, Boolean async, CancellationToken cancellationToken)
   --- End of inner exception stack trace ---
   at System.Net.Http.HttpConnection.SendAsync(HttpRequestMessage request, Boolean async, CancellationToken cancellationToken)
   at System.Net.Http.AuthenticationHelper.SendWithNtAuthAsync(HttpRequestMessage request, Uri authUri, Boolean async, ICredentials credentials, Boolean isProxyAuth, HttpConnection connection, HttpConnectionPool connectionPool, CancellationToken cancellationToken)
   at System.Net.Http.HttpConnectionPool.SendWithVersionDetectionAndRetryAsync(HttpRequestMessage request, Boolean async, Boolean doRequestAuth, CancellationToken cancellationToken)
   at System.Net.Http.AuthenticationHelper.SendWithAuthAsync(HttpRequestMessage request, Uri authUri, Boolean async, ICredentials credentials, Boolean preAuthenticate, Boolean isProxyAuth, Boolean doRequestAuth, HttpConnectionPool pool, CancellationToken cancellationToken)
   at System.Net.Http.RedirectHandler.SendAsync(HttpRequestMessage request, Boolean async, CancellationToken cancellationToken)
   at GitHub.Services.Common.RawHttpMessageHandler.SendAsync(HttpRequestMessage request, CancellationToken cancellationToken)
[2025-01-05 18:28:20Z ERR  BrokerServer] #####################################################
[2025-01-05 18:28:20Z ERR  BrokerServer] System.IO.IOException: Unable to read data from the transport connection: The I/O operation has been aborted because of either a thread exit or an application request..
 ---> System.Net.Sockets.SocketException (995): The I/O operation has been aborted because of either a thread exit or an application request.
   --- End of inner exception stack trace ---
   at System.Net.Sockets.Socket.AwaitableSocketAsyncEventArgs.ThrowException(SocketError error, CancellationToken cancellationToken)
   at System.Net.Sockets.Socket.AwaitableSocketAsyncEventArgs.System.Threading.Tasks.Sources.IValueTaskSource<System.Int32>.GetResult(Int16 token)
   at System.Net.Security.SslStream.EnsureFullTlsFrameAsync[TIOAdapter](CancellationToken cancellationToken, Int32 estimatedSize)
   at System.Runtime.CompilerServices.PoolingAsyncValueTaskMethodBuilder`1.StateMachineBox`1.System.Threading.Tasks.Sources.IValueTaskSource<TResult>.GetResult(Int16 token)
   at System.Net.Security.SslStream.ReadAsyncInternal[TIOAdapter](Memory`1 buffer, CancellationToken cancellationToken)
   at System.Runtime.CompilerServices.PoolingAsyncValueTaskMethodBuilder`1.StateMachineBox`1.System.Threading.Tasks.Sources.IValueTaskSource<TResult>.GetResult(Int16 token)
   at System.Net.Http.HttpConnection.SendAsync(HttpRequestMessage request, Boolean async, CancellationToken cancellationToken)
[2025-01-05 18:28:20Z ERR  BrokerServer] #####################################################
[2025-01-05 18:28:20Z ERR  BrokerServer] System.Net.Sockets.SocketException (995): The I/O operation has been aborted because of either a thread exit or an application request.
[2025-01-05 18:28:20Z WARN BrokerServer] Back off 10,833 seconds before next retry. 4 attempt left.
[2025-01-05 18:28:31Z INFO RSAEncryptedFileKeyManager] Loading RSA key parameters from file C:\myPrivateRepo\GH_Actions_Repo\actions-runner\.credentials_rsaparams
[2025-01-05 18:28:32Z INFO GitHubActionsService] AAD Correlation ID for this token request: Unknown
[2025-01-05 18:28:33Z INFO MessageListener] Message '199587785966807948' received from session '485281e2-b299-4774-bf9f-1c98437e0eba'.
[2025-01-05 18:28:33Z INFO ConfigurationStore] HasCredentials()
[2025-01-05 18:28:33Z INFO ConfigurationStore] stored True
[2025-01-05 18:28:33Z INFO CredentialManager] GetCredentialProvider
[2025-01-05 18:28:33Z INFO CredentialManager] Creating type OAuth
[2025-01-05 18:28:33Z INFO CredentialManager] Creating credential type: OAuth
[2025-01-05 18:28:33Z INFO RSAEncryptedFileKeyManager] Loading RSA key parameters from file C:\myPrivateRepo\GH_Actions_Repo\actions-runner\.credentials_rsaparams
[2025-01-05 18:28:33Z INFO ActionsRunServer] EstablishVssConnection
[2025-01-05 18:28:33Z INFO ActionsRunServer] Establish connection with 100 seconds timeout.
[2025-01-05 18:28:33Z INFO GitHubActionsService] Starting operation Location.GetConnectionData
[2025-01-05 18:28:33Z INFO GitHubActionsService] Finished operation Location.GetConnectionData
[2025-01-05 18:28:33Z INFO RSAEncryptedFileKeyManager] Loading RSA key parameters from file C:\myPrivateRepo\GH_Actions_Repo\actions-runner\.credentials_rsaparams
[2025-01-05 18:28:33Z INFO RSAEncryptedFileKeyManager] Loading RSA key parameters from file C:\myPrivateRepo\GH_Actions_Repo\actions-runner\.credentials_rsaparams
[2025-01-05 18:28:34Z INFO GitHubActionsService] AAD Correlation ID for this token request: Unknown
[2025-01-05 18:28:34Z INFO JobDispatcher] Job request 198 for plan 2ee3cb30-36d8-48d4-a035-23aa8cdc4b1e job bb4a2341-4547-529b-0b61-d4e572cb554d received.
[2025-01-05 18:28:34Z INFO JobDispatcher] Pull OrchestrationId 2ee3cb30-36d8-48d4-a035-23aa8cdc4b1e.stage_environment.__default from JWT claims
[2025-01-05 18:28:34Z INFO MessageListener] Received job status event. JobState: Busy
[2025-01-05 18:28:34Z INFO MessageListener] _getMessagesTokenSource is already disposed.
[2025-01-05 18:28:34Z INFO Terminal] WRITE LINE: 2025-01-05 18:28:34Z: Running job: Run on stage env
[2025-01-05 18:28:34Z INFO JobDispatcher] Start renew job request 198 for job bb4a2341-4547-529b-0b61-d4e572cb554d.
[2025-01-05 18:28:35Z INFO RSAEncryptedFileKeyManager] Loading RSA key parameters from file C:\myPrivateRepo\GH_Actions_Repo\actions-runner\.credentials_rsaparams
[2025-01-05 18:28:36Z INFO GitHubActionsService] AAD Correlation ID for this token request: Unknown
[2025-01-05 18:28:36Z INFO JobDispatcher] Successfully renew job request 198, job is valid till 2025-01-05 18:38:37
[2025-01-05 18:28:36Z INFO HostContext] Well known directory 'Bin': 'C:\myPrivateRepo\GH_Actions_Repo\actions-runner\bin'
[2025-01-05 18:28:36Z INFO ProcessInvokerWrapper] Starting process:
[2025-01-05 18:28:36Z INFO ProcessInvokerWrapper]   File name: 'C:\myPrivateRepo\GH_Actions_Repo\actions-runner\bin\Runner.Worker.exe'
[2025-01-05 18:28:36Z INFO ProcessInvokerWrapper]   Arguments: 'spawnclient 2204 2952'
[2025-01-05 18:28:36Z INFO ProcessInvokerWrapper]   Working directory: 'C:\myPrivateRepo\GH_Actions_Repo\actions-runner\bin'
[2025-01-05 18:28:36Z INFO ProcessInvokerWrapper]   Require exit code zero: 'False'
[2025-01-05 18:28:36Z INFO ProcessInvokerWrapper]   Encoding web name:  ; code page: ''
[2025-01-05 18:28:36Z INFO ProcessInvokerWrapper]   Force kill process on cancellation: 'True'
[2025-01-05 18:28:36Z INFO ProcessInvokerWrapper]   Redirected STDIN: 'False'
[2025-01-05 18:28:36Z INFO ProcessInvokerWrapper]   Persist current code page: 'False'
[2025-01-05 18:28:36Z INFO ProcessInvokerWrapper]   Keep redirected STDIN open: 'False'
[2025-01-05 18:28:36Z INFO ProcessInvokerWrapper]   High priority process: 'True'
[2025-01-05 18:28:36Z INFO ProcessInvokerWrapper] Process started with process id 33224, waiting for process exit.
[2025-01-05 18:28:36Z INFO JobDispatcher] Send job request message to worker for job bb4a2341-4547-529b-0b61-d4e572cb554d.
[2025-01-05 18:28:36Z INFO ProcessChannel] Sending message of length 22191, with hash 'c6b8f326b45fb696f6d3f84aa7859e421b931ec852513af1945345e5d261f594'
[2025-01-05 18:28:36Z INFO JobNotification] Entering JobStarted Notification
[2025-01-05 18:28:36Z INFO JobNotification] Entering StartMonitor
[2025-01-05 18:28:50Z INFO ProcessInvokerWrapper] STDOUT/STDERR stream read finished.
[2025-01-05 18:28:50Z INFO ProcessInvokerWrapper] STDOUT/STDERR stream read finished.
[2025-01-05 18:28:50Z INFO ProcessInvokerWrapper] Finished process 33224 with exit code 100, and elapsed time 00:00:14.1573048.
[2025-01-05 18:28:50Z INFO JobDispatcher] Worker finished for job bb4a2341-4547-529b-0b61-d4e572cb554d. Code: 100
[2025-01-05 18:28:50Z INFO JobDispatcher] finish job request for job bb4a2341-4547-529b-0b61-d4e572cb554d with result: Succeeded
[2025-01-05 18:28:50Z INFO Terminal] WRITE LINE: 2025-01-05 18:28:50Z: Job Run on stage env completed with result: Succeeded
[2025-01-05 18:28:50Z INFO JobDispatcher] Stop renew job request for job bb4a2341-4547-529b-0b61-d4e572cb554d.
[2025-01-05 18:28:50Z INFO JobDispatcher] job renew has been cancelled, stop renew job request 198.
[2025-01-05 18:28:50Z INFO JobNotification] Entering JobCompleted Notification
[2025-01-05 18:28:50Z INFO JobNotification] Entering EndMonitor
[2025-01-05 18:28:50Z INFO MessageListener] Received job status event. JobState: Online
[2025-01-05 18:58:54Z INFO MessageListener] No message retrieved from session '485281e2-b299-4774-bf9f-1c98437e0eba' within last 30 minutes.
[2025-01-05 19:13:54Z INFO MessageListener] Message '8228571937978997831' received from session '485281e2-b299-4774-bf9f-1c98437e0eba'.
[2025-01-05 19:13:54Z INFO ConfigurationStore] HasCredentials()
[2025-01-05 19:13:54Z INFO ConfigurationStore] stored True
[2025-01-05 19:13:54Z INFO CredentialManager] GetCredentialProvider
[2025-01-05 19:13:54Z INFO CredentialManager] Creating type OAuth
[2025-01-05 19:13:54Z INFO CredentialManager] Creating credential type: OAuth
[2025-01-05 19:13:54Z INFO RSAEncryptedFileKeyManager] Loading RSA key parameters from file C:\myPrivateRepo\GH_Actions_Repo\actions-runner\.credentials_rsaparams
[2025-01-05 19:13:54Z INFO ActionsRunServer] EstablishVssConnection
[2025-01-05 19:13:54Z INFO ActionsRunServer] Establish connection with 100 seconds timeout.
[2025-01-05 19:13:54Z INFO GitHubActionsService] Starting operation Location.GetConnectionData
[2025-01-05 19:13:55Z INFO GitHubActionsService] Finished operation Location.GetConnectionData
[2025-01-05 19:13:55Z INFO RSAEncryptedFileKeyManager] Loading RSA key parameters from file C:\myPrivateRepo\GH_Actions_Repo\actions-runner\.credentials_rsaparams
[2025-01-05 19:13:55Z INFO RSAEncryptedFileKeyManager] Loading RSA key parameters from file C:\myPrivateRepo\GH_Actions_Repo\actions-runner\.credentials_rsaparams
[2025-01-05 19:13:56Z INFO GitHubActionsService] AAD Correlation ID for this token request: Unknown
[2025-01-05 19:13:56Z INFO JobDispatcher] Job request 204 for plan 4b2ae3d4-05f9-4cfb-802f-ed80de1da0ac job bb4a2341-4547-529b-0b61-d4e572cb554d received.
[2025-01-05 19:13:56Z INFO JobDispatcher] Pull OrchestrationId 4b2ae3d4-05f9-4cfb-802f-ed80de1da0ac.stage_environment.__default from JWT claims
[2025-01-05 19:13:56Z INFO MessageListener] Received job status event. JobState: Busy
[2025-01-05 19:13:56Z INFO MessageListener] _getMessagesTokenSource is already disposed.
[2025-01-05 19:13:56Z INFO JobDispatcher] Job request bb4a2341-4547-529b-0b61-d4e572cb554d processed succeed.
[2025-01-05 19:13:56Z INFO Terminal] WRITE LINE: 2025-01-05 19:13:56Z: Running job: Run on stage env
[2025-01-05 19:13:56Z INFO JobDispatcher] Start renew job request 204 for job bb4a2341-4547-529b-0b61-d4e572cb554d.
[2025-01-05 19:13:57Z INFO JobDispatcher] Successfully renew job request 204, job is valid till 2025-01-05 19:23:57
[2025-01-05 19:13:57Z INFO HostContext] Well known directory 'Bin': 'C:\myPrivateRepo\GH_Actions_Repo\actions-runner\bin'
[2025-01-05 19:13:57Z INFO ProcessInvokerWrapper] Starting process:
[2025-01-05 19:13:57Z INFO ProcessInvokerWrapper]   File name: 'C:\myPrivateRepo\GH_Actions_Repo\actions-runner\bin\Runner.Worker.exe'
[2025-01-05 19:13:57Z INFO ProcessInvokerWrapper]   Arguments: 'spawnclient 2740 1920'
[2025-01-05 19:13:57Z INFO ProcessInvokerWrapper]   Working directory: 'C:\myPrivateRepo\GH_Actions_Repo\actions-runner\bin'
[2025-01-05 19:13:57Z INFO ProcessInvokerWrapper]   Require exit code zero: 'False'
[2025-01-05 19:13:57Z INFO ProcessInvokerWrapper]   Encoding web name:  ; code page: ''
[2025-01-05 19:13:57Z INFO ProcessInvokerWrapper]   Force kill process on cancellation: 'True'
[2025-01-05 19:13:57Z INFO ProcessInvokerWrapper]   Redirected STDIN: 'False'
[2025-01-05 19:13:57Z INFO ProcessInvokerWrapper]   Persist current code page: 'False'
[2025-01-05 19:13:57Z INFO ProcessInvokerWrapper]   Keep redirected STDIN open: 'False'
[2025-01-05 19:13:57Z INFO ProcessInvokerWrapper]   High priority process: 'True'
[2025-01-05 19:13:57Z INFO ProcessInvokerWrapper] Process started with process id 38944, waiting for process exit.
[2025-01-05 19:13:57Z INFO JobDispatcher] Send job request message to worker for job bb4a2341-4547-529b-0b61-d4e572cb554d.
[2025-01-05 19:13:57Z INFO ProcessChannel] Sending message of length 22524, with hash '50afb6012dce00a8f21c0c219b089432b2b590df3b059c49d11dd6736a3dd2ed'
[2025-01-05 19:13:57Z INFO JobNotification] Entering JobStarted Notification
[2025-01-05 19:13:57Z INFO JobNotification] Entering StartMonitor
[2025-01-05 19:14:36Z INFO ProcessInvokerWrapper] STDOUT/STDERR stream read finished.
[2025-01-05 19:14:36Z INFO ProcessInvokerWrapper] STDOUT/STDERR stream read finished.
[2025-01-05 19:14:36Z INFO ProcessInvokerWrapper] Finished process 38944 with exit code 100, and elapsed time 00:00:39.6772257.
[2025-01-05 19:14:36Z INFO JobDispatcher] Worker finished for job bb4a2341-4547-529b-0b61-d4e572cb554d. Code: 100
[2025-01-05 19:14:36Z INFO JobDispatcher] finish job request for job bb4a2341-4547-529b-0b61-d4e572cb554d with result: Succeeded
[2025-01-05 19:14:36Z INFO Terminal] WRITE LINE: 2025-01-05 19:14:36Z: Job Run on stage env completed with result: Succeeded
[2025-01-05 19:14:36Z INFO JobDispatcher] Stop renew job request for job bb4a2341-4547-529b-0b61-d4e572cb554d.
[2025-01-05 19:14:36Z INFO JobDispatcher] job renew has been cancelled, stop renew job request 204.
[2025-01-05 19:14:36Z INFO JobNotification] Entering JobCompleted Notification
[2025-01-05 19:14:36Z INFO JobNotification] Entering EndMonitor
[2025-01-05 19:14:36Z INFO MessageListener] Received job status event. JobState: Online
[2025-01-05 19:19:00Z INFO RSAEncryptedFileKeyManager] Loading RSA key parameters from file C:\myPrivateRepo\GH_Actions_Repo\actions-runner\.credentials_rsaparams
[2025-01-05 19:19:00Z INFO GitHubActionsService] AAD Correlation ID for this token request: Unknown
[2025-01-05 19:24:03Z INFO RSAEncryptedFileKeyManager] Loading RSA key parameters from file C:\myPrivateRepo\GH_Actions_Repo\actions-runner\.credentials_rsaparams
[2025-01-05 19:24:03Z INFO GitHubActionsService] AAD Correlation ID for this token request: Unknown
