[2025-01-05 19:13:57Z INFO HostContext] No proxy settings were found based on environmental variables (http_proxy/https_proxy/HTTP_PROXY/HTTPS_PROXY)
[2025-01-05 19:13:57Z INFO HostContext] Well known directory 'Bin': 'C:\myPrivateRepo\GH_Actions_Repo\actions-runner\bin'
[2025-01-05 19:13:57Z INFO HostContext] Well known directory 'Root': 'C:\myPrivateRepo\GH_Actions_Repo\actions-runner'
[2025-01-05 19:13:57Z INFO HostContext] Well known config file 'Credentials': 'C:\myPrivateRepo\GH_Actions_Repo\actions-runner\.credentials'
[2025-01-05 19:13:57Z INFO HostContext] Well known directory 'Bin': 'C:\myPrivateRepo\GH_Actions_Repo\actions-runner\bin'
[2025-01-05 19:13:57Z INFO HostContext] Well known directory 'Root': 'C:\myPrivateRepo\GH_Actions_Repo\actions-runner'
[2025-01-05 19:13:57Z INFO HostContext] Well known config file 'Runner': 'C:\myPrivateRepo\GH_Actions_Repo\actions-runner\.runner'
[2025-01-05 19:13:57Z INFO Worker] Version: 2.321.0
[2025-01-05 19:13:57Z INFO Worker] Commit: e249007931b7c8e857797fa259c167f0bd4f997a
[2025-01-05 19:13:57Z INFO Worker] Culture: en-SE
[2025-01-05 19:13:57Z INFO Worker] UI Culture: en-US
[2025-01-05 19:13:57Z INFO Worker] Waiting to receive the job message from the channel.
[2025-01-05 19:13:57Z INFO ProcessChannel] Receiving message of length 22524, with hash '50afb6012dce00a8f21c0c219b089432b2b590df3b059c49d11dd6736a3dd2ed'
[2025-01-05 19:13:57Z INFO Worker] Message received.
[2025-01-05 19:13:57Z INFO Worker] Job message:
 {
  "fileTable": [
    ".github/workflows/three_env_with_download_artifact.yml"
  ],
  "mask": [
    {
      "type": "regex",
      "value": "***"
    },
    {
      "type": "regex",
      "value": "***"
    },
    {
      "type": "regex",
      "value": "***"
    },
    {
      "type": "regex",
      "value": "***"
    },
    {
      "type": "regex",
      "value": "***"
    },
    {
      "type": "regex",
      "value": "***"
    },
    {
      "type": "regex",
      "value": "***"
    },
    {
      "type": "regex",
      "value": "***"
    },
    {
      "type": "regex",
      "value": "***"
    },
    {
      "type": "regex",
      "value": "***"
    },
    {
      "type": "regex",
      "value": "***"
    },
    {
      "type": "regex",
      "value": "***"
    },
    {
      "type": "regex",
      "value": "***"
    },
    {
      "type": "regex",
      "value": "***"
    },
    {
      "type": "regex",
      "value": "***"
    },
    {
      "type": "regex",
      "value": "***"
    },
    {
      "type": "regex",
      "value": "***"
    },
    {
      "type": "regex",
      "value": "***"
    },
    {
      "type": "regex",
      "value": "***"
    }
  ],
  "steps": [
    {
      "type": "action",
      "reference": {
        "type": "repository",
        "name": "actions/download-artifact",
        "ref": "v3",
        "repositoryType": "GitHub",
        "path": ""
      },
      "displayNameToken": {
        "type": 0,
        "file": 1,
        "line": 31,
        "col": 15,
        "lit": "Download code artifact for stage env"
      },
      "contextName": "__actions_download-artifact",
      "inputs": {
        "type": 2,
        "file": 1,
        "line": 34,
        "col": 11,
        "map": [
          {
            "key": {
              "type": 0,
              "file": 1,
              "line": 34,
              "col": 11,
              "lit": "name"
            },
            "value": {
              "type": 0,
              "file": 1,
              "line": 34,
              "col": 17,
              "lit": "code-artifact"
            }
          }
        ]
      },
      "condition": "success()",
      "id": "73e7cdb3-3672-5568-f57c-e6408aeea94b",
      "name": "__actions_download-artifact"
    },
    {
      "type": "action",
      "reference": {
        "type": "script"
      },
      "displayNameToken": {
        "type": 0,
        "file": 1,
        "line": 37,
        "col": 15,
        "lit": "run script for stage env"
      },
      "contextName": "__run",
      "inputs": {
        "type": 2,
        "map": [
          {
            "key": "script",
            "value": {
              "type": 0,
              "file": 1,
              "line": 38,
              "col": 14,
              "lit": "echo \"I'm running a job in Stage environment\"\n"
            }
          }
        ]
      },
      "condition": "success()",
      "id": "fa6e06da-fa1d-5eb9-47cd-1734f6f9bdfe",
      "name": "__run"
    }
  ],
  "variables": {
    "system.isScheduled": {
      "value": "False"
    },
    "system.servertype": {
      "value": "Hosted"
    },
    "system.culture": {
      "value": ""
    },
    "system.pipelineStartTime": {
      "value": "2025-01-05 19:13:53+00:00"
    },
    "system.runner.lowdiskspacethreshold": {
      "value": "100"
    },
    "DistributedTask.NewActionMetadata": {
      "value": "true"
    },
    "DistributedTask.EnableCompositeActions": {
      "value": "true"
    },
    "DistributedTask.EnhancedAnnotations": {
      "value": "true"
    },
    "DistributedTask.UploadStepSummary": {
      "value": "true"
    },
    "DistributedTask.ForceGithubJavascriptActionsToNode16": {
      "value": "true"
    },
    "DistributedTask.ForceGithubJavascriptActionsToNode20": {
      "value": "true"
    },
    "DistributedTask.AddWarningToNode12Action": {
      "value": "true"
    },
    "DistributedTask.AddWarningToNode16Action": {
      "value": "true"
    },
    "DistributedTask.LogTemplateErrorsAsDebugMessages": {
      "value": "true"
    },
    "DistributedTask.AllowRunnerContainerHooks": {
      "value": "true"
    },
    "DistributedTask.DeprecateStepOutputCommands": {
      "value": "true"
    },
    "DistributedTask.UseWhich2": {
      "value": "true"
    },
    "DistributedTask.DetailUntarFailure": {
      "value": "true"
    },
    "DistributedTask.UseActionArchiveCache": {
      "value": "true"
    },
    "DistributedTask.EnableJobServerQueueTelemetry": {
      "value": "true"
    },
    "DistributedTask.MarkJobAsFailedOnWorkerCrash": {
      "value": "true"
    },
    "Actions.EnableHttpRedirects": {
      "value": "true"
    },
    "system.teamProjectId": {
      "value": "00000000-0000-0000-0000-000000000000"
    },
    "build.buildId": {
      "value": "139"
    },
    "build.containerId": {
      "value": "26648785"
    },
    "build.allowCreateArtifacts": {
      "value": "False"
    },
    "system.workflowFilePath": {
      "value": ".github/workflows/three_env_with_download_artifact.yml"
    },
    "system.phaseDisplayName": {
      "value": "Run on stage env"
    },
    "system.phaseId": {
      "value": "752a98ba-32d7-555e-d4ea-8d71f990d80e"
    },
    "system.phaseName": {
      "value": "Stage_environment"
    },
    "system.phaseAttempt": {
      "value": "1"
    },
    "system.jobIdentifier": {
      "value": "Stage_environment.__default"
    },
    "system.jobAttempt": {
      "value": "1"
    },
    "System.JobPositionInPhase": {
      "value": "1"
    },
    "System.TotalJobsInPhase": {
      "value": "1"
    },
    "system.github.job": {
      "value": "Stage_environment"
    },
    "system.jobDisplayName": {
      "value": "Run on stage env"
    },
    "system.jobId": {
      "value": "bb4a2341-4547-529b-0b61-d4e572cb554d"
    },
    "system.jobName": {
      "value": "__default"
    },
    "system.testDotNet8Compatibility": {
      "value": "true"
    },
    "system.github.token.permissions": {
      "value": "{\"Contents\":\"read\",\"Metadata\":\"read\",\"Packages\":\"read\"}"
    },
    "system.github.token": {
      "value": "***",
      "isSecret": true
    },
    "system.runnerEnvironment": {
      "value": "self-hosted"
    },
    "system.github.results_endpoint": {
      "value": "https://results-receiver.actions.githubusercontent.com/"
    },
    "system.github.results_upload_with_sdk": {
      "value": "True"
    },
    "system.dotNet8CompatibilityOutputLength": {
      "value": "200"
    },
    "system.dotNet8CompatibilityOutputPattern": {
      "value": "GLIBCXX"
    },
    "system.dotNet8CompatibilityWarning": {
      "value": "The Actions runner will no longer support your OS version on November 1, 2024. Please upgrade to a supported version. For information, refer https://github.blog/changelog/2024-08-19-notice-of-upcoming-deprecations-and-breaking-changes-in-github-actions-runners/"
    },
    "system.orchestrationId": {
      "value": "4b2ae3d4-05f9-4cfb-802f-ed80de1da0ac.stage_environment.__default"
    },
    "system.runnerGroupName": {
      "value": "Default"
    }
  },
  "messageType": "PipelineAgentJobRequest",
  "plan": {
    "scopeIdentifier": "00000000-0000-0000-0000-000000000000",
    "planType": "Actions",
    "version": 41,
    "planId": "4b2ae3d4-05f9-4cfb-802f-ed80de1da0ac",
    "planGroup": "Actions:00000000-0000-0000-0000-000000000000:1",
    "artifactUri": "vstfs:///Build/Build/139",
    "artifactLocation": null,
    "definition": {
      "_links": {},
      "id": 3,
      "name": "GH_Actions_Repo"
    },
    "owner": {
      "_links": {},
      "id": 3,
      "name": "ardfar68"
    }
  },
  "timeline": {
    "id": "4b2ae3d4-05f9-4cfb-802f-ed80de1da0ac",
    "changeId": 0,
    "location": null
  },
  "jobId": "bb4a2341-4547-529b-0b61-d4e572cb554d",
  "jobDisplayName": "Run on stage env",
  "jobName": "__default",
  "requestId": 204,
  "lockedUntil": "0001-01-01T00:00:00",
  "resources": {
    "endpoints": [
      {
        "data": {
          "ServerId": "0a197ce4-499f-4418-a0c6-16084d189d7f",
          "ServerName": "CjsRQFEOKohyZJJc5i1MVXT7oJzUKGYUj7MloaymwI6NCsQYqG",
          "CacheServerUrl": "https://acghubeus1.actions.githubusercontent.com/CjsRQFEOKohyZJJc5i1MVXT7oJzUKGYUj7MloaymwI6NCsQYqG/",
          "FeedStreamUrl": "https://results-receiver.actions.githubusercontent.com/_ws/ingest.sock",
          "ResultsServiceUrl": "https://results-receiver.actions.githubusercontent.com/",
          "ConnectivityChecks": "[\"https://acghubeus0.actions.githubusercontent.com/_apis/health\",\"https://results-receiver.actions.githubusercontent.com/health\",\"https://pkg.actions.githubusercontent.com\",\"https://actions-results-receiver-production.githubapp.com/health\",\"https://pipelinesghubeus10.actions.githubusercontent.com/_apis/health\"]"
        },
        "name": "SystemVssConnection",
        "url": "https://pipelinesghubeus10.actions.githubusercontent.com/CjsRQFEOKohyZJJc5i1MVXT7oJzUKGYUj7MloaymwI6NCsQYqG/",
        "authorization": {
          "parameters": {
            "AccessToken": ***
          },
          "scheme": "OAuth"
        },
        "isShared": false,
        "isReady": true
      }
    ]
  },
  "contextData": {
    "github": {
      "t": 2,
      "d": [
        {
          "k": "ref",
          "v": "refs/heads/asf_branch"
        },
        {
          "k": "sha",
          "v": "19fc8886b4f803f75c30e466721b6892eb615c0f"
        },
        {
          "k": "repository",
          "v": "ardfar68/GH_Actions_Repo"
        },
        {
          "k": "repository_owner",
          "v": "ardfar68"
        },
        {
          "k": "repository_owner_id",
          "v": "37073132"
        },
        {
          "k": "repositoryUrl",
          "v": "git://github.com/ardfar68/GH_Actions_Repo.git"
        },
        {
          "k": "run_id",
          "v": "12622252073"
        },
        {
          "k": "run_number",
          "v": "1"
        },
        {
          "k": "retention_days",
          "v": "90"
        },
        {
          "k": "run_attempt",
          "v": "1"
        },
        {
          "k": "artifact_cache_size_limit",
          "v": "10"
        },
        {
          "k": "repository_visibility",
          "v": "public"
        },
        {
          "k": "repo-self-hosted-runners-disabled",
          "v": false
        },
        {
          "k": "enterprise-managed-business-id",
          "v": ""
        },
        {
          "k": "repository_id",
          "v": "907148244"
        },
        {
          "k": "actor_id",
          "v": "37073132"
        },
        {
          "k": "actor",
          "v": "ardfar68"
        },
        {
          "k": "triggering_actor",
          "v": "ardfar68"
        },
        {
          "k": "workflow",
          "v": "self hosted 3 env_upload_download artifact"
        },
        {
          "k": "head_ref",
          "v": ""
        },
        {
          "k": "base_ref",
          "v": ""
        },
        {
          "k": "event_name",
          "v": "workflow_dispatch"
        },
        {
          "k": "event",
          "v": {
            "t": 2,
            "d": [
              {
                "k": "inputs",
                "v": null
              },
              {
                "k": "ref",
                "v": "refs/heads/asf_branch"
              },
              {
                "k": "repository",
                "v": {
                  "t": 2,
                  "d": [
                    {
                      "k": "allow_forking",
                      "v": true
                    },
                    {
                      "k": "archive_url",
                      "v": "https://api.github.com/repos/ardfar68/GH_Actions_Repo/{archive_format}{/ref}"
                    },
                    {
                      "k": "archived",
                      "v": false
                    },
                    {
                      "k": "assignees_url",
                      "v": "https://api.github.com/repos/ardfar68/GH_Actions_Repo/assignees{/user}"
                    },
                    {
                      "k": "blobs_url",
                      "v": "https://api.github.com/repos/ardfar68/GH_Actions_Repo/git/blobs{/sha}"
                    },
                    {
                      "k": "branches_url",
                      "v": "https://api.github.com/repos/ardfar68/GH_Actions_Repo/branches{/branch}"
                    },
                    {
                      "k": "clone_url",
                      "v": "https://github.com/ardfar68/GH_Actions_Repo.git"
                    },
                    {
                      "k": "collaborators_url",
                      "v": "https://api.github.com/repos/ardfar68/GH_Actions_Repo/collaborators{/collaborator}"
                    },
                    {
                      "k": "comments_url",
                      "v": "https://api.github.com/repos/ardfar68/GH_Actions_Repo/comments{/number}"
                    },
                    {
                      "k": "commits_url",
                      "v": "https://api.github.com/repos/ardfar68/GH_Actions_Repo/commits{/sha}"
                    },
                    {
                      "k": "compare_url",
                      "v": "https://api.github.com/repos/ardfar68/GH_Actions_Repo/compare/{base}...{head}"
                    },
                    {
                      "k": "contents_url",
                      "v": "https://api.github.com/repos/ardfar68/GH_Actions_Repo/contents/{+path}"
                    },
                    {
                      "k": "contributors_url",
                      "v": "https://api.github.com/repos/ardfar68/GH_Actions_Repo/contributors"
                    },
                    {
                      "k": "created_at",
                      "v": "2024-12-22T23:55:54Z"
                    },
                    {
                      "k": "default_branch",
                      "v": "asf_branch"
                    },
                    {
                      "k": "deployments_url",
                      "v": "https://api.github.com/repos/ardfar68/GH_Actions_Repo/deployments"
                    },
                    {
                      "k": "description",
                      "v": null
                    },
                    {
                      "k": "disabled",
                      "v": false
                    },
                    {
                      "k": "downloads_url",
                      "v": "https://api.github.com/repos/ardfar68/GH_Actions_Repo/downloads"
                    },
                    {
                      "k": "events_url",
                      "v": "https://api.github.com/repos/ardfar68/GH_Actions_Repo/events"
                    },
                    {
                      "k": "fork",
                      "v": false
                    },
                    {
                      "k": "forks",
                      "v": 0.0
                    },
                    {
                      "k": "forks_count",
                      "v": 0.0
                    },
                    {
                      "k": "forks_url",
                      "v": "https://api.github.com/repos/ardfar68/GH_Actions_Repo/forks"
                    },
                    {
                      "k": "full_name",
                      "v": "ardfar68/GH_Actions_Repo"
                    },
                    {
                      "k": "git_commits_url",
                      "v": "https://api.github.com/repos/ardfar68/GH_Actions_Repo/git/commits{/sha}"
                    },
                    {
                      "k": "git_refs_url",
                      "v": "https://api.github.com/repos/ardfar68/GH_Actions_Repo/git/refs{/sha}"
                    },
                    {
                      "k": "git_tags_url",
                      "v": "https://api.github.com/repos/ardfar68/GH_Actions_Repo/git/tags{/sha}"
                    },
                    {
                      "k": "git_url",
                      "v": "git://github.com/ardfar68/GH_Actions_Repo.git"
                    },
                    {
                      "k": "has_discussions",
                      "v": false
                    },
                    {
                      "k": "has_downloads",
                      "v": true
                    },
                    {
                      "k": "has_issues",
                      "v": true
                    },
                    {
                      "k": "has_pages",
                      "v": false
                    },
                    {
                      "k": "has_projects",
                      "v": true
                    },
                    {
                      "k": "has_wiki",
                      "v": false
                    },
                    {
                      "k": "homepage",
                      "v": null
                    },
                    {
                      "k": "hooks_url",
                      "v": "https://api.github.com/repos/ardfar68/GH_Actions_Repo/hooks"
                    },
                    {
                      "k": "html_url",
                      "v": "https://github.com/ardfar68/GH_Actions_Repo"
                    },
                    {
                      "k": "id",
                      "v": 907148244.0
                    },
                    {
                      "k": "is_template",
                      "v": false
                    },
                    {
                      "k": "issue_comment_url",
                      "v": "https://api.github.com/repos/ardfar68/GH_Actions_Repo/issues/comments{/number}"
                    },
                    {
                      "k": "issue_events_url",
                      "v": "https://api.github.com/repos/ardfar68/GH_Actions_Repo/issues/events{/number}"
                    },
                    {
                      "k": "issues_url",
                      "v": "https://api.github.com/repos/ardfar68/GH_Actions_Repo/issues{/number}"
                    },
                    {
                      "k": "keys_url",
                      "v": "https://api.github.com/repos/ardfar68/GH_Actions_Repo/keys{/key_id}"
                    },
                    {
                      "k": "labels_url",
                      "v": "https://api.github.com/repos/ardfar68/GH_Actions_Repo/labels{/name}"
                    },
                    {
                      "k": "language",
                      "v": "JavaScript"
                    },
                    {
                      "k": "languages_url",
                      "v": "https://api.github.com/repos/ardfar68/GH_Actions_Repo/languages"
                    },
                    {
                      "k": "license",
                      "v": null
                    },
                    {
                      "k": "merges_url",
                      "v": "https://api.github.com/repos/ardfar68/GH_Actions_Repo/merges"
                    },
                    {
                      "k": "milestones_url",
                      "v": "https://api.github.com/repos/ardfar68/GH_Actions_Repo/milestones{/number}"
                    },
                    {
                      "k": "mirror_url",
                      "v": null
                    },
                    {
                      "k": "name",
                      "v": "GH_Actions_Repo"
                    },
                    {
                      "k": "node_id",
                      "v": "R_kgDONhH71A"
                    },
                    {
                      "k": "notifications_url",
                      "v": "https://api.github.com/repos/ardfar68/GH_Actions_Repo/notifications{?since,all,participating}"
                    },
                    {
                      "k": "open_issues",
                      "v": 3.0
                    },
                    {
                      "k": "open_issues_count",
                      "v": 3.0
                    },
                    {
                      "k": "owner",
                      "v": {
                        "t": 2,
                        "d": [
                          {
                            "k": "avatar_url",
                            "v": "https://avatars.githubusercontent.com/u/37073132?v=4"
                          },
                          {
                            "k": "events_url",
                            "v": "https://api.github.com/users/ardfar68/events{/privacy}"
                          },
                          {
                            "k": "followers_url",
                            "v": "https://api.github.com/users/ardfar68/followers"
                          },
                          {
                            "k": "following_url",
                            "v": "https://api.github.com/users/ardfar68/following{/other_user}"
                          },
                          {
                            "k": "gists_url",
                            "v": "https://api.github.com/users/ardfar68/gists{/gist_id}"
                          },
                          {
                            "k": "gravatar_id",
                            "v": ""
                          },
                          {
                            "k": "html_url",
                            "v": "https://github.com/ardfar68"
                          },
                          {
                            "k": "id",
                            "v": 37073132.0
                          },
                          {
                            "k": "login",
                            "v": "ardfar68"
                          },
                          {
                            "k": "node_id",
                            "v": "MDQ6VXNlcjM3MDczMTMy"
                          },
                          {
                            "k": "organizations_url",
                            "v": "https://api.github.com/users/ardfar68/orgs"
                          },
                          {
                            "k": "received_events_url",
                            "v": "https://api.github.com/users/ardfar68/received_events"
                          },
                          {
                            "k": "repos_url",
                            "v": "https://api.github.com/users/ardfar68/repos"
                          },
                          {
                            "k": "site_admin",
                            "v": false
                          },
                          {
                            "k": "starred_url",
                            "v": "https://api.github.com/users/ardfar68/starred{/owner}{/repo}"
                          },
                          {
                            "k": "subscriptions_url",
                            "v": "https://api.github.com/users/ardfar68/subscriptions"
                          },
                          {
                            "k": "type",
                            "v": "User"
                          },
                          {
                            "k": "url",
                            "v": "https://api.github.com/users/ardfar68"
                          },
                          {
                            "k": "user_view_type",
                            "v": "public"
                          }
                        ]
                      }
                    },
                    {
                      "k": "private",
                      "v": false
                    },
                    {
                      "k": "pulls_url",
                      "v": "https://api.github.com/repos/ardfar68/GH_Actions_Repo/pulls{/number}"
                    },
                    {
                      "k": "pushed_at",
                      "v": "2025-01-05T19:12:57Z"
                    },
                    {
                      "k": "releases_url",
                      "v": "https://api.github.com/repos/ardfar68/GH_Actions_Repo/releases{/id}"
                    },
                    {
                      "k": "size",
                      "v": 123276.0
                    },
                    {
                      "k": "ssh_url",
                      "v": "git@github.com:ardfar68/GH_Actions_Repo.git"
                    },
                    {
                      "k": "stargazers_count",
                      "v": 0.0
                    },
                    {
                      "k": "stargazers_url",
                      "v": "https://api.github.com/repos/ardfar68/GH_Actions_Repo/stargazers"
                    },
                    {
                      "k": "statuses_url",
                      "v": "https://api.github.com/repos/ardfar68/GH_Actions_Repo/statuses/{sha}"
                    },
                    {
                      "k": "subscribers_url",
                      "v": "https://api.github.com/repos/ardfar68/GH_Actions_Repo/subscribers"
                    },
                    {
                      "k": "subscription_url",
                      "v": "https://api.github.com/repos/ardfar68/GH_Actions_Repo/subscription"
                    },
                    {
                      "k": "svn_url",
                      "v": "https://github.com/ardfar68/GH_Actions_Repo"
                    },
                    {
                      "k": "tags_url",
                      "v": "https://api.github.com/repos/ardfar68/GH_Actions_Repo/tags"
                    },
                    {
                      "k": "teams_url",
                      "v": "https://api.github.com/repos/ardfar68/GH_Actions_Repo/teams"
                    },
                    {
                      "k": "topics",
                      "v": {
                        "t": 1
                      }
                    },
                    {
                      "k": "trees_url",
                      "v": "https://api.github.com/repos/ardfar68/GH_Actions_Repo/git/trees{/sha}"
                    },
                    {
                      "k": "updated_at",
                      "v": "2025-01-05T19:13:01Z"
                    },
                    {
                      "k": "url",
                      "v": "https://api.github.com/repos/ardfar68/GH_Actions_Repo"
                    },
                    {
                      "k": "visibility",
                      "v": "public"
                    },
                    {
                      "k": "watchers",
                      "v": 0.0
                    },
                    {
                      "k": "watchers_count",
                      "v": 0.0
                    },
                    {
                      "k": "web_commit_signoff_required",
                      "v": false
                    }
                  ]
                }
              },
              {
                "k": "sender",
                "v": {
                  "t": 2,
                  "d": [
                    {
                      "k": "avatar_url",
                      "v": "https://avatars.githubusercontent.com/u/37073132?v=4"
                    },
                    {
                      "k": "events_url",
                      "v": "https://api.github.com/users/ardfar68/events{/privacy}"
                    },
                    {
                      "k": "followers_url",
                      "v": "https://api.github.com/users/ardfar68/followers"
                    },
                    {
                      "k": "following_url",
                      "v": "https://api.github.com/users/ardfar68/following{/other_user}"
                    },
                    {
                      "k": "gists_url",
                      "v": "https://api.github.com/users/ardfar68/gists{/gist_id}"
                    },
                    {
                      "k": "gravatar_id",
                      "v": ""
                    },
                    {
                      "k": "html_url",
                      "v": "https://github.com/ardfar68"
                    },
                    {
                      "k": "id",
                      "v": 37073132.0
                    },
                    {
                      "k": "login",
                      "v": "ardfar68"
                    },
                    {
                      "k": "node_id",
                      "v": "MDQ6VXNlcjM3MDczMTMy"
                    },
                    {
                      "k": "organizations_url",
                      "v": "https://api.github.com/users/ardfar68/orgs"
                    },
                    {
                      "k": "received_events_url",
                      "v": "https://api.github.com/users/ardfar68/received_events"
                    },
                    {
                      "k": "repos_url",
                      "v": "https://api.github.com/users/ardfar68/repos"
                    },
                    {
                      "k": "site_admin",
                      "v": false
                    },
                    {
                      "k": "starred_url",
                      "v": "https://api.github.com/users/ardfar68/starred{/owner}{/repo}"
                    },
                    {
                      "k": "subscriptions_url",
                      "v": "https://api.github.com/users/ardfar68/subscriptions"
                    },
                    {
                      "k": "type",
                      "v": "User"
                    },
                    {
                      "k": "url",
                      "v": "https://api.github.com/users/ardfar68"
                    },
                    {
                      "k": "user_view_type",
                      "v": "public"
                    }
                  ]
                }
              },
              {
                "k": "workflow",
                "v": ".github/workflows/three_env_with_download_artifact.yml"
              }
            ]
          }
        },
        {
          "k": "server_url",
          "v": "https://github.com"
        },
        {
          "k": "api_url",
          "v": "https://api.github.com"
        },
        {
          "k": "graphql_url",
          "v": "https://api.github.com/graphql"
        },
        {
          "k": "ref_name",
          "v": "asf_branch"
        },
        {
          "k": "ref_protected",
          "v": false
        },
        {
          "k": "ref_type",
          "v": "branch"
        },
        {
          "k": "secret_source",
          "v": "Actions"
        },
        {
          "k": "workflow_ref",
          "v": "ardfar68/GH_Actions_Repo/.github/workflows/three_env_with_download_artifact.yml@refs/heads/asf_branch"
        },
        {
          "k": "workflow_sha",
          "v": "19fc8886b4f803f75c30e466721b6892eb615c0f"
        }
      ]
    },
    "vars": {
      "t": 2
    },
    "run-feature-flags": {
      "t": 2,
      "d": [
        {
          "k": "actions_stream_logs_via_results_service",
          "v": true
        },
        {
          "k": "actions_use_results_service",
          "v": true
        },
        {
          "k": "actions_uses_cache_service_v2",
          "v": false
        },
        {
          "k": "block_artifacts_v3_exempted",
          "v": false
        },
        {
          "k": "larger_runners_custom_image_generation",
          "v": false
        }
      ]
    },
    "partialrerun": false,
    "needs": {
      "t": 2,
      "d": [
        {
          "k": "Dev_environment",
          "v": {
            "t": 2,
            "d": [
              {
                "k": "result",
                "v": "success"
              },
              {
                "k": "outputs",
                "v": {
                  "t": 2
                }
              }
            ]
          }
        }
      ]
    },
    "inputs": {
      "t": 2
    },
    "matrix": null,
    "strategy": {
      "t": 2,
      "d": [
        {
          "k": "fail-fast",
          "v": true
        },
        {
          "k": "job-index",
          "v": 0.0
        },
        {
          "k": "job-total",
          "v": 1.0
        },
        {
          "k": "max-parallel",
          "v": 1.0
        }
      ]
    },
    "EndpointsOverride": null
  },
  "actionsEnvironment": {
    "name": "Stage",
    "url": null
  }
}
[2025-01-05 19:13:57Z INFO JobRunner] Job ID bb4a2341-4547-529b-0b61-d4e572cb554d
[2025-01-05 19:13:57Z INFO ConfigurationStore] currentAssemblyLocation: C:\myPrivateRepo\GH_Actions_Repo\actions-runner\bin\Runner.Worker.dll
[2025-01-05 19:13:57Z INFO HostContext] Well known directory 'Bin': 'C:\myPrivateRepo\GH_Actions_Repo\actions-runner\bin'
[2025-01-05 19:13:57Z INFO ConfigurationStore] binPath: C:\myPrivateRepo\GH_Actions_Repo\actions-runner\bin
[2025-01-05 19:13:57Z INFO HostContext] Well known directory 'Bin': 'C:\myPrivateRepo\GH_Actions_Repo\actions-runner\bin'
[2025-01-05 19:13:57Z INFO HostContext] Well known directory 'Root': 'C:\myPrivateRepo\GH_Actions_Repo\actions-runner'
[2025-01-05 19:13:57Z INFO ConfigurationStore] RootFolder: C:\myPrivateRepo\GH_Actions_Repo\actions-runner
[2025-01-05 19:13:57Z INFO HostContext] Well known directory 'Bin': 'C:\myPrivateRepo\GH_Actions_Repo\actions-runner\bin'
[2025-01-05 19:13:57Z INFO HostContext] Well known directory 'Root': 'C:\myPrivateRepo\GH_Actions_Repo\actions-runner'
[2025-01-05 19:13:57Z INFO HostContext] Well known config file 'Runner': 'C:\myPrivateRepo\GH_Actions_Repo\actions-runner\.runner'
[2025-01-05 19:13:57Z INFO ConfigurationStore] ConfigFilePath: C:\myPrivateRepo\GH_Actions_Repo\actions-runner\.runner
[2025-01-05 19:13:57Z INFO HostContext] Well known directory 'Bin': 'C:\myPrivateRepo\GH_Actions_Repo\actions-runner\bin'
[2025-01-05 19:13:57Z INFO HostContext] Well known directory 'Root': 'C:\myPrivateRepo\GH_Actions_Repo\actions-runner'
[2025-01-05 19:13:57Z INFO HostContext] Well known config file 'Credentials': 'C:\myPrivateRepo\GH_Actions_Repo\actions-runner\.credentials'
[2025-01-05 19:13:57Z INFO ConfigurationStore] CredFilePath: C:\myPrivateRepo\GH_Actions_Repo\actions-runner\.credentials
[2025-01-05 19:13:57Z INFO HostContext] Well known directory 'Bin': 'C:\myPrivateRepo\GH_Actions_Repo\actions-runner\bin'
[2025-01-05 19:13:57Z INFO HostContext] Well known directory 'Root': 'C:\myPrivateRepo\GH_Actions_Repo\actions-runner'
[2025-01-05 19:13:57Z INFO HostContext] Well known config file 'MigratedCredentials': 'C:\myPrivateRepo\GH_Actions_Repo\actions-runner\.credentials_migrated'
[2025-01-05 19:13:57Z INFO ConfigurationStore] MigratedCredFilePath: C:\myPrivateRepo\GH_Actions_Repo\actions-runner\.credentials_migrated
[2025-01-05 19:13:57Z INFO HostContext] Well known directory 'Bin': 'C:\myPrivateRepo\GH_Actions_Repo\actions-runner\bin'
[2025-01-05 19:13:57Z INFO HostContext] Well known directory 'Root': 'C:\myPrivateRepo\GH_Actions_Repo\actions-runner'
[2025-01-05 19:13:57Z INFO HostContext] Well known config file 'Service': 'C:\myPrivateRepo\GH_Actions_Repo\actions-runner\.service'
[2025-01-05 19:13:57Z INFO ConfigurationStore] ServiceConfigFilePath: C:\myPrivateRepo\GH_Actions_Repo\actions-runner\.service
[2025-01-05 19:13:57Z INFO ConfigurationStore] Read setting file: 328 chars
[2025-01-05 19:13:57Z INFO JobRunner] Creating job server with URL: https://pipelinesghubeus10.actions.githubusercontent.com/CjsRQFEOKohyZJJc5i1MVXT7oJzUKGYUj7MloaymwI6NCsQYqG/
[2025-01-05 19:13:57Z INFO GitHubActionsService] Starting operation Location.GetConnectionData
[2025-01-05 19:13:57Z INFO Worker] Listening for cancel message from the channel.
[2025-01-05 19:13:57Z INFO Worker] Waiting for the job to complete or for a cancel message from the channel.
[2025-01-05 19:13:58Z INFO GitHubActionsService] Finished operation Location.GetConnectionData
[2025-01-05 19:13:58Z INFO JobServer] Creating websocket client ...wss://results-receiver.actions.githubusercontent.com/_ws/ingest.sock
[2025-01-05 19:13:58Z INFO JobServer] Attempting to start websocket client with delay 00:00:00.
[2025-01-05 19:13:58Z INFO JobServerQueue] Initializing results client
[2025-01-05 19:13:58Z INFO JobServerQueue] Start process web console line queue.
[2025-01-05 19:13:58Z INFO JobServerQueue] Start process file upload queue.
[2025-01-05 19:13:58Z INFO JobServerQueue] Start results file upload queue.
[2025-01-05 19:13:58Z INFO JobServerQueue] Starting results-based upload queue...
[2025-01-05 19:13:58Z INFO JobServerQueue] Start process timeline update queue.
[2025-01-05 19:13:58Z INFO ExecutionContext] Initialize GitHub context
[2025-01-05 19:13:58Z INFO ExecutionContext] Initialize Env context
[2025-01-05 19:13:58Z INFO HostContext] Well known directory 'Bin': 'C:\myPrivateRepo\GH_Actions_Repo\actions-runner\bin'
[2025-01-05 19:13:58Z INFO HostContext] Well known directory 'Root': 'C:\myPrivateRepo\GH_Actions_Repo\actions-runner'
[2025-01-05 19:13:58Z INFO HostContext] Well known directory 'Diag': 'C:\myPrivateRepo\GH_Actions_Repo\actions-runner\_diag'
[2025-01-05 19:13:58Z INFO HostContext] Well known directory 'Bin': 'C:\myPrivateRepo\GH_Actions_Repo\actions-runner\bin'
[2025-01-05 19:13:58Z INFO HostContext] Well known directory 'Root': 'C:\myPrivateRepo\GH_Actions_Repo\actions-runner'
[2025-01-05 19:13:58Z INFO HostContext] Well known directory 'Diag': 'C:\myPrivateRepo\GH_Actions_Repo\actions-runner\_diag'
[2025-01-05 19:13:58Z INFO JobRunner] Starting the job execution context.
[2025-01-05 19:13:58Z INFO HostContext] Well known directory 'Bin': 'C:\myPrivateRepo\GH_Actions_Repo\actions-runner\bin'
[2025-01-05 19:13:58Z INFO HostContext] Well known directory 'Root': 'C:\myPrivateRepo\GH_Actions_Repo\actions-runner'
[2025-01-05 19:13:58Z INFO HostContext] Well known directory 'Work': 'C:\myPrivateRepo\GH_Actions_Repo\actions-runner\asf_runner_folder'
[2025-01-05 19:13:58Z INFO JobRunner] Validating directory permissions for: 'C:\myPrivateRepo\GH_Actions_Repo\actions-runner\asf_runner_folder'
[2025-01-05 19:13:58Z INFO HostContext] Well known directory 'Bin': 'C:\myPrivateRepo\GH_Actions_Repo\actions-runner\bin'
[2025-01-05 19:13:58Z INFO HostContext] Well known directory 'Root': 'C:\myPrivateRepo\GH_Actions_Repo\actions-runner'
[2025-01-05 19:13:58Z INFO HostContext] Well known directory 'Work': 'C:\myPrivateRepo\GH_Actions_Repo\actions-runner\asf_runner_folder'
[2025-01-05 19:13:58Z INFO HostContext] Well known directory 'Tools': 'C:\myPrivateRepo\GH_Actions_Repo\actions-runner\asf_runner_folder\_tool'
[2025-01-05 19:13:58Z INFO HostContext] Well known directory 'Bin': 'C:\myPrivateRepo\GH_Actions_Repo\actions-runner\bin'
[2025-01-05 19:13:58Z INFO HostContext] Well known directory 'Root': 'C:\myPrivateRepo\GH_Actions_Repo\actions-runner'
[2025-01-05 19:13:58Z INFO HostContext] Well known directory 'Work': 'C:\myPrivateRepo\GH_Actions_Repo\actions-runner\asf_runner_folder'
[2025-01-05 19:13:58Z INFO HostContext] Well known directory 'Temp': 'C:\myPrivateRepo\GH_Actions_Repo\actions-runner\asf_runner_folder\_temp'
[2025-01-05 19:13:58Z INFO JobRunner] Getting job extension.
[2025-01-05 19:13:58Z INFO JobRunner] Initialize job. Getting all job steps.
[2025-01-05 19:13:58Z INFO HostContext] Well known directory 'Bin': 'C:\myPrivateRepo\GH_Actions_Repo\actions-runner\bin'
[2025-01-05 19:13:58Z INFO HostContext] Well known directory 'Root': 'C:\myPrivateRepo\GH_Actions_Repo\actions-runner'
[2025-01-05 19:13:58Z INFO HostContext] Well known directory 'Diag': 'C:\myPrivateRepo\GH_Actions_Repo\actions-runner\_diag'
[2025-01-05 19:13:58Z INFO HostContext] Well known directory 'Bin': 'C:\myPrivateRepo\GH_Actions_Repo\actions-runner\bin'
[2025-01-05 19:13:58Z INFO HostContext] Well known directory 'Root': 'C:\myPrivateRepo\GH_Actions_Repo\actions-runner'
[2025-01-05 19:13:58Z INFO HostContext] Well known directory 'Diag': 'C:\myPrivateRepo\GH_Actions_Repo\actions-runner\_diag'
[2025-01-05 19:13:58Z INFO HostContext] Well known directory 'Bin': 'C:\myPrivateRepo\GH_Actions_Repo\actions-runner\bin'
[2025-01-05 19:13:58Z INFO HostContext] Well known directory 'Root': 'C:\myPrivateRepo\GH_Actions_Repo\actions-runner'
[2025-01-05 19:13:58Z INFO HostContext] Well known config file 'Credentials': 'C:\myPrivateRepo\GH_Actions_Repo\actions-runner\.credentials'
[2025-01-05 19:13:58Z INFO HostContext] Well known directory 'Bin': 'C:\myPrivateRepo\GH_Actions_Repo\actions-runner\bin'
[2025-01-05 19:13:58Z INFO HostContext] Well known directory 'Root': 'C:\myPrivateRepo\GH_Actions_Repo\actions-runner'
[2025-01-05 19:13:58Z INFO HostContext] Well known config file 'SetupInfo': 'C:\myPrivateRepo\GH_Actions_Repo\actions-runner\.setup_info'
[2025-01-05 19:13:58Z INFO HostContext] Well known directory 'Bin': 'C:\myPrivateRepo\GH_Actions_Repo\actions-runner\bin'
[2025-01-05 19:13:58Z INFO HostContext] Well known directory 'Root': 'C:\myPrivateRepo\GH_Actions_Repo\actions-runner'
[2025-01-05 19:13:58Z INFO HostContext] Well known directory 'Work': 'C:\myPrivateRepo\GH_Actions_Repo\actions-runner\asf_runner_folder'
[2025-01-05 19:13:58Z INFO PipelineDirectoryManager] Loading tracking config if exists: C:\myPrivateRepo\GH_Actions_Repo\actions-runner\asf_runner_folder\_PipelineMapping\ardfar68/GH_Actions_Repo\PipelineFolder.json
[2025-01-05 19:13:58Z INFO PipelineDirectoryManager] Updating job run properties.
[2025-01-05 19:13:58Z INFO HostContext] Well known directory 'Bin': 'C:\myPrivateRepo\GH_Actions_Repo\actions-runner\bin'
[2025-01-05 19:13:58Z INFO HostContext] Well known directory 'Root': 'C:\myPrivateRepo\GH_Actions_Repo\actions-runner'
[2025-01-05 19:13:58Z INFO HostContext] Well known directory 'Work': 'C:\myPrivateRepo\GH_Actions_Repo\actions-runner\asf_runner_folder'
[2025-01-05 19:13:58Z INFO HostContext] Well known directory 'Bin': 'C:\myPrivateRepo\GH_Actions_Repo\actions-runner\bin'
[2025-01-05 19:13:58Z INFO HostContext] Well known directory 'Root': 'C:\myPrivateRepo\GH_Actions_Repo\actions-runner'
[2025-01-05 19:13:58Z INFO HostContext] Well known directory 'Work': 'C:\myPrivateRepo\GH_Actions_Repo\actions-runner\asf_runner_folder'
[2025-01-05 19:13:58Z INFO HostContext] Well known directory 'Bin': 'C:\myPrivateRepo\GH_Actions_Repo\actions-runner\bin'
[2025-01-05 19:13:58Z INFO HostContext] Well known directory 'Root': 'C:\myPrivateRepo\GH_Actions_Repo\actions-runner'
[2025-01-05 19:13:58Z INFO HostContext] Well known directory 'Work': 'C:\myPrivateRepo\GH_Actions_Repo\actions-runner\asf_runner_folder'
[2025-01-05 19:13:58Z INFO JobExtension] Downloading actions
[2025-01-05 19:13:58Z INFO HostContext] Well known directory 'Bin': 'C:\myPrivateRepo\GH_Actions_Repo\actions-runner\bin'
[2025-01-05 19:13:58Z INFO HostContext] Well known directory 'Root': 'C:\myPrivateRepo\GH_Actions_Repo\actions-runner'
[2025-01-05 19:13:58Z INFO HostContext] Well known directory 'Work': 'C:\myPrivateRepo\GH_Actions_Repo\actions-runner\asf_runner_folder'
[2025-01-05 19:13:58Z INFO HostContext] Well known directory 'Actions': 'C:\myPrivateRepo\GH_Actions_Repo\actions-runner\asf_runner_folder\_actions'
[2025-01-05 19:13:58Z INFO HostContext] Well known directory 'Bin': 'C:\myPrivateRepo\GH_Actions_Repo\actions-runner\bin'
[2025-01-05 19:13:58Z INFO HostContext] Well known directory 'Root': 'C:\myPrivateRepo\GH_Actions_Repo\actions-runner'
[2025-01-05 19:13:58Z INFO HostContext] Well known directory 'Work': 'C:\myPrivateRepo\GH_Actions_Repo\actions-runner\asf_runner_folder'
[2025-01-05 19:13:58Z INFO HostContext] Well known directory 'Actions': 'C:\myPrivateRepo\GH_Actions_Repo\actions-runner\asf_runner_folder\_actions'
[2025-01-05 19:13:58Z INFO HostContext] Well known directory 'Bin': 'C:\myPrivateRepo\GH_Actions_Repo\actions-runner\bin'
[2025-01-05 19:13:58Z INFO HostContext] Well known directory 'Root': 'C:\myPrivateRepo\GH_Actions_Repo\actions-runner'
[2025-01-05 19:13:58Z INFO HostContext] Well known directory 'Work': 'C:\myPrivateRepo\GH_Actions_Repo\actions-runner\asf_runner_folder'
[2025-01-05 19:13:58Z INFO HostContext] Well known directory 'Actions': 'C:\myPrivateRepo\GH_Actions_Repo\actions-runner\asf_runner_folder\_actions'
[2025-01-05 19:13:58Z INFO ActionManager] Save archive 'https://api.github.com/repos/actions/download-artifact/zipball/9bc31d5ccc31df68ecc42ccf4149144866c47d8a' into C:\myPrivateRepo\GH_Actions_Repo\actions-runner\asf_runner_folder\_actions\_temp_b37b1299-394e-495e-88e9-8f0eb40159bb\ea5dd219-1ee6-4fb0-85a1-19104a272fa4.zip.
[2025-01-05 19:13:58Z INFO JobServer] Successfully started websocket client.
[2025-01-05 19:13:58Z INFO JobServerQueue] Try to append 1 batches web console lines for record '921961bd-e3fa-4bb4-868d-d540285e289d', success rate: 1/1.
[2025-01-05 19:13:58Z INFO JobServerQueue] Try to append 1 batches web console lines for record '921961bd-e3fa-4bb4-868d-d540285e289d', success rate: 1/1.
[2025-01-05 19:13:59Z INFO JobServerQueue] Job timeline record has been updated for the first time.
[2025-01-05 19:13:59Z INFO ActionManager] Request URL: https://api.github.com/repos/actions/download-artifact/zipball/9bc31d5ccc31df68ecc42ccf4149144866c47d8a X-GitHub-Request-Id: CEF0:47780:11E3B39:17BFC14:677AD9F7 Http Status: OK
[2025-01-05 19:13:59Z INFO ActionManager] Finished getting action repository.
[2025-01-05 19:13:59Z INFO HostContext] Well known directory 'Bin': 'C:\myPrivateRepo\GH_Actions_Repo\actions-runner\bin'
[2025-01-05 19:13:59Z INFO HostContext] Well known directory 'Root': 'C:\myPrivateRepo\GH_Actions_Repo\actions-runner'
[2025-01-05 19:13:59Z INFO HostContext] Well known directory 'Work': 'C:\myPrivateRepo\GH_Actions_Repo\actions-runner\asf_runner_folder'
[2025-01-05 19:13:59Z INFO HostContext] Well known directory 'Actions': 'C:\myPrivateRepo\GH_Actions_Repo\actions-runner\asf_runner_folder\_actions'
[2025-01-05 19:13:59Z INFO ActionManifestManager] Load schema file with definitions: [
  "null",
  "boolean",
  "number",
  "string",
  "sequence",
  "mapping",
  "any",
  "action-root",
  "inputs",
  "input",
  "outputs",
  "output-definition",
  "runs",
  "container-runs",
  "container-runs-args",
  "container-runs-env",
  "node-runs",
  "plugin-runs",
  "composite-runs",
  "composite-steps",
  "composite-step",
  "run-step",
  "uses-step",
  "container-runs-context",
  "output-value",
  "input-default-context",
  "non-empty-string",
  "string-steps-context",
  "boolean-steps-context",
  "step-env",
  "step-if",
  "step-with"
]
[2025-01-05 19:13:59Z INFO HostContext] Well known directory 'Bin': 'C:\myPrivateRepo\GH_Actions_Repo\actions-runner\bin'
[2025-01-05 19:13:59Z INFO HostContext] Well known directory 'Root': 'C:\myPrivateRepo\GH_Actions_Repo\actions-runner'
[2025-01-05 19:13:59Z INFO HostContext] Well known directory 'Work': 'C:\myPrivateRepo\GH_Actions_Repo\actions-runner\asf_runner_folder'
[2025-01-05 19:13:59Z INFO HostContext] Well known directory 'Actions': 'C:\myPrivateRepo\GH_Actions_Repo\actions-runner\asf_runner_folder\_actions'
[2025-01-05 19:13:59Z INFO ActionManifestManager] Ignore action property author.
[2025-01-05 19:13:59Z INFO ActionManifestManager] Loaded action.yml file: {
  "name": "Download a Build Artifact",
  "description": "Download a build artifact that was previously uploaded in the workflow by the upload-artifact action",
  "inputs": {
    "type": 2,
    "map": [
      {
        "key": {
          "type": 0,
          "file": 2,
          "line": 5,
          "col": 3,
          "lit": "name"
        },
        "value": ""
      },
      {
        "key": {
          "type": 0,
          "file": 2,
          "line": 8,
          "col": 3,
          "lit": "path"
        },
        "value": ""
      }
    ]
  },
  "execution": {
    "executionType": "nodeJS",
    "hasPre": false,
    "hasPost": false,
    "script": "dist/index.js",
    "pre": null,
    "post": null,
    "nodeVersion": "node16",
    "cleanupCondition": "always()",
    "initCondition": "always()"
  },
  "deprecated": null
}
[2025-01-05 19:13:59Z INFO ActionManager] Action node.js file: dist/index.js, no more preparation.
[2025-01-05 19:13:59Z INFO HostContext] Well known directory 'Bin': 'C:\myPrivateRepo\GH_Actions_Repo\actions-runner\bin'
[2025-01-05 19:13:59Z INFO HostContext] Well known directory 'Root': 'C:\myPrivateRepo\GH_Actions_Repo\actions-runner'
[2025-01-05 19:13:59Z INFO HostContext] Well known directory 'Work': 'C:\myPrivateRepo\GH_Actions_Repo\actions-runner\asf_runner_folder'
[2025-01-05 19:13:59Z INFO HostContext] Well known directory 'Actions': 'C:\myPrivateRepo\GH_Actions_Repo\actions-runner\asf_runner_folder\_actions'
[2025-01-05 19:13:59Z INFO ActionManager] Load action that reference repository from 'C:\myPrivateRepo\GH_Actions_Repo\actions-runner\asf_runner_folder\_actions\actions\download-artifact\v3'
[2025-01-05 19:13:59Z INFO HostContext] Well known directory 'Bin': 'C:\myPrivateRepo\GH_Actions_Repo\actions-runner\bin'
[2025-01-05 19:13:59Z INFO HostContext] Well known directory 'Root': 'C:\myPrivateRepo\GH_Actions_Repo\actions-runner'
[2025-01-05 19:13:59Z INFO HostContext] Well known directory 'Work': 'C:\myPrivateRepo\GH_Actions_Repo\actions-runner\asf_runner_folder'
[2025-01-05 19:13:59Z INFO HostContext] Well known directory 'Actions': 'C:\myPrivateRepo\GH_Actions_Repo\actions-runner\asf_runner_folder\_actions'
[2025-01-05 19:13:59Z INFO ActionManifestManager] Ignore action property author.
[2025-01-05 19:13:59Z INFO ActionManifestManager] Loaded action.yml file: {
  "name": "Download a Build Artifact",
  "description": "Download a build artifact that was previously uploaded in the workflow by the upload-artifact action",
  "inputs": {
    "type": 2,
    "map": [
      {
        "key": {
          "type": 0,
          "file": 2,
          "line": 5,
          "col": 3,
          "lit": "name"
        },
        "value": ""
      },
      {
        "key": {
          "type": 0,
          "file": 2,
          "line": 8,
          "col": 3,
          "lit": "path"
        },
        "value": ""
      }
    ]
  },
  "execution": {
    "executionType": "nodeJS",
    "hasPre": false,
    "hasPost": false,
    "script": "dist/index.js",
    "pre": null,
    "post": null,
    "nodeVersion": "node16",
    "cleanupCondition": "always()",
    "initCondition": "always()"
  },
  "deprecated": null
}
[2025-01-05 19:13:59Z INFO ActionManager] Action pre node.js file: N/A.
[2025-01-05 19:13:59Z INFO ActionManager] Action node.js file: dist/index.js.
[2025-01-05 19:13:59Z INFO ActionManager] Action post node.js file: N/A.
[2025-01-05 19:13:59Z INFO JobExtension] Adding .
[2025-01-05 19:13:59Z INFO JobExtension] Adding .
[2025-01-05 19:13:59Z INFO HostContext] Well known directory 'Bin': 'C:\myPrivateRepo\GH_Actions_Repo\actions-runner\bin'
[2025-01-05 19:13:59Z INFO HostContext] Well known directory 'Root': 'C:\myPrivateRepo\GH_Actions_Repo\actions-runner'
[2025-01-05 19:13:59Z INFO HostContext] Well known directory 'Diag': 'C:\myPrivateRepo\GH_Actions_Repo\actions-runner\_diag'
[2025-01-05 19:13:59Z INFO HostContext] Well known directory 'Bin': 'C:\myPrivateRepo\GH_Actions_Repo\actions-runner\bin'
[2025-01-05 19:13:59Z INFO HostContext] Well known directory 'Root': 'C:\myPrivateRepo\GH_Actions_Repo\actions-runner'
[2025-01-05 19:13:59Z INFO HostContext] Well known directory 'Diag': 'C:\myPrivateRepo\GH_Actions_Repo\actions-runner\_diag'
[2025-01-05 19:13:59Z INFO HostContext] Well known directory 'Bin': 'C:\myPrivateRepo\GH_Actions_Repo\actions-runner\bin'
[2025-01-05 19:13:59Z INFO HostContext] Well known directory 'Root': 'C:\myPrivateRepo\GH_Actions_Repo\actions-runner'
[2025-01-05 19:13:59Z INFO HostContext] Well known directory 'Diag': 'C:\myPrivateRepo\GH_Actions_Repo\actions-runner\_diag'
[2025-01-05 19:13:59Z INFO HostContext] Well known directory 'Bin': 'C:\myPrivateRepo\GH_Actions_Repo\actions-runner\bin'
[2025-01-05 19:13:59Z INFO HostContext] Well known directory 'Root': 'C:\myPrivateRepo\GH_Actions_Repo\actions-runner'
[2025-01-05 19:13:59Z INFO HostContext] Well known directory 'Diag': 'C:\myPrivateRepo\GH_Actions_Repo\actions-runner\_diag'
[2025-01-05 19:13:59Z INFO JobExtension] Total accessible running process: 387.
[2025-01-05 19:13:59Z INFO HostContext] Well known directory 'Bin': 'C:\myPrivateRepo\GH_Actions_Repo\actions-runner\bin'
[2025-01-05 19:13:59Z INFO HostContext] Well known directory 'Root': 'C:\myPrivateRepo\GH_Actions_Repo\actions-runner'
[2025-01-05 19:13:59Z INFO HostContext] Well known directory 'Work': 'C:\myPrivateRepo\GH_Actions_Repo\actions-runner\asf_runner_folder'
[2025-01-05 19:13:59Z INFO JobExtension] Start checking server connectivity.
[2025-01-05 19:13:59Z INFO JobExtension] Check server connectivity for https://acghubeus0.actions.githubusercontent.com/_apis/health.
[2025-01-05 19:13:59Z INFO JobExtension] Check server connectivity for https://results-receiver.actions.githubusercontent.com/health.
[2025-01-05 19:13:59Z INFO JobExtension] Check server connectivity for https://pkg.actions.githubusercontent.com.
[2025-01-05 19:13:59Z INFO JobExtension] Check server connectivity for https://actions-results-receiver-production.githubapp.com/health.
[2025-01-05 19:13:59Z INFO JobExtension] Check server connectivity for https://pipelinesghubeus10.actions.githubusercontent.com/_apis/health.
[2025-01-05 19:13:59Z INFO JobExtension] Start checking service connectivity in background.
[2025-01-05 19:13:59Z INFO ExecutionContext] Publish step telemetry for current step {
  "action": "setup_job",
  "type": "runner",
  "stage": "Pre",
  "stepId": "921961bd-e3fa-4bb4-868d-d540285e289d",
  "result": "succeeded",
  "errorMessages": [],
  "executionTimeInSeconds": 2,
  "startTime": "2025-01-05T19:13:58.157274Z",
  "finishTime": "2025-01-05T19:13:59.48983Z"
}.
[2025-01-05 19:13:59Z INFO JobRunner] Total job steps: 2.
[2025-01-05 19:13:59Z INFO JobRunner] Run all job steps.
[2025-01-05 19:13:59Z INFO StepsRunner] Processing step: DisplayName='Download code artifact for stage env'
[2025-01-05 19:13:59Z INFO StepsRunner] Evaluating: success()
[2025-01-05 19:13:59Z INFO StepsRunner] Result: true
[2025-01-05 19:13:59Z INFO StepsRunner] Starting the step.
[2025-01-05 19:13:59Z INFO HostContext] Well known directory 'Bin': 'C:\myPrivateRepo\GH_Actions_Repo\actions-runner\bin'
[2025-01-05 19:13:59Z INFO HostContext] Well known directory 'Root': 'C:\myPrivateRepo\GH_Actions_Repo\actions-runner'
[2025-01-05 19:13:59Z INFO HostContext] Well known directory 'Work': 'C:\myPrivateRepo\GH_Actions_Repo\actions-runner\asf_runner_folder'
[2025-01-05 19:13:59Z INFO StepsRunner] Which2: 'chcp'
[2025-01-05 19:13:59Z INFO StepsRunner] Location: 'C:\WINDOWS\system32\chcp.COM'
[2025-01-05 19:13:59Z INFO ProcessInvokerWrapper] Starting process:
[2025-01-05 19:13:59Z INFO ProcessInvokerWrapper]   File name: 'C:\WINDOWS\system32\chcp.COM'
[2025-01-05 19:13:59Z INFO ProcessInvokerWrapper]   Arguments: '65001'
[2025-01-05 19:13:59Z INFO ProcessInvokerWrapper]   Working directory: 'C:\myPrivateRepo\GH_Actions_Repo\actions-runner\asf_runner_folder'
[2025-01-05 19:13:59Z INFO ProcessInvokerWrapper]   Require exit code zero: 'False'
[2025-01-05 19:13:59Z INFO ProcessInvokerWrapper]   Encoding web name:  ; code page: ''
[2025-01-05 19:13:59Z INFO ProcessInvokerWrapper]   Force kill process on cancellation: 'False'
[2025-01-05 19:13:59Z INFO ProcessInvokerWrapper]   Redirected STDIN: 'False'
[2025-01-05 19:13:59Z INFO ProcessInvokerWrapper]   Persist current code page: 'True'
[2025-01-05 19:13:59Z INFO ProcessInvokerWrapper]   Keep redirected STDIN open: 'False'
[2025-01-05 19:13:59Z INFO ProcessInvokerWrapper]   High priority process: 'False'
[2025-01-05 19:13:59Z INFO ProcessInvokerWrapper] Process started with process id 37168, waiting for process exit.
[2025-01-05 19:13:59Z INFO ProcessInvokerWrapper] STDOUT/STDERR stream read finished.
[2025-01-05 19:13:59Z INFO ProcessInvokerWrapper] STDOUT/STDERR stream read finished.
[2025-01-05 19:13:59Z INFO ProcessInvokerWrapper] Finished process 37168 with exit code 0, and elapsed time 00:00:00.0181581.
[2025-01-05 19:13:59Z INFO StepsRunner] Successfully returned to code page 65001 (UTF8)
[2025-01-05 19:13:59Z INFO HostContext] Well known directory 'Bin': 'C:\myPrivateRepo\GH_Actions_Repo\actions-runner\bin'
[2025-01-05 19:13:59Z INFO HostContext] Well known directory 'Root': 'C:\myPrivateRepo\GH_Actions_Repo\actions-runner'
[2025-01-05 19:13:59Z INFO HostContext] Well known directory 'Work': 'C:\myPrivateRepo\GH_Actions_Repo\actions-runner\asf_runner_folder'
[2025-01-05 19:13:59Z INFO HostContext] Well known directory 'Actions': 'C:\myPrivateRepo\GH_Actions_Repo\actions-runner\asf_runner_folder\_actions'
[2025-01-05 19:13:59Z INFO ActionManager] Load action that reference repository from 'C:\myPrivateRepo\GH_Actions_Repo\actions-runner\asf_runner_folder\_actions\actions\download-artifact\v3'
[2025-01-05 19:13:59Z INFO HostContext] Well known directory 'Bin': 'C:\myPrivateRepo\GH_Actions_Repo\actions-runner\bin'
[2025-01-05 19:13:59Z INFO HostContext] Well known directory 'Root': 'C:\myPrivateRepo\GH_Actions_Repo\actions-runner'
[2025-01-05 19:13:59Z INFO HostContext] Well known directory 'Work': 'C:\myPrivateRepo\GH_Actions_Repo\actions-runner\asf_runner_folder'
[2025-01-05 19:13:59Z INFO HostContext] Well known directory 'Actions': 'C:\myPrivateRepo\GH_Actions_Repo\actions-runner\asf_runner_folder\_actions'
[2025-01-05 19:13:59Z INFO ActionManifestManager] Ignore action property author.
[2025-01-05 19:13:59Z INFO ActionManifestManager] Loaded action.yml file: {
  "name": "Download a Build Artifact",
  "description": "Download a build artifact that was previously uploaded in the workflow by the upload-artifact action",
  "inputs": {
    "type": 2,
    "map": [
      {
        "key": {
          "type": 0,
          "file": 2,
          "line": 5,
          "col": 3,
          "lit": "name"
        },
        "value": ""
      },
      {
        "key": {
          "type": 0,
          "file": 2,
          "line": 8,
          "col": 3,
          "lit": "path"
        },
        "value": ""
      }
    ]
  },
  "execution": {
    "executionType": "nodeJS",
    "hasPre": false,
    "hasPost": false,
    "script": "dist/index.js",
    "pre": null,
    "post": null,
    "nodeVersion": "node16",
    "cleanupCondition": "always()",
    "initCondition": "always()"
  },
  "deprecated": null
}
[2025-01-05 19:13:59Z INFO ActionManager] Action pre node.js file: N/A.
[2025-01-05 19:13:59Z INFO ActionManager] Action node.js file: dist/index.js.
[2025-01-05 19:13:59Z INFO ActionManager] Action post node.js file: N/A.
[2025-01-05 19:13:59Z INFO HostContext] Well known directory 'Bin': 'C:\myPrivateRepo\GH_Actions_Repo\actions-runner\bin'
[2025-01-05 19:13:59Z INFO HostContext] Well known directory 'Root': 'C:\myPrivateRepo\GH_Actions_Repo\actions-runner'
[2025-01-05 19:13:59Z INFO HostContext] Well known directory 'Work': 'C:\myPrivateRepo\GH_Actions_Repo\actions-runner\asf_runner_folder'
[2025-01-05 19:13:59Z INFO HostContext] Well known directory 'Temp': 'C:\myPrivateRepo\GH_Actions_Repo\actions-runner\asf_runner_folder\_temp'
[2025-01-05 19:13:59Z INFO ExecutionContext] Write event payload to C:\myPrivateRepo\GH_Actions_Repo\actions-runner\asf_runner_folder\_temp\_github_workflow\event.json
[2025-01-05 19:13:59Z INFO HostContext] Well known directory 'Bin': 'C:\myPrivateRepo\GH_Actions_Repo\actions-runner\bin'
[2025-01-05 19:13:59Z INFO HostContext] Well known directory 'Root': 'C:\myPrivateRepo\GH_Actions_Repo\actions-runner'
[2025-01-05 19:13:59Z INFO HostContext] Well known directory 'Work': 'C:\myPrivateRepo\GH_Actions_Repo\actions-runner\asf_runner_folder'
[2025-01-05 19:13:59Z INFO HostContext] Well known directory 'Temp': 'C:\myPrivateRepo\GH_Actions_Repo\actions-runner\asf_runner_folder\_temp'
[2025-01-05 19:13:59Z INFO ExtensionManager] Getting extensions for interface: 'GitHub.Runner.Worker.IFileCommandExtension'
[2025-01-05 19:13:59Z INFO ExtensionManager] Creating instance: GitHub.Runner.Worker.AddPathFileCommand, Runner.Worker
[2025-01-05 19:13:59Z INFO ExtensionManager] Creating instance: GitHub.Runner.Worker.SetEnvFileCommand, Runner.Worker
[2025-01-05 19:13:59Z INFO ExtensionManager] Creating instance: GitHub.Runner.Worker.CreateStepSummaryCommand, Runner.Worker
[2025-01-05 19:13:59Z INFO ExtensionManager] Creating instance: GitHub.Runner.Worker.SaveStateFileCommand, Runner.Worker
[2025-01-05 19:13:59Z INFO ExtensionManager] Creating instance: GitHub.Runner.Worker.SetOutputFileCommand, Runner.Worker
[2025-01-05 19:13:59Z INFO ActionManifestManager] Input 'path': default value evaluate result: ""
[2025-01-05 19:13:59Z INFO ExtensionManager] Getting extensions for interface: 'GitHub.Runner.Worker.IActionCommandExtension'
[2025-01-05 19:13:59Z INFO JobServerQueue] Try to append 1 batches web console lines for record '921961bd-e3fa-4bb4-868d-d540285e289d', success rate: 1/1.
[2025-01-05 19:13:59Z INFO ExtensionManager] Creating instance: GitHub.Runner.Worker.InternalPluginSetRepoPathCommandExtension, Runner.Worker
[2025-01-05 19:13:59Z INFO ExtensionManager] Creating instance: GitHub.Runner.Worker.SetEnvCommandExtension, Runner.Worker
[2025-01-05 19:13:59Z INFO ExtensionManager] Creating instance: GitHub.Runner.Worker.SetOutputCommandExtension, Runner.Worker
[2025-01-05 19:13:59Z INFO ExtensionManager] Creating instance: GitHub.Runner.Worker.SaveStateCommandExtension, Runner.Worker
[2025-01-05 19:13:59Z INFO ExtensionManager] Creating instance: GitHub.Runner.Worker.AddPathCommandExtension, Runner.Worker
[2025-01-05 19:13:59Z INFO ExtensionManager] Creating instance: GitHub.Runner.Worker.AddMaskCommandExtension, Runner.Worker
[2025-01-05 19:13:59Z INFO ExtensionManager] Creating instance: GitHub.Runner.Worker.AddMatcherCommandExtension, Runner.Worker
[2025-01-05 19:13:59Z INFO ExtensionManager] Creating instance: GitHub.Runner.Worker.RemoveMatcherCommandExtension, Runner.Worker
[2025-01-05 19:13:59Z INFO ExtensionManager] Creating instance: GitHub.Runner.Worker.WarningCommandExtension, Runner.Worker
[2025-01-05 19:13:59Z INFO ExtensionManager] Creating instance: GitHub.Runner.Worker.ErrorCommandExtension, Runner.Worker
[2025-01-05 19:13:59Z INFO ExtensionManager] Creating instance: GitHub.Runner.Worker.NoticeCommandExtension, Runner.Worker
[2025-01-05 19:13:59Z INFO ExtensionManager] Creating instance: GitHub.Runner.Worker.DebugCommandExtension, Runner.Worker
[2025-01-05 19:13:59Z INFO ExtensionManager] Creating instance: GitHub.Runner.Worker.GroupCommandExtension, Runner.Worker
[2025-01-05 19:13:59Z INFO ExtensionManager] Creating instance: GitHub.Runner.Worker.EndGroupCommandExtension, Runner.Worker
[2025-01-05 19:13:59Z INFO ExtensionManager] Creating instance: GitHub.Runner.Worker.EchoCommandExtension, Runner.Worker
[2025-01-05 19:13:59Z INFO ActionCommandManager] Register action command extension for command internal-set-repo-path
[2025-01-05 19:13:59Z INFO ActionCommandManager] Register action command extension for command set-env
[2025-01-05 19:13:59Z INFO ActionCommandManager] Register action command extension for command set-output
[2025-01-05 19:13:59Z INFO ActionCommandManager] Register action command extension for command save-state
[2025-01-05 19:13:59Z INFO ActionCommandManager] Register action command extension for command add-path
[2025-01-05 19:13:59Z INFO ActionCommandManager] Register action command extension for command add-mask
[2025-01-05 19:13:59Z INFO ActionCommandManager] Register action command extension for command add-matcher
[2025-01-05 19:13:59Z INFO ActionCommandManager] Register action command extension for command remove-matcher
[2025-01-05 19:13:59Z INFO ActionCommandManager] Register action command extension for command warning
[2025-01-05 19:13:59Z INFO ActionCommandManager] Register action command extension for command error
[2025-01-05 19:13:59Z INFO ActionCommandManager] Register action command extension for command notice
[2025-01-05 19:13:59Z INFO ActionCommandManager] Register action command extension for command debug
[2025-01-05 19:13:59Z INFO ActionCommandManager] Register action command extension for command group
[2025-01-05 19:13:59Z INFO ActionCommandManager] Register action command extension for command endgroup
[2025-01-05 19:13:59Z INFO ActionCommandManager] Register action command extension for command echo
[2025-01-05 19:13:59Z INFO HostContext] Well known directory 'Bin': 'C:\myPrivateRepo\GH_Actions_Repo\actions-runner\bin'
[2025-01-05 19:13:59Z INFO HostContext] Well known directory 'Root': 'C:\myPrivateRepo\GH_Actions_Repo\actions-runner'
[2025-01-05 19:13:59Z INFO HostContext] Well known directory 'Externals': 'C:\myPrivateRepo\GH_Actions_Repo\actions-runner\externals'
[2025-01-05 19:13:59Z INFO ProcessInvokerWrapper] Starting process:
[2025-01-05 19:13:59Z INFO ProcessInvokerWrapper]   File name: 'C:\myPrivateRepo\GH_Actions_Repo\actions-runner\externals\node20\bin\node.exe'
[2025-01-05 19:13:59Z INFO ProcessInvokerWrapper]   Arguments: '"C:\myPrivateRepo\GH_Actions_Repo\actions-runner\asf_runner_folder\_actions\actions\download-artifact\v3\dist/index.js"'
[2025-01-05 19:13:59Z INFO ProcessInvokerWrapper]   Working directory: 'C:\myPrivateRepo\GH_Actions_Repo\actions-runner\asf_runner_folder\GH_Actions_Repo\GH_Actions_Repo'
[2025-01-05 19:13:59Z INFO ProcessInvokerWrapper]   Require exit code zero: 'False'
[2025-01-05 19:13:59Z INFO ProcessInvokerWrapper]   Encoding web name: utf-8 ; code page: '65001'
[2025-01-05 19:13:59Z INFO ProcessInvokerWrapper]   Force kill process on cancellation: 'False'
[2025-01-05 19:13:59Z INFO ProcessInvokerWrapper]   Redirected STDIN: 'False'
[2025-01-05 19:13:59Z INFO ProcessInvokerWrapper]   Persist current code page: 'True'
[2025-01-05 19:13:59Z INFO ProcessInvokerWrapper]   Keep redirected STDIN open: 'False'
[2025-01-05 19:13:59Z INFO ProcessInvokerWrapper]   High priority process: 'False'
[2025-01-05 19:13:59Z INFO ProcessInvokerWrapper] Process started with process id 16756, waiting for process exit.
[2025-01-05 19:13:59Z INFO JobServerQueue] Try to append 1 batches web console lines for record '73e7cdb3-3672-5568-f57c-e6408aeea94b', success rate: 1/1.
[2025-01-05 19:14:00Z INFO JobServerQueue] Got a step log file to send to results service.
[2025-01-05 19:14:00Z INFO JobServerQueue] Starting upload of step log file to results service ResultsLog, C:\myPrivateRepo\GH_Actions_Repo\actions-runner\_diag\blocks\4b2ae3d4-05f9-4cfb-802f-ed80de1da0ac_921961bd-e3fa-4bb4-868d-d540285e289d.1
[2025-01-05 19:14:00Z INFO JobServerQueue] Try to upload 1 log files or attachments, success rate: 1/1.
[2025-01-05 19:14:00Z INFO JobServerQueue] Tried to upload 1 file(s) to results, success rate: 1/1.
[2025-01-05 19:14:01Z INFO JobServerQueue] Try to append 1 batches web console lines for record '73e7cdb3-3672-5568-f57c-e6408aeea94b', success rate: 1/1.
[2025-01-05 19:14:01Z INFO JobServerQueue] Try to append 1 batches web console lines for record '73e7cdb3-3672-5568-f57c-e6408aeea94b', success rate: 1/1.
[2025-01-05 19:14:02Z INFO JobServerQueue] Try to append 1 batches web console lines for record '73e7cdb3-3672-5568-f57c-e6408aeea94b', success rate: 1/1.
[2025-01-05 19:14:03Z INFO JobServerQueue] Try to append 1 batches web console lines for record '73e7cdb3-3672-5568-f57c-e6408aeea94b', success rate: 1/1.
[2025-01-05 19:14:05Z INFO JobServerQueue] Try to append 1 batches web console lines for record '73e7cdb3-3672-5568-f57c-e6408aeea94b', success rate: 1/1.
[2025-01-05 19:14:06Z INFO JobServerQueue] Try to append 1 batches web console lines for record '73e7cdb3-3672-5568-f57c-e6408aeea94b', success rate: 1/1.
[2025-01-05 19:14:07Z INFO JobServerQueue] Try to append 1 batches web console lines for record '73e7cdb3-3672-5568-f57c-e6408aeea94b', success rate: 1/1.
[2025-01-05 19:14:08Z INFO JobServerQueue] Try to append 1 batches web console lines for record '73e7cdb3-3672-5568-f57c-e6408aeea94b', success rate: 1/1.
[2025-01-05 19:14:08Z INFO JobServerQueue] Try to append 1 batches web console lines for record '73e7cdb3-3672-5568-f57c-e6408aeea94b', success rate: 1/1.
[2025-01-05 19:14:09Z INFO HostContext] Well known directory 'Bin': 'C:\myPrivateRepo\GH_Actions_Repo\actions-runner\bin'
[2025-01-05 19:14:09Z INFO HostContext] Well known directory 'Root': 'C:\myPrivateRepo\GH_Actions_Repo\actions-runner'
[2025-01-05 19:14:09Z INFO HostContext] Well known directory 'Work': 'C:\myPrivateRepo\GH_Actions_Repo\actions-runner\asf_runner_folder'
[2025-01-05 19:14:09Z INFO JobServerQueue] Try to append 1 batches web console lines for record '73e7cdb3-3672-5568-f57c-e6408aeea94b', success rate: 1/1.
[2025-01-05 19:14:11Z INFO JobServerQueue] Try to append 1 batches web console lines for record '73e7cdb3-3672-5568-f57c-e6408aeea94b', success rate: 1/1.
[2025-01-05 19:14:12Z INFO JobServerQueue] Try to append 1 batches web console lines for record '73e7cdb3-3672-5568-f57c-e6408aeea94b', success rate: 1/1.
[2025-01-05 19:14:13Z INFO JobServerQueue] Try to append 1 batches web console lines for record '73e7cdb3-3672-5568-f57c-e6408aeea94b', success rate: 1/1.
[2025-01-05 19:14:14Z INFO JobServerQueue] Try to append 1 batches web console lines for record '73e7cdb3-3672-5568-f57c-e6408aeea94b', success rate: 1/1.
[2025-01-05 19:14:15Z INFO JobServerQueue] Try to append 1 batches web console lines for record '73e7cdb3-3672-5568-f57c-e6408aeea94b', success rate: 1/1.
[2025-01-05 19:14:15Z INFO JobServerQueue] Try to append 1 batches web console lines for record '73e7cdb3-3672-5568-f57c-e6408aeea94b', success rate: 1/1.
[2025-01-05 19:14:17Z INFO JobServerQueue] Try to append 1 batches web console lines for record '73e7cdb3-3672-5568-f57c-e6408aeea94b', success rate: 1/1.
[2025-01-05 19:14:18Z INFO JobServerQueue] Try to append 1 batches web console lines for record '73e7cdb3-3672-5568-f57c-e6408aeea94b', success rate: 1/1.
[2025-01-05 19:14:19Z INFO JobServerQueue] Try to append 1 batches web console lines for record '73e7cdb3-3672-5568-f57c-e6408aeea94b', success rate: 1/1.
[2025-01-05 19:14:19Z INFO HostContext] Well known directory 'Bin': 'C:\myPrivateRepo\GH_Actions_Repo\actions-runner\bin'
[2025-01-05 19:14:19Z INFO HostContext] Well known directory 'Root': 'C:\myPrivateRepo\GH_Actions_Repo\actions-runner'
[2025-01-05 19:14:19Z INFO HostContext] Well known directory 'Work': 'C:\myPrivateRepo\GH_Actions_Repo\actions-runner\asf_runner_folder'
[2025-01-05 19:14:20Z INFO JobServerQueue] Try to append 1 batches web console lines for record '73e7cdb3-3672-5568-f57c-e6408aeea94b', success rate: 1/1.
[2025-01-05 19:14:21Z INFO JobServerQueue] Try to append 1 batches web console lines for record '73e7cdb3-3672-5568-f57c-e6408aeea94b', success rate: 1/1.
[2025-01-05 19:14:22Z INFO JobServerQueue] Try to append 1 batches web console lines for record '73e7cdb3-3672-5568-f57c-e6408aeea94b', success rate: 1/1.
[2025-01-05 19:14:23Z INFO JobServerQueue] Try to append 1 batches web console lines for record '73e7cdb3-3672-5568-f57c-e6408aeea94b', success rate: 1/1.
[2025-01-05 19:14:24Z INFO JobServerQueue] Try to append 1 batches web console lines for record '73e7cdb3-3672-5568-f57c-e6408aeea94b', success rate: 1/1.
[2025-01-05 19:14:25Z INFO JobServerQueue] Try to append 1 batches web console lines for record '73e7cdb3-3672-5568-f57c-e6408aeea94b', success rate: 1/1.
[2025-01-05 19:14:26Z INFO JobServerQueue] Try to append 1 batches web console lines for record '73e7cdb3-3672-5568-f57c-e6408aeea94b', success rate: 1/1.
[2025-01-05 19:14:27Z INFO JobServerQueue] Try to append 1 batches web console lines for record '73e7cdb3-3672-5568-f57c-e6408aeea94b', success rate: 1/1.
[2025-01-05 19:14:28Z INFO JobServerQueue] Try to append 1 batches web console lines for record '73e7cdb3-3672-5568-f57c-e6408aeea94b', success rate: 1/1.
[2025-01-05 19:14:29Z INFO JobServerQueue] Try to append 1 batches web console lines for record '73e7cdb3-3672-5568-f57c-e6408aeea94b', success rate: 1/1.
[2025-01-05 19:14:29Z INFO HostContext] Well known directory 'Bin': 'C:\myPrivateRepo\GH_Actions_Repo\actions-runner\bin'
[2025-01-05 19:14:29Z INFO HostContext] Well known directory 'Root': 'C:\myPrivateRepo\GH_Actions_Repo\actions-runner'
[2025-01-05 19:14:29Z INFO HostContext] Well known directory 'Work': 'C:\myPrivateRepo\GH_Actions_Repo\actions-runner\asf_runner_folder'
[2025-01-05 19:14:30Z INFO JobServerQueue] Try to append 1 batches web console lines for record '73e7cdb3-3672-5568-f57c-e6408aeea94b', success rate: 1/1.
[2025-01-05 19:14:31Z INFO JobServerQueue] Try to append 1 batches web console lines for record '73e7cdb3-3672-5568-f57c-e6408aeea94b', success rate: 1/1.
[2025-01-05 19:14:32Z INFO JobServerQueue] Try to append 1 batches web console lines for record '73e7cdb3-3672-5568-f57c-e6408aeea94b', success rate: 1/1.
[2025-01-05 19:14:32Z INFO ProcessInvokerWrapper] STDOUT/STDERR stream read finished.
[2025-01-05 19:14:32Z INFO ProcessInvokerWrapper] STDOUT/STDERR stream read finished.
[2025-01-05 19:14:32Z INFO ProcessInvokerWrapper] Finished process 16756 with exit code 0, and elapsed time 00:00:32.6014536.
[2025-01-05 19:14:32Z INFO CreateStepSummaryCommand] Step Summary file (C:\myPrivateRepo\GH_Actions_Repo\actions-runner\asf_runner_folder\_temp\_runner_file_commands\step_summary_56a4a47f-85c3-4e9f-944a-5ea3006e3121) is empty; skipping attachment upload
[2025-01-05 19:14:32Z INFO StepsRunner] Step result: 
[2025-01-05 19:14:32Z INFO ExecutionContext] Publish step telemetry for current step {
  "action": "actions/download-artifact",
  "ref": "v3",
  "type": "node20",
  "stage": "Main",
  "stepId": "73e7cdb3-3672-5568-f57c-e6408aeea94b",
  "stepContextName": "__actions_download-artifact",
  "hasPreStep": false,
  "hasPostStep": false,
  "result": "succeeded",
  "errorMessages": [],
  "executionTimeInSeconds": 33,
  "startTime": "2025-01-05T19:13:59.496767Z",
  "finishTime": "2025-01-05T19:14:32.1618066Z"
}.
[2025-01-05 19:14:32Z INFO StepsRunner] No need for updating job result with current step result 'Succeeded'.
[2025-01-05 19:14:32Z INFO StepsRunner] Current state: job state = ''
[2025-01-05 19:14:32Z INFO StepsRunner] Processing step: DisplayName='run script for stage env'
[2025-01-05 19:14:32Z INFO StepsRunner] Evaluating: success()
[2025-01-05 19:14:32Z INFO StepsRunner] Result: true
[2025-01-05 19:14:32Z INFO StepsRunner] Starting the step.
[2025-01-05 19:14:32Z INFO HostContext] Well known directory 'Bin': 'C:\myPrivateRepo\GH_Actions_Repo\actions-runner\bin'
[2025-01-05 19:14:32Z INFO HostContext] Well known directory 'Root': 'C:\myPrivateRepo\GH_Actions_Repo\actions-runner'
[2025-01-05 19:14:32Z INFO HostContext] Well known directory 'Work': 'C:\myPrivateRepo\GH_Actions_Repo\actions-runner\asf_runner_folder'
[2025-01-05 19:14:32Z INFO StepsRunner] Which2: 'chcp'
[2025-01-05 19:14:32Z INFO StepsRunner] Location: 'C:\WINDOWS\system32\chcp.COM'
[2025-01-05 19:14:32Z INFO ProcessInvokerWrapper] Starting process:
[2025-01-05 19:14:32Z INFO ProcessInvokerWrapper]   File name: 'C:\WINDOWS\system32\chcp.COM'
[2025-01-05 19:14:32Z INFO ProcessInvokerWrapper]   Arguments: '65001'
[2025-01-05 19:14:32Z INFO ProcessInvokerWrapper]   Working directory: 'C:\myPrivateRepo\GH_Actions_Repo\actions-runner\asf_runner_folder'
[2025-01-05 19:14:32Z INFO ProcessInvokerWrapper]   Require exit code zero: 'False'
[2025-01-05 19:14:32Z INFO ProcessInvokerWrapper]   Encoding web name:  ; code page: ''
[2025-01-05 19:14:32Z INFO ProcessInvokerWrapper]   Force kill process on cancellation: 'False'
[2025-01-05 19:14:32Z INFO ProcessInvokerWrapper]   Redirected STDIN: 'False'
[2025-01-05 19:14:32Z INFO ProcessInvokerWrapper]   Persist current code page: 'True'
[2025-01-05 19:14:32Z INFO ProcessInvokerWrapper]   Keep redirected STDIN open: 'False'
[2025-01-05 19:14:32Z INFO ProcessInvokerWrapper]   High priority process: 'False'
[2025-01-05 19:14:32Z INFO ProcessInvokerWrapper] Process started with process id 14816, waiting for process exit.
[2025-01-05 19:14:32Z INFO ProcessInvokerWrapper] STDOUT/STDERR stream read finished.
[2025-01-05 19:14:32Z INFO ProcessInvokerWrapper] STDOUT/STDERR stream read finished.
[2025-01-05 19:14:32Z INFO ProcessInvokerWrapper] Finished process 14816 with exit code 0, and elapsed time 00:00:00.0138936.
[2025-01-05 19:14:32Z INFO StepsRunner] Successfully returned to code page 65001 (UTF8)
[2025-01-05 19:14:32Z INFO HostContext] Well known directory 'Bin': 'C:\myPrivateRepo\GH_Actions_Repo\actions-runner\bin'
[2025-01-05 19:14:32Z INFO HostContext] Well known directory 'Root': 'C:\myPrivateRepo\GH_Actions_Repo\actions-runner'
[2025-01-05 19:14:32Z INFO HostContext] Well known directory 'Work': 'C:\myPrivateRepo\GH_Actions_Repo\actions-runner\asf_runner_folder'
[2025-01-05 19:14:32Z INFO HostContext] Well known directory 'Temp': 'C:\myPrivateRepo\GH_Actions_Repo\actions-runner\asf_runner_folder\_temp'
[2025-01-05 19:14:32Z INFO ExecutionContext] Write event payload to C:\myPrivateRepo\GH_Actions_Repo\actions-runner\asf_runner_folder\_temp\_github_workflow\event.json
[2025-01-05 19:14:32Z INFO HostContext] Well known directory 'Bin': 'C:\myPrivateRepo\GH_Actions_Repo\actions-runner\bin'
[2025-01-05 19:14:32Z INFO HostContext] Well known directory 'Root': 'C:\myPrivateRepo\GH_Actions_Repo\actions-runner'
[2025-01-05 19:14:32Z INFO HostContext] Well known directory 'Work': 'C:\myPrivateRepo\GH_Actions_Repo\actions-runner\asf_runner_folder'
[2025-01-05 19:14:32Z INFO HostContext] Well known directory 'Temp': 'C:\myPrivateRepo\GH_Actions_Repo\actions-runner\asf_runner_folder\_temp'
[2025-01-05 19:14:32Z INFO ExtensionManager] Getting extensions for interface: 'GitHub.Runner.Worker.IFileCommandExtension'
[2025-01-05 19:14:32Z INFO ExtensionManager] Getting extensions for interface: 'GitHub.Runner.Worker.IActionCommandExtension'
[2025-01-05 19:14:32Z INFO ActionCommandManager] Register action command extension for command internal-set-repo-path
[2025-01-05 19:14:32Z INFO ActionCommandManager] Register action command extension for command set-env
[2025-01-05 19:14:32Z INFO ActionCommandManager] Register action command extension for command set-output
[2025-01-05 19:14:32Z INFO ActionCommandManager] Register action command extension for command save-state
[2025-01-05 19:14:32Z INFO ActionCommandManager] Register action command extension for command add-path
[2025-01-05 19:14:32Z INFO ActionCommandManager] Register action command extension for command add-mask
[2025-01-05 19:14:32Z INFO ActionCommandManager] Register action command extension for command add-matcher
[2025-01-05 19:14:32Z INFO ActionCommandManager] Register action command extension for command remove-matcher
[2025-01-05 19:14:32Z INFO ActionCommandManager] Register action command extension for command warning
[2025-01-05 19:14:32Z INFO ActionCommandManager] Register action command extension for command error
[2025-01-05 19:14:32Z INFO ActionCommandManager] Register action command extension for command notice
[2025-01-05 19:14:32Z INFO ActionCommandManager] Register action command extension for command debug
[2025-01-05 19:14:32Z INFO ActionCommandManager] Register action command extension for command group
[2025-01-05 19:14:32Z INFO ActionCommandManager] Register action command extension for command endgroup
[2025-01-05 19:14:32Z INFO ActionCommandManager] Register action command extension for command echo
[2025-01-05 19:14:32Z INFO ScriptHandler] Which2: 'pwsh'
[2025-01-05 19:14:32Z INFO ScriptHandler] pwsh: command not found. Make sure 'pwsh' is installed and its location included in the 'Path' environment variable.
[2025-01-05 19:14:32Z INFO ScriptHandler] Defaulting to powershell
[2025-01-05 19:14:32Z INFO ScriptHandler] Which2: 'powershell'
[2025-01-05 19:14:32Z INFO ScriptHandler] Location: 'C:\WINDOWS\System32\WindowsPowerShell\v1.0\powershell.EXE'
[2025-01-05 19:14:32Z INFO HostContext] Well known directory 'Bin': 'C:\myPrivateRepo\GH_Actions_Repo\actions-runner\bin'
[2025-01-05 19:14:32Z INFO HostContext] Well known directory 'Root': 'C:\myPrivateRepo\GH_Actions_Repo\actions-runner'
[2025-01-05 19:14:32Z INFO HostContext] Well known directory 'Work': 'C:\myPrivateRepo\GH_Actions_Repo\actions-runner\asf_runner_folder'
[2025-01-05 19:14:32Z INFO HostContext] Well known directory 'Temp': 'C:\myPrivateRepo\GH_Actions_Repo\actions-runner\asf_runner_folder\_temp'
[2025-01-05 19:14:32Z INFO ScriptHandler] Which2: 'pwsh'
[2025-01-05 19:14:32Z INFO ScriptHandler] pwsh: command not found. Make sure 'pwsh' is installed and its location included in the 'Path' environment variable.
[2025-01-05 19:14:32Z INFO ScriptHandler] Defaulting to powershell
[2025-01-05 19:14:32Z INFO ScriptHandler] Which2: 'powershell'
[2025-01-05 19:14:32Z INFO ScriptHandler] Location: 'C:\WINDOWS\System32\WindowsPowerShell\v1.0\powershell.EXE'
[2025-01-05 19:14:32Z INFO ProcessInvokerWrapper] Starting process:
[2025-01-05 19:14:32Z INFO ProcessInvokerWrapper]   File name: 'C:\WINDOWS\System32\WindowsPowerShell\v1.0\powershell.EXE'
[2025-01-05 19:14:32Z INFO ProcessInvokerWrapper]   Arguments: '-command ". 'C:\myPrivateRepo\GH_Actions_Repo\actions-runner\asf_runner_folder\_temp\40cdc460-ae25-4d4d-9095-a5928ee32e19.ps1'"'
[2025-01-05 19:14:32Z INFO ProcessInvokerWrapper]   Working directory: 'C:\myPrivateRepo\GH_Actions_Repo\actions-runner\asf_runner_folder\GH_Actions_Repo\GH_Actions_Repo'
[2025-01-05 19:14:32Z INFO ProcessInvokerWrapper]   Require exit code zero: 'False'
[2025-01-05 19:14:32Z INFO ProcessInvokerWrapper]   Encoding web name:  ; code page: ''
[2025-01-05 19:14:32Z INFO ProcessInvokerWrapper]   Force kill process on cancellation: 'False'
[2025-01-05 19:14:32Z INFO ProcessInvokerWrapper]   Redirected STDIN: 'False'
[2025-01-05 19:14:32Z INFO ProcessInvokerWrapper]   Persist current code page: 'True'
[2025-01-05 19:14:32Z INFO ProcessInvokerWrapper]   Keep redirected STDIN open: 'False'
[2025-01-05 19:14:32Z INFO ProcessInvokerWrapper]   High priority process: 'False'
[2025-01-05 19:14:32Z INFO ProcessInvokerWrapper] Process started with process id 14564, waiting for process exit.
[2025-01-05 19:14:32Z INFO JobServerQueue] Try to append 1 batches web console lines for record '73e7cdb3-3672-5568-f57c-e6408aeea94b', success rate: 1/1.
[2025-01-05 19:14:32Z INFO JobServerQueue] Try to append 1 batches web console lines for record 'fa6e06da-fa1d-5eb9-47cd-1734f6f9bdfe', success rate: 1/1.
[2025-01-05 19:14:32Z INFO ProcessInvokerWrapper] STDOUT/STDERR stream read finished.
[2025-01-05 19:14:32Z INFO ProcessInvokerWrapper] STDOUT/STDERR stream read finished.
[2025-01-05 19:14:32Z INFO ProcessInvokerWrapper] Finished process 14564 with exit code 0, and elapsed time 00:00:00.2662948.
[2025-01-05 19:14:32Z INFO CreateStepSummaryCommand] Step Summary file (C:\myPrivateRepo\GH_Actions_Repo\actions-runner\asf_runner_folder\_temp\_runner_file_commands\step_summary_6e294997-4056-40f2-8e28-5446eb281e1a) is empty; skipping attachment upload
[2025-01-05 19:14:32Z INFO StepsRunner] Step result: 
[2025-01-05 19:14:32Z INFO ExecutionContext] Publish step telemetry for current step {
  "action": "powershell",
  "type": "run",
  "stage": "Main",
  "stepId": "fa6e06da-fa1d-5eb9-47cd-1734f6f9bdfe",
  "stepContextName": "__run",
  "result": "succeeded",
  "errorMessages": [],
  "executionTimeInSeconds": 1,
  "startTime": "2025-01-05T19:14:32.1630543Z",
  "finishTime": "2025-01-05T19:14:32.4701018Z"
}.
[2025-01-05 19:14:32Z INFO StepsRunner] No need for updating job result with current step result 'Succeeded'.
[2025-01-05 19:14:32Z INFO StepsRunner] Current state: job state = ''
[2025-01-05 19:14:32Z INFO JobRunner] Finalize job.
[2025-01-05 19:14:32Z INFO HostContext] Well known directory 'Bin': 'C:\myPrivateRepo\GH_Actions_Repo\actions-runner\bin'
[2025-01-05 19:14:32Z INFO HostContext] Well known directory 'Root': 'C:\myPrivateRepo\GH_Actions_Repo\actions-runner'
[2025-01-05 19:14:32Z INFO HostContext] Well known directory 'Diag': 'C:\myPrivateRepo\GH_Actions_Repo\actions-runner\_diag'
[2025-01-05 19:14:32Z INFO HostContext] Well known directory 'Bin': 'C:\myPrivateRepo\GH_Actions_Repo\actions-runner\bin'
[2025-01-05 19:14:32Z INFO HostContext] Well known directory 'Root': 'C:\myPrivateRepo\GH_Actions_Repo\actions-runner'
[2025-01-05 19:14:32Z INFO HostContext] Well known directory 'Diag': 'C:\myPrivateRepo\GH_Actions_Repo\actions-runner\_diag'
[2025-01-05 19:14:32Z INFO JobExtension] Initialize Env context
[2025-01-05 19:14:32Z INFO JobExtension] Initialize steps context
[2025-01-05 19:14:32Z INFO JobExtension] Total accessible running process: 391.
[2025-01-05 19:14:32Z INFO JobExtension] Inspecting process environment variables. PID: 4228 (chrome)
[2025-01-05 19:14:32Z INFO JobExtension] Inspecting process environment variables. PID: 40468 (git)
[2025-01-05 19:14:32Z INFO JobExtension] Inspecting process environment variables. PID: 40696 (conhost)
[2025-01-05 19:14:32Z INFO JobExtension] Inspecting process environment variables. PID: 12660 (git)
[2025-01-05 19:14:32Z INFO JobExtension] Inspecting process environment variables. PID: 14576 (git)
[2025-01-05 19:14:32Z INFO JobExtension] Wait for all connectivity checks to finish.
[2025-01-05 19:14:32Z INFO JobExtension] Connectivity check result: GitHub.Runner.Worker.JobExtension+CheckResult
[2025-01-05 19:14:32Z INFO JobExtension] Connectivity check result: GitHub.Runner.Worker.JobExtension+CheckResult
[2025-01-05 19:14:32Z INFO JobExtension] Connectivity check result: GitHub.Runner.Worker.JobExtension+CheckResult
[2025-01-05 19:14:32Z INFO JobExtension] Connectivity check result: GitHub.Runner.Worker.JobExtension+CheckResult
[2025-01-05 19:14:32Z INFO JobExtension] Connectivity check result: GitHub.Runner.Worker.JobExtension+CheckResult
[2025-01-05 19:14:32Z INFO ExecutionContext] Publish step telemetry for current step {
  "action": "complete_job",
  "type": "runner",
  "stage": "Post",
  "stepId": "31576ce6-eed1-4a4d-982a-4499e45b08e4",
  "result": "succeeded",
  "errorMessages": [],
  "executionTimeInSeconds": 1,
  "startTime": "2025-01-05T19:14:32.4855067Z",
  "finishTime": "2025-01-05T19:14:32.5077481Z"
}.
[2025-01-05 19:14:32Z INFO JobRunner] Job result after all job steps finish: Succeeded
[2025-01-05 19:14:32Z INFO JobRunner] Completing the job execution context.
[2025-01-05 19:14:32Z INFO JobRunner] Shutting down the job server queue.
[2025-01-05 19:14:32Z INFO JobServerQueue] Fire signal to shutdown all queues.
[2025-01-05 19:14:33Z INFO JobServerQueue] All queue process task stopped.
[2025-01-05 19:14:33Z INFO JobServerQueue] Try to append 1 batches web console lines for record 'fa6e06da-fa1d-5eb9-47cd-1734f6f9bdfe', success rate: 1/1.
[2025-01-05 19:14:33Z INFO JobServerQueue] Try to append 1 batches web console lines for record '31576ce6-eed1-4a4d-982a-4499e45b08e4', success rate: 1/1.
[2025-01-05 19:14:33Z INFO JobServerQueue] Web console line queue drained.
[2025-01-05 19:14:33Z INFO JobServerQueue] Uploading 4 files in one shot.
[2025-01-05 19:14:34Z INFO JobServerQueue] Try to upload 4 log files or attachments, success rate: 4/4.
[2025-01-05 19:14:34Z INFO JobServerQueue] File upload queue drained.
[2025-01-05 19:14:34Z INFO JobServerQueue] Starting results-based upload queue...
[2025-01-05 19:14:34Z INFO JobServerQueue] Uploading 4 file(s) in one shot through results service.
[2025-01-05 19:14:34Z INFO JobServerQueue] Got a step log file to send to results service.
[2025-01-05 19:14:34Z INFO JobServerQueue] Starting upload of step log file to results service ResultsLog, C:\myPrivateRepo\GH_Actions_Repo\actions-runner\_diag\blocks\4b2ae3d4-05f9-4cfb-802f-ed80de1da0ac_73e7cdb3-3672-5568-f57c-e6408aeea94b.1
[2025-01-05 19:14:35Z INFO JobServerQueue] Got a step log file to send to results service.
[2025-01-05 19:14:35Z INFO JobServerQueue] Starting upload of step log file to results service ResultsLog, C:\myPrivateRepo\GH_Actions_Repo\actions-runner\_diag\blocks\4b2ae3d4-05f9-4cfb-802f-ed80de1da0ac_fa6e06da-fa1d-5eb9-47cd-1734f6f9bdfe.1
[2025-01-05 19:14:35Z INFO JobServerQueue] Got a step log file to send to results service.
[2025-01-05 19:14:35Z INFO JobServerQueue] Starting upload of step log file to results service ResultsLog, C:\myPrivateRepo\GH_Actions_Repo\actions-runner\_diag\blocks\4b2ae3d4-05f9-4cfb-802f-ed80de1da0ac_31576ce6-eed1-4a4d-982a-4499e45b08e4.1
[2025-01-05 19:14:35Z INFO JobServerQueue] Got a job log file to send to results service.
[2025-01-05 19:14:35Z INFO JobServerQueue] Starting upload of job log file to results service ResultsLog, C:\myPrivateRepo\GH_Actions_Repo\actions-runner\_diag\blocks\4b2ae3d4-05f9-4cfb-802f-ed80de1da0ac_bb4a2341-4547-529b-0b61-d4e572cb554d.1
[2025-01-05 19:14:36Z INFO JobServerQueue] Tried to upload 4 file(s) to results, success rate: 4/4.
[2025-01-05 19:14:36Z INFO JobServerQueue] Results upload queue drained.
[2025-01-05 19:14:36Z INFO JobServerQueue] Timeline update queue drained.
[2025-01-05 19:14:36Z INFO JobServerQueue] Disposing job server ...
[2025-01-05 19:14:36Z INFO JobServerQueue] Disposing results server ...
[2025-01-05 19:14:36Z INFO JobServerQueue] All queue process tasks have been stopped, and all queues are drained.
[2025-01-05 19:14:36Z INFO JobServerQueue] Actions upload time: 1760 ms, Result upload time: 2559 ms
[2025-01-05 19:14:36Z INFO TempDirectoryManager] Cleaning runner temp folder: C:\myPrivateRepo\GH_Actions_Repo\actions-runner\asf_runner_folder\_temp
[2025-01-05 19:14:36Z INFO HostContext] Well known directory 'Bin': 'C:\myPrivateRepo\GH_Actions_Repo\actions-runner\bin'
[2025-01-05 19:14:36Z INFO HostContext] Well known directory 'Root': 'C:\myPrivateRepo\GH_Actions_Repo\actions-runner'
[2025-01-05 19:14:36Z INFO HostContext] Well known directory 'Diag': 'C:\myPrivateRepo\GH_Actions_Repo\actions-runner\_diag'
[2025-01-05 19:14:36Z INFO HostContext] Well known config file 'Telemetry': 'C:\myPrivateRepo\GH_Actions_Repo\actions-runner\_diag\.telemetry'
[2025-01-05 19:14:36Z INFO JobRunner] Raising job completed event
[2025-01-05 19:14:36Z INFO Worker] Job completed.
